<?xml version="1.0" encoding="UTF-8"?><TestSessionContainer xmlns="http://www.codecover.org/xml/testsession-container" Date="1366000971376" TestSessionContainerId="f39b9552-8030-44f7-87a3-01c490499eb4" version="1.0">
<SrcFileList>
<SrcFile Content="package model;&#13;&#10;&#13;&#10;import java.awt.Desktop;&#13;&#10;import java.awt.event.ActionEvent;&#13;&#10;import java.awt.event.ActionListener;&#13;&#10;//import java.io.BufferedReader;&#13;&#10;import java.io.File;&#13;&#10;//import java.io.FileNotFoundException;&#13;&#10;import java.io.FileWriter;&#13;&#10;import java.io.IOException;&#13;&#10;//import java.io.InputStreamReader;&#13;&#10;import java.io.PrintWriter;&#13;&#10;import java.net.MalformedURLException;&#13;&#10;import java.net.URI;&#13;&#10;import java.net.URISyntaxException;&#13;&#10;import java.net.URL;&#13;&#10;import java.util.ArrayList;&#13;&#10;import java.util.Date;&#13;&#10;import java.util.List;&#13;&#10;import java.util.Scanner;&#13;&#10;&#13;&#10;import javax.swing.ImageIcon;&#13;&#10;//import javax.swing.JEditorPane;&#13;&#10;//import javax.swing.JFileChooser;&#13;&#10;import javax.swing.JFrame;&#13;&#10;import javax.swing.JOptionPane;&#13;&#10;//import javax.swing.JScrollPane;&#13;&#10;import javax.swing.event.HyperlinkEvent;&#13;&#10;import javax.swing.event.HyperlinkListener;&#13;&#10;import javax.swing.table.AbstractTableModel;&#13;&#10;//import javax.swing.table.TableModel;&#13;&#10;&#13;&#10;import twitter4j.AccountSettings;&#13;&#10;import twitter4j.DirectMessage;&#13;&#10;import twitter4j.Location;&#13;&#10;import twitter4j.Paging;&#13;&#10;import twitter4j.ResponseList;&#13;&#10;import twitter4j.Status;&#13;&#10;import twitter4j.Trends;&#13;&#10;import twitter4j.User;&#13;&#10;import twitter4j.Twitter;&#13;&#10;import twitter4j.TwitterException;&#13;&#10;import twitter4j.TwitterFactory;&#13;&#10;import twitter4j.auth.AccessToken;&#13;&#10;import twitter4j.auth.RequestToken;&#13;&#10;import twitter4j.conf.ConfigurationBuilder;&#13;&#10;&#13;&#10;/**&#13;&#10; * . TwitModel.class&#13;&#10; * &#13;&#10; * Does all of the calculating for the TwitterLite&#13;&#10; * &#13;&#10; * @author Ben&#13;&#10; */&#13;&#10;@SuppressWarnings(&quot;serial&quot;)&#13;&#10;public class TwitModel extends AbstractTableModel implements HyperlinkListener,&#13;&#10;&#9;&#9;ActionListener {&#13;&#10;&#9;/** Stores the current date. */&#13;&#10;&#9;private Date date;&#13;&#10;&#9;/** Stores the username. */&#13;&#10;&#9;private String loginName;&#13;&#10;&#9;/** Stores a user's actual name. */&#13;&#10;&#9;private String displayName;&#13;&#10;&#9;/** Stores the number of followers. */&#13;&#10;&#9;private int followers;&#13;&#10;&#9;/** Stores the number of friends. */&#13;&#10;&#9;private int friends;&#13;&#10;&#9;/** Store whether or not is a favorite. */&#13;&#10;&#9;private boolean fave;&#13;&#10;&#9;/** Stores the text of a Status. */&#13;&#10;&#9;private String text;&#13;&#10;&#9;/** Stores a Tweet sent/received. */&#13;&#10;&#9;private Tweet t;&#13;&#10;&#9;/** Stores an ArrayList of tweets. */&#13;&#10;&#9;private ArrayList&lt;MyTweet&gt; myTweets;&#13;&#10;&#9;/** Main twitter variable holds a twitter instance. */&#13;&#10;&#9;private Twitter twitter;&#13;&#10;&#9;/** String array contains names of column headings. */&#13;&#10;&#9;private String[] columnNames = { &quot;Date&quot;, &quot;Login Name&quot;, &quot;Display Name&quot;,&#13;&#10;&#9;&#9;&#9;&quot;Freinds&quot;, &quot;Followers&quot;, &quot;Favorite&quot; };&#13;&#10;&#9;/** Frame of the Login OptionPane. */&#13;&#10;&#9;private JFrame frame;&#13;&#10;&#9;/** Configuration Builder for Authentication Method. */&#13;&#10;&#9;private ConfigurationBuilder cb;&#13;&#10;&#9;/** TwitterFactor gets twitter instance for Authentication. */&#13;&#10;&#9;private TwitterFactory tf;&#13;&#10;&#9;/** RequestToken for login authentication. */&#13;&#10;&#9;private RequestToken requestToken;&#13;&#10;&#9;/** AccessToken for login authentication. */&#13;&#10;&#9;private AccessToken accessToken;&#13;&#10;&#9;/** User to use as the login within authentication. */&#13;&#10;&#9;private User user;&#13;&#10;&#9;/** Custom class for storing favorite users. */&#13;&#10;&#9;private FavoritesUtility favorites;&#13;&#10;&#9;private Location[] trendsLocations;&#13;&#10;&#13;&#10;&#9;/**&#13;&#10;&#9; * The Constructor for TwitModel().&#13;&#10;&#9; * &#13;&#10;&#9; * @throws TwitterException&#13;&#10;&#9; */&#13;&#10;&#13;&#10;&#9;public TwitModel() throws TwitterException {&#13;&#10;&#9;&#9;favorites = new FavoritesUtility();&#13;&#10;&#13;&#10;&#9;&#9;myTweets = new ArrayList&lt;MyTweet&gt;();&#13;&#10;&#9;&#9;// wordCounter = new ArrayList&lt;Word&gt;();&#13;&#10;&#13;&#10;&#9;}&#13;&#10;&#13;&#10;&#9;/**&#13;&#10;&#9; * Gets the values to be displayed within the Table.&#13;&#10;&#9; * &#13;&#10;&#9; * @return val&#13;&#10;&#9; * @param row&#13;&#10;&#9; *            specified row of the table&#13;&#10;&#9; * @param col&#13;&#10;&#9; *            specified column of the table&#13;&#10;&#9; */&#13;&#10;&#9;public final Object getValueAt(final int row, final int col) {&#13;&#10;&#9;&#9;Object val = null;&#13;&#10;&#9;&#9;switch (col) {&#13;&#10;&#9;&#9;case 0:&#13;&#10;&#9;&#9;&#9;val = myTweets.get(row).getCreatedAt();&#13;&#10;&#9;&#9;&#9;break;&#13;&#10;&#9;&#9;case 1:&#13;&#10;&#9;&#9;&#9;val = myTweets.get(row).getLoginName();&#13;&#10;&#9;&#9;&#9;break;&#13;&#10;&#9;&#9;case 2:&#13;&#10;&#9;&#9;&#9;val = myTweets.get(row).getDisplayName();&#13;&#10;&#9;&#9;&#9;break;&#13;&#10;&#9;&#9;case 3:&#13;&#10;&#9;&#9;&#9;val = myTweets.get(row).getFriendsCount();&#13;&#10;&#9;&#9;&#9;break;&#13;&#10;&#9;&#9;case 4:&#13;&#10;&#9;&#9;&#9;val = myTweets.get(row).getFollowersCount();&#13;&#10;&#9;&#9;&#9;break;&#13;&#10;&#9;&#9;case 5:&#13;&#10;&#9;&#9;&#9;if ((getFavorite(myTweets.get(row).getDisplayName()) == false)) {&#13;&#10;&#9;&#9;&#9;&#9;val = &quot;false&quot;;&#13;&#10;&#9;&#9;&#9;} else {&#13;&#10;&#9;&#9;&#9;&#9;val = &quot;true&quot;;&#13;&#10;&#9;&#9;&#9;}&#13;&#10;&#9;&#9;default:&#13;&#10;&#9;&#9;}&#13;&#10;&#9;&#9;return val;&#13;&#10;&#9;}&#13;&#10;&#13;&#10;&#9;/**&#13;&#10;&#9; * Creates the column Names.&#13;&#10;&#9; * &#13;&#10;&#9; * @param column&#13;&#10;&#9; *            specific column to get the name of&#13;&#10;&#9; * @return String containing the column name&#13;&#10;&#9; */&#13;&#10;&#9;@Override&#13;&#10;&#9;public final String getColumnName(final int column) {&#13;&#10;&#9;&#9;return columnNames[column];&#13;&#10;&#9;}&#13;&#10;&#13;&#10;&#9;/**&#13;&#10;&#9; * Adds a tweet to the table from the ArrayList.&#13;&#10;&#9; * &#13;&#10;&#9; * @param tweet&#13;&#10;&#9; *            - arrayList being passed into the Table&#13;&#10;&#9; */&#13;&#10;&#9;public final void add(final MyTweet tweet) {&#13;&#10;&#9;&#9;if (tweet != null) {&#13;&#10;&#9;&#9;&#9;myTweets.add(tweet);&#13;&#10;&#9;&#9;&#9;fireTableRowsInserted(myTweets.size() - 1, myTweets.size());&#13;&#10;&#9;&#9;}&#13;&#10;&#9;}&#13;&#10;&#13;&#10;&#9;/**&#13;&#10;&#9; * Removes a Tweets from the array List.&#13;&#10;&#9; * &#13;&#10;&#9; * @param index&#13;&#10;&#9; *            - Position of the value&#13;&#10;&#9; */&#13;&#10;&#9;public final void remove(final int index) {&#13;&#10;&#9;&#9;try {&#13;&#10;&#9;&#9;&#9;myTweets.remove(index);&#13;&#10;&#9;&#9;&#9;fireTableRowsDeleted(index, index);&#13;&#10;&#9;&#9;&#9;return;&#13;&#10;&#9;&#9;} catch (IndexOutOfBoundsException e) {&#13;&#10;&#9;&#9;&#9;JOptionPane.showMessageDialog(null, &quot;Invalid Selection&quot;,&#13;&#10;&#9;&#9;&#9;&#9;&#9;&quot;Invalid action&quot;, JOptionPane.ERROR_MESSAGE);&#13;&#10;&#9;&#9;}&#13;&#10;&#9;}&#13;&#10;&#13;&#10;&#9;/**&#13;&#10;&#9; * Gets the Status of the specified userName.&#13;&#10;&#9; * &#13;&#10;&#9; * @param userName&#13;&#10;&#9; *            - user that is being searched for&#13;&#10;&#9; * @return Status - status of the given userName&#13;&#10;&#9; */&#13;&#10;&#9;public final Status retrieveStatus(final String userName) {&#13;&#10;&#9;&#9;User tempUser = null;&#13;&#10;&#9;&#9;try {&#13;&#10;&#9;&#9;&#9;tempUser = twitter.showUser(userName);&#13;&#10;&#13;&#10;&#9;&#9;} catch (TwitterException e) {&#13;&#10;&#9;&#9;&#9;JOptionPane.showMessageDialog(null,&#13;&#10;&#9;&#9;&#9;&#9;&#9;&quot;Could not get Status of user \&quot;&quot; + userName + &quot;\&quot;&quot;);&#13;&#10;&#9;&#9;}&#13;&#10;&#13;&#10;&#9;&#9;return tempUser.getStatus();&#13;&#10;&#9;}&#13;&#10;&#13;&#10;&#9;/**&#13;&#10;&#9; * Gets the status timeline of a particular user.&#13;&#10;&#9; * &#13;&#10;&#9; * @return List of Timeline Statuses&#13;&#10;&#9; * @throws TwitterException&#13;&#10;&#9; */&#13;&#10;&#9;public final List&lt;Status&gt; retriveTimeline() throws TwitterException {&#13;&#10;&#13;&#10;&#9;&#9;List&lt;Status&gt; statuses = twitter.getHomeTimeline();&#13;&#10;&#13;&#10;&#9;&#9;for (Status status : statuses) {&#13;&#10;&#9;&#9;&#9;arrayListGenerator(status);&#13;&#10;&#9;&#9;}&#13;&#10;&#9;&#9;return statuses;&#13;&#10;&#9;}&#13;&#10;&#13;&#10;&#9;/**&#13;&#10;&#9; * Gets the size of an Array List.&#13;&#10;&#9; * &#13;&#10;&#9; * @return - myTweets.size() - size of myTweets&#13;&#10;&#9; */&#13;&#10;&#9;public final int getArrayListSize() {&#13;&#10;&#9;&#9;return myTweets.size();&#13;&#10;&#9;}&#13;&#10;&#13;&#10;&#9;/**&#13;&#10;&#9; * Creates the ArrayList Generator.&#13;&#10;&#9; * &#13;&#10;&#9; * @param status&#13;&#10;&#9; *            - the current status of a twitter user&#13;&#10;&#9; */&#13;&#10;&#9;public final void arrayListGenerator(final Status status) {&#13;&#10;&#9;&#9;date = status.getCreatedAt();&#13;&#10;&#9;&#9;loginName = status.getUser().getScreenName();&#13;&#10;&#9;&#9;displayName = status.getUser().getName();&#13;&#10;&#9;&#9;followers = status.getUser().getFollowersCount();&#13;&#10;&#9;&#9;friends = status.getUser().getFriendsCount();&#13;&#10;&#9;&#9;text = status.getText();&#13;&#10;&#9;&#9;fave = getFavorite(status.getUser().getName());&#13;&#10;&#9;&#9;t = new Tweet(date, loginName, displayName, followers, friends, text,&#13;&#10;&#9;&#9;&#9;&#9;fave);&#13;&#10;&#9;&#9;add(t);&#13;&#10;&#9;}&#13;&#10;&#13;&#10;&#9;/**&#13;&#10;&#9; * Retrieves the status of the selected index.&#13;&#10;&#9; * &#13;&#10;&#9; * @param index&#13;&#10;&#9; *            - index that is selected&#13;&#10;&#9; * @return - the text of that index.&#13;&#10;&#9; */&#13;&#10;&#9;public final String retriveDisplayStatis(final int index) {&#13;&#10;&#9;&#9;return myTweets.get(index).getText();&#13;&#10;&#9;}&#13;&#10;&#13;&#10;&#9;/**&#13;&#10;&#9; * getWordSearch gets what is being searched and produces an arrayList.&#13;&#10;&#9; * &#13;&#10;&#9; * @param keyWord&#13;&#10;&#9; *            - word being searched&#13;&#10;&#9; */&#13;&#10;&#9;public void getWordSearch(final String keyWord) {&#13;&#10;&#13;&#10;&#9;}&#13;&#10;&#13;&#10;&#9;/**&#13;&#10;&#9; * Gets the phrase that is being searched.&#13;&#10;&#9; * &#13;&#10;&#9; * @param keyWord&#13;&#10;&#9; *            - keyword&#13;&#10;&#9; * @param phrase&#13;&#10;&#9; *            - phrase&#13;&#10;&#9; */&#13;&#10;&#9;public void getPhraseSearch(final String keyWord, final String phrase) {&#13;&#10;&#13;&#10;&#9;}&#13;&#10;&#13;&#10;&#9;public final void addFavorite(final String dsplayName) {&#13;&#10;&#9;&#9;favorites.addFavoriteUser(dsplayName);&#13;&#10;&#9;}&#13;&#10;&#13;&#10;&#9;public final void delteFavorite(final String dsplayName) {&#13;&#10;&#9;&#9;favorites.removeFavorite(dsplayName);&#13;&#10;&#9;}&#13;&#10;&#13;&#10;&#9;public final void clearFavoriteList() {&#13;&#10;&#9;&#9;favorites.clearList();&#13;&#10;&#9;}&#13;&#10;&#13;&#10;&#9;public final void getFStringList() {&#13;&#10;&#9;&#9;favorites.getStringList();&#13;&#10;&#9;}&#13;&#10;&#13;&#10;&#9;public final void saveFavorites(final String username) {&#13;&#10;&#9;&#9;favorites.saveFavorites();&#13;&#10;&#9;}&#13;&#10;&#13;&#10;&#9;public final void loadFavorites(final String username) {&#13;&#10;&#9;&#9;favorites.loadFavorites(username);&#13;&#10;&#9;}&#13;&#10;&#13;&#10;&#9;private boolean getFavorite(final String username) {&#13;&#10;&#9;&#9;if (favorites.getStringList().contains(username)) {&#13;&#10;&#13;&#10;&#9;&#9;&#9;return true;&#13;&#10;&#9;&#9;} else {&#13;&#10;&#9;&#9;&#9;return false;&#13;&#10;&#9;&#9;}&#13;&#10;&#9;}&#13;&#10;&#13;&#10;&#9;public boolean getFavoriteStatus() {&#13;&#10;&#9;&#9;return false;&#13;&#10;&#9;}&#13;&#10;&#13;&#10;&#9;/**&#13;&#10;&#9; * Gets the number of people a particular user has following them.&#13;&#10;&#9; * &#13;&#10;&#9; * @param user&#13;&#10;&#9; *            - The user to get to get the number of followers for&#13;&#10;&#9; * @return the number of people a particular user has following them&#13;&#10;&#9; */&#13;&#10;&#9;public final int getFriendsNumber(final User usr) {&#13;&#10;&#9;&#9;int length = 0;&#13;&#10;&#9;&#9;try {&#13;&#10;&#9;&#9;&#9;length = twitter.getFriendsIDs(usr.getId(), -1).getIDs().length;&#13;&#10;&#9;&#9;} catch (TwitterException ex) {&#13;&#10;&#9;&#9;&#9;System.err.println(&quot;Problem getting number of friends&quot;);&#13;&#10;&#9;&#9;}&#13;&#10;&#9;&#9;return length;&#13;&#10;&#9;}&#13;&#10;&#13;&#10;&#9;/**&#13;&#10;&#9; * Authenticates a user.&#13;&#10;&#9; * &#13;&#10;&#9; * @param userName&#13;&#10;&#9; * @param userKey&#13;&#10;&#9; * @param userSecret&#13;&#10;&#9; * @param token&#13;&#10;&#9; * @param tokenSecret&#13;&#10;&#9; * @throws TwitterException&#13;&#10;&#9; * @throws IllegalStateException&#13;&#10;&#9; * @throws IOException&#13;&#10;&#9; */&#13;&#10;&#9;public final void authenticate() throws IllegalStateException,&#13;&#10;&#9;&#9;&#9;TwitterException, IOException {&#13;&#10;&#13;&#10;&#9;&#9;cb = new ConfigurationBuilder();&#13;&#10;&#13;&#10;&#9;&#9;cb.setDebugEnabled(true)&#13;&#10;&#9;&#9;&#9;&#9;.setOAuthConsumerKey(&quot;UP8vf0xlwUkPHvikkEBXQ&quot;)&#13;&#10;&#9;&#9;&#9;&#9;.setOAuthConsumerSecret(&#13;&#10;&#9;&#9;&#9;&#9;&#9;&#9;&quot;62H0idR3HypsRitEUQI3j2ugqTINXybjeBSLr4QH78&quot;);&#13;&#10;&#13;&#10;&#9;&#9;tf = new TwitterFactory(cb.build());&#13;&#10;&#9;&#9;twitter = tf.getInstance();&#13;&#10;&#13;&#10;&#9;&#9;String username = JOptionPane.showInputDialog(frame, &quot;User Name&quot;);&#13;&#10;&#9;&#9;if (username == null) {&#13;&#10;&#9;&#9;&#9;System.exit(0);&#13;&#10;&#9;&#9;}&#13;&#10;&#13;&#10;&#9;&#9;File file = new File(&quot;loginInformation.txt&quot;);&#13;&#10;&#13;&#10;&#9;&#9;Scanner scanner = new Scanner(file);&#13;&#10;&#13;&#10;&#9;&#9;while (scanner.hasNextLine()) {&#13;&#10;&#13;&#10;&#9;&#9;&#9;String line = scanner.nextLine();&#13;&#10;&#13;&#10;&#9;&#9;&#9;String[] s = line.split(&quot;, &quot;);&#13;&#10;&#9;&#9;&#9;// s[1].trim();&#13;&#10;&#9;&#9;&#9;// s[2].trim();&#13;&#10;&#13;&#10;&#9;&#9;&#9;if (s[0].equals(username)) {&#13;&#10;&#9;&#9;&#9;&#9;accessToken = new AccessToken(s[1], s[2]);&#13;&#10;&#9;&#9;&#9;&#9;twitter.setOAuthAccessToken(accessToken);&#13;&#10;&#9;&#9;&#9;&#9;user = twitter.showUser(twitter.getId());&#13;&#10;&#9;&#9;&#9;}&#13;&#10;&#13;&#10;&#9;&#9;}&#13;&#10;&#9;&#9;favorites.loadFavorites(username);&#13;&#10;&#9;&#9;if (accessToken != null) {&#13;&#10;&#9;&#9;&#9;scanner.close();&#13;&#10;&#9;&#9;&#9;return;&#13;&#10;&#9;&#9;} else {&#13;&#10;&#13;&#10;&#9;&#9;&#9;try {&#13;&#10;&#13;&#10;&#9;&#9;&#9;&#9;try {&#13;&#10;&#9;&#9;&#9;&#9;&#9;// get request token.&#13;&#10;&#9;&#9;&#9;&#9;&#9;// this will throw IllegalStateException if access token is&#13;&#10;&#9;&#9;&#9;&#9;&#9;// already available&#13;&#10;&#9;&#9;&#9;&#9;&#9;requestToken = twitter.getOAuthRequestToken();&#13;&#10;&#13;&#10;&#9;&#9;&#9;&#9;&#9;accessToken = null;&#13;&#10;&#13;&#10;&#9;&#9;&#9;&#9;&#9;while (null == accessToken) {&#13;&#10;&#13;&#10;&#9;&#9;&#9;&#9;&#9;&#9;URL url = new URL(requestToken.getAuthenticationURL());&#13;&#10;&#13;&#10;&#9;&#9;&#9;&#9;&#9;&#9;openWebpage(url);&#13;&#10;&#13;&#10;&#9;&#9;&#9;&#9;&#9;&#9;String pin = JOptionPane.showInputDialog(frame,&#13;&#10;&#9;&#9;&#9;&#9;&#9;&#9;&#9;&#9;&quot;Enter the PIN(if available) and hit ok.&quot;);&#13;&#10;&#13;&#10;&#9;&#9;&#9;&#9;&#9;&#9;try {&#13;&#10;&#9;&#9;&#9;&#9;&#9;&#9;&#9;if (pin.length() &gt; 0) {&#13;&#10;&#9;&#9;&#9;&#9;&#9;&#9;&#9;&#9;accessToken = twitter.getOAuthAccessToken(&#13;&#10;&#9;&#9;&#9;&#9;&#9;&#9;&#9;&#9;&#9;&#9;requestToken, pin);&#13;&#10;&#9;&#9;&#9;&#9;&#9;&#9;&#9;} else {&#13;&#10;&#9;&#9;&#9;&#9;&#9;&#9;&#9;&#9;accessToken = twitter&#13;&#10;&#9;&#9;&#9;&#9;&#9;&#9;&#9;&#9;&#9;&#9;.getOAuthAccessToken(requestToken);&#13;&#10;&#9;&#9;&#9;&#9;&#9;&#9;&#9;}&#13;&#10;&#9;&#9;&#9;&#9;&#9;&#9;} catch (TwitterException te) {&#13;&#10;&#9;&#9;&#9;&#9;&#9;&#9;&#9;if (401 == te.getStatusCode()) {&#13;&#10;&#13;&#10;&#9;&#9;&#9;&#9;&#9;&#9;&#9;&#9;JOptionPane.showMessageDialog(frame,&#13;&#10;&#9;&#9;&#9;&#9;&#9;&#9;&#9;&#9;&#9;&#9;&quot;Unable to get the access token.&quot;,&#13;&#10;&#9;&#9;&#9;&#9;&#9;&#9;&#9;&#9;&#9;&#9;&quot;Inane error&quot;,&#13;&#10;&#9;&#9;&#9;&#9;&#9;&#9;&#9;&#9;&#9;&#9;JOptionPane.ERROR_MESSAGE);&#13;&#10;&#9;&#9;&#9;&#9;&#9;&#9;&#9;&#9;te.printStackTrace();&#13;&#10;&#13;&#10;&#9;&#9;&#9;&#9;&#9;&#9;&#9;&#9;// System.out.println(&quot;Unable to get the access token.&quot;);&#13;&#10;&#9;&#9;&#9;&#9;&#9;&#9;&#9;} else {&#13;&#10;&#9;&#9;&#9;&#9;&#9;&#9;&#9;&#9;te.printStackTrace();&#13;&#10;&#9;&#9;&#9;&#9;&#9;&#9;&#9;}&#13;&#10;&#9;&#9;&#9;&#9;&#9;&#9;}&#13;&#10;&#9;&#9;&#9;&#9;&#9;}&#13;&#10;&#13;&#10;&#9;&#9;&#9;&#9;} catch (IllegalStateException ie) {&#13;&#10;&#9;&#9;&#9;&#9;&#9;// access token is already available, or consumer key/secret&#13;&#10;&#9;&#9;&#9;&#9;&#9;// is not set.&#13;&#10;&#9;&#9;&#9;&#9;&#9;if (!twitter.getAuthorization().isEnabled()) {&#13;&#10;&#9;&#9;&#9;&#9;&#9;&#9;System.out&#13;&#10;&#9;&#9;&#9;&#9;&#9;&#9;&#9;&#9;.println(&quot;OAuth consumer key/secret is not set.&quot;);&#13;&#10;&#9;&#9;&#9;&#9;&#9;&#9;System.exit(-1);&#13;&#10;&#9;&#9;&#9;&#9;&#9;}&#13;&#10;&#9;&#9;&#9;&#9;}&#13;&#10;&#13;&#10;&#9;&#9;&#9;} catch (NullPointerException np) {&#13;&#10;&#9;&#9;&#9;&#9;System.out.println(&quot;Exiting&quot;);&#13;&#10;&#9;&#9;&#9;&#9;System.exit(0);&#13;&#10;&#9;&#9;&#9;}&#13;&#10;&#13;&#10;&#9;&#9;&#9;// user = twitter.showUser(twitter.getId());&#13;&#10;&#13;&#10;&#9;&#9;&#9;PrintWriter out = new PrintWriter(new FileWriter(&#13;&#10;&#9;&#9;&#9;&#9;&#9;&quot;./loginInformation.txt&quot;, true));&#13;&#10;&#9;&#9;&#9;String saveFile = &quot;&quot;;&#13;&#10;&#13;&#10;&#9;&#9;&#9;user = twitter.showUser(twitter.getId());&#13;&#10;&#9;&#9;&#9;System.out.println(user.getName());&#13;&#10;&#13;&#10;&#9;&#9;&#9;saveFile += user.getName() + &quot;, &quot; + accessToken.getToken() + &quot;, &quot;&#13;&#10;&#9;&#9;&#9;&#9;&#9;+ accessToken.getTokenSecret();&#13;&#10;&#9;&#9;&#9;scanner.close();&#13;&#10;&#9;&#9;&#9;out.println();&#13;&#10;&#9;&#9;&#9;out.print(saveFile);&#13;&#10;&#9;&#9;&#9;out.close();&#13;&#10;&#9;&#9;}&#13;&#10;&#9;&#9;user = twitter.showUser(twitter.getId());&#13;&#10;&#9;}&#13;&#10;&#13;&#10;&#9;public static void openWebpage(final URI uri) {&#13;&#10;&#9;&#9;Desktop desktop = null;&#13;&#10;&#9;&#9;if (Desktop.isDesktopSupported()) {&#13;&#10;&#9;&#9;&#9;desktop = Desktop.getDesktop();&#13;&#10;&#9;&#9;}&#13;&#10;&#9;&#9;if (desktop != null &amp;&amp; desktop.isSupported(Desktop.Action.BROWSE)) {&#13;&#10;&#9;&#9;&#9;try {&#13;&#10;&#9;&#9;&#9;&#9;desktop.browse(uri);&#13;&#10;&#9;&#9;&#9;} catch (Exception e) {&#13;&#10;&#9;&#9;&#9;&#9;e.printStackTrace();&#13;&#10;&#9;&#9;&#9;}&#13;&#10;&#9;&#9;}&#13;&#10;&#9;}&#13;&#10;&#13;&#10;&#9;public static void openWebpage(final URL url) {&#13;&#10;&#9;&#9;try {&#13;&#10;&#9;&#9;&#9;openWebpage(url.toURI());&#13;&#10;&#9;&#9;} catch (URISyntaxException e) {&#13;&#10;&#9;&#9;&#9;e.printStackTrace();&#13;&#10;&#9;&#9;}&#13;&#10;&#9;}&#13;&#10;&#13;&#10;&#9;public final void logout() {&#13;&#10;&#9;&#9;twitter.setOAuthAccessToken(null);&#13;&#10;&#9;&#9;favorites.saveFavorites();&#13;&#10;&#9;&#9;accessToken = null;&#13;&#10;&#9;}&#13;&#10;&#13;&#10;&#9;/**&#13;&#10;&#9; * sets a new status for the current user.&#13;&#10;&#9; * &#13;&#10;&#9; * @param post&#13;&#10;&#9; *            - String containing text of updated status&#13;&#10;&#9; * @throws TwitterException&#13;&#10;&#9; */&#13;&#10;&#9;public final void updateStatus(final String post) throws TwitterException {&#13;&#10;&#13;&#10;&#9;&#9;int count = 0;&#13;&#10;&#9;&#9;int start = 0;&#13;&#10;&#9;&#9;int end = 140;&#13;&#10;&#13;&#10;&#9;&#9;String[] SplitMessage = new String[30];&#13;&#10;&#13;&#10;&#9;&#9;System.out.println(&quot;Message Length: &quot; + post.length());&#13;&#10;&#13;&#10;&#9;&#9;if (post.length() &gt; 140) {&#13;&#10;&#9;&#9;&#9;while (end &lt; post.length()) {&#13;&#10;&#9;&#9;&#9;&#9;SplitMessage[count] = post.substring(start, end);&#13;&#10;&#9;&#9;&#9;&#9;count++;&#13;&#10;&#9;&#9;&#9;&#9;start += 140;&#13;&#10;&#9;&#9;&#9;&#9;end += 140;&#13;&#10;&#9;&#9;&#9;&#9;System.out.println(&quot;Start: &quot; + start);&#13;&#10;&#9;&#9;&#9;&#9;System.out.println(&quot;End: &quot; + end);&#13;&#10;&#9;&#9;&#9;}&#13;&#10;&#13;&#10;&#9;&#9;&#9;end -= 140;&#13;&#10;&#9;&#9;&#9;SplitMessage[count] = post.substring(end, post.length());&#13;&#10;&#9;&#9;}&#13;&#10;&#13;&#10;&#9;&#9;count = 0;&#13;&#10;&#13;&#10;&#9;&#9;while (SplitMessage[count] != null) {&#13;&#10;&#9;&#9;&#9;twitter.updateStatus(SplitMessage[count]);&#13;&#10;&#9;&#9;&#9;count++;&#13;&#10;&#9;&#9;&#9;System.out.println(&quot;Test2&quot;);&#13;&#10;&#9;&#9;}&#13;&#10;&#9;&#9;if (SplitMessage[0] == null) {&#13;&#10;&#9;&#9;&#9;twitter.updateStatus(post);&#13;&#10;&#9;&#9;&#9;System.out.println(&quot;Test3&quot;);&#13;&#10;&#9;&#9;}&#13;&#10;&#9;}&#13;&#10;&#13;&#10;&#9;/**&#13;&#10;&#9; * Gets he column length.&#13;&#10;&#9; * &#13;&#10;&#9; * @return columnName.length();&#13;&#10;&#9; */&#13;&#10;&#9;@Override&#13;&#10;&#9;public final int getColumnCount() {&#13;&#10;&#9;&#9;return columnNames.length;&#13;&#10;&#9;}&#13;&#10;&#13;&#10;&#9;/**&#13;&#10;&#9; * gets the rowCount.&#13;&#10;&#9; * &#13;&#10;&#9; * @return myTweets.size();&#13;&#10;&#9; */&#13;&#10;&#9;@Override&#13;&#10;&#9;public final int getRowCount() {&#13;&#10;&#9;&#9;return myTweets.size();&#13;&#10;&#9;}&#13;&#10;&#13;&#10;&#9;public final ImageIcon getProfileImage() throws IllegalStateException,&#13;&#10;&#9;&#9;&#9;TwitterException, MalformedURLException {&#13;&#10;&#13;&#10;&#9;&#9;URL url = new URL(twitter.showUser(twitter.getId())&#13;&#10;&#9;&#9;&#9;&#9;.getBiggerProfileImageURL());&#13;&#10;&#9;&#9;ImageIcon icon = new ImageIcon(url);&#13;&#10;&#13;&#10;&#9;&#9;return icon;&#13;&#10;&#9;}&#13;&#10;&#13;&#10;&#9;@Override&#13;&#10;&#9;public void actionPerformed(final ActionEvent arg0) {&#13;&#10;&#13;&#10;&#9;}&#13;&#10;&#13;&#10;&#9;@Override&#13;&#10;&#9;public void hyperlinkUpdate(final HyperlinkEvent arg0) {&#13;&#10;&#13;&#10;&#9;}&#13;&#10;&#13;&#10;&#9;public final String getRealName(long userId) throws TwitterException {&#13;&#10;&#9;&#9;return twitter.showUser(userId).getName();&#13;&#10;&#9;}&#13;&#10;&#13;&#10;&#9;public final String getScreenName() {&#13;&#10;&#9;&#9;return user.getScreenName();&#13;&#10;&#9;}&#13;&#10;&#13;&#10;&#9;public final int getTweets() {&#13;&#10;&#9;&#9;return user.getStatusesCount();&#13;&#10;&#9;}&#13;&#10;&#13;&#10;&#9;public final int getFollowersCount() {&#13;&#10;&#9;&#9;return user.getFollowersCount();&#13;&#10;&#9;}&#13;&#10;&#13;&#10;&#9;public final int getFollowingCount() {&#13;&#10;&#9;&#9;return user.getFriendsCount();&#13;&#10;&#9;}&#13;&#10;&#13;&#10;&#9;public final int getRateLimit() {&#13;&#10;&#9;&#9;return user.getRateLimitStatus().getLimit();&#13;&#10;&#9;}&#13;&#10;&#13;&#10;&#9;public final int getLimitRemaining() {&#13;&#10;&#9;&#9;return user.getRateLimitStatus().getRemaining();&#13;&#10;&#9;}&#13;&#10;&#13;&#10;&#9;public void removeFavoriteUser(final int index) {&#13;&#10;&#9;&#9;try {&#13;&#10;&#13;&#10;&#9;&#9;&#9;fireTableDataChanged();&#13;&#10;&#9;&#9;&#9;return;&#13;&#10;&#9;&#9;} catch (IndexOutOfBoundsException e) {&#13;&#10;&#9;&#9;&#9;JOptionPane.showMessageDialog(null, &quot;Invalid Selection&quot;,&#13;&#10;&#9;&#9;&#9;&#9;&#9;&quot;Invalid action&quot;, JOptionPane.ERROR_MESSAGE);&#13;&#10;&#9;&#9;}&#13;&#10;&#9;}&#13;&#10;&#13;&#10;&#9;public void addFavoriteUser(final int index) {&#13;&#10;&#9;&#9;try {&#13;&#10;&#9;&#9;&#9;String name = myTweets.get(index).getDisplayName();&#13;&#10;&#9;&#9;&#9;favorites.addFavoriteUser(name);&#13;&#10;&#9;&#9;&#9;fireTableDataChanged();&#13;&#10;&#9;&#9;&#9;return;&#13;&#10;&#9;&#9;} catch (IndexOutOfBoundsException e) {&#13;&#10;&#9;&#9;&#9;JOptionPane.showMessageDialog(null, &quot;Invalid Selection&quot;,&#13;&#10;&#9;&#9;&#9;&#9;&#9;&quot;Invalid action&quot;, JOptionPane.ERROR_MESSAGE);&#13;&#10;&#9;&#9;}&#13;&#10;&#9;}&#13;&#10;&#13;&#10;&#9;public List&lt;Status&gt; getfavoriteTweets() throws TwitterException {&#13;&#10;&#9;&#9;// List&lt;Status&gt; statuses = twitter.getFavorites();&#13;&#10;&#9;&#9;return twitter.getFavorites();&#13;&#10;&#9;}&#13;&#10;&#13;&#10;&#9;public void destoryStatus(long statusId) throws TwitterException {&#13;&#10;&#9;&#9;// twitter.destroyStatus(statusId);&#13;&#10;&#9;&#9;twitter.destroyFavorite(statusId);&#13;&#10;&#9;}&#13;&#10;&#13;&#10;&#9;public AccountSettings getAccountSettings() throws TwitterException {&#13;&#10;&#9;&#9;return twitter.getAccountSettings();&#13;&#10;&#9;}&#13;&#10;&#13;&#10;&#9;public List&lt;Status&gt; getMyTweets() throws TwitterException {&#13;&#10;&#9;&#9;Paging paging = new Paging(1, 200);&#13;&#10;&#9;&#9;List&lt;Status&gt; statuses = twitter.getUserTimeline(paging);&#13;&#10;&#9;&#9;return statuses;&#13;&#10;&#9;}&#13;&#10;&#13;&#10;&#9;public void favoriteTweet(long statusIds) throws NumberFormatException,&#13;&#10;&#9;&#9;&#9;TwitterException {&#13;&#10;&#9;&#9;twitter.createFavorite(statusIds);&#13;&#10;&#9;}&#13;&#10;&#13;&#10;&#9;public List&lt;User&gt; getFriendsList(long userId) throws TwitterException {&#13;&#10;&#9;&#9;return twitter.getFriendsList(userId, -1);&#13;&#10;&#9;}&#13;&#10;&#13;&#10;&#9;public void removeFriend(long userId) throws TwitterException {&#13;&#10;&#9;&#9;twitter.destroyFriendship(userId);&#13;&#10;&#13;&#10;&#9;}&#13;&#10;&#13;&#10;&#9;public String getfriendsName(long userId) throws TwitterException {&#13;&#10;&#9;&#9;return twitter.showUser(userId).getName();&#13;&#10;&#9;}&#13;&#10;&#13;&#10;&#9;public ImageIcon getfriendProfileImage(long userId)&#13;&#10;&#9;&#9;&#9;throws TwitterException, MalformedURLException {&#13;&#10;&#9;&#9;URL url = new URL(twitter.showUser(userId).getBiggerProfileImageURL());&#13;&#10;&#9;&#9;ImageIcon icon = new ImageIcon(url);&#13;&#10;&#13;&#10;&#9;&#9;return icon;&#13;&#10;&#9;}&#13;&#10;&#13;&#10;&#9;public List&lt;Status&gt; getfriendsTimeline(long userIds)&#13;&#10;&#9;&#9;&#9;throws TwitterException {&#13;&#10;&#9;&#9;Paging paging = new Paging(1, 50);&#13;&#10;&#9;&#9;return twitter.getUserTimeline(userIds, paging);&#13;&#10;&#9;}&#13;&#10;&#13;&#10;&#9;public List&lt;Status&gt; getFriendsFavoriteTweets(long userId)&#13;&#10;&#9;&#9;&#9;throws TwitterException {&#13;&#10;&#9;&#9;Paging paging = new Paging(1, 50);&#13;&#10;&#9;&#9;return twitter.getFavorites(userId, paging);&#13;&#10;&#9;}&#13;&#10;&#13;&#10;&#9;public long getuserId() throws IllegalStateException, TwitterException {&#13;&#10;&#9;&#9;return user.getId();&#13;&#10;&#9;}&#13;&#10;&#13;&#10;&#9;public void createFriendship(long userId) throws TwitterException {&#13;&#10;&#9;&#9;twitter.createFriendship(userId);&#13;&#10;&#9;}&#13;&#10;&#13;&#10;&#9;public void sendDirectMessage(long userId, String message)&#13;&#10;&#9;&#9;&#9;throws TwitterException {&#13;&#10;&#9;&#9;int count = 0;&#13;&#10;&#9;&#9;int start = 0;&#13;&#10;&#9;&#9;int end = 140;&#13;&#10;&#13;&#10;&#9;&#9;String[] SplitMessage = new String[30];&#13;&#10;&#13;&#10;&#9;&#9;System.out.println(&quot;Message Length: &quot; + message.length());&#13;&#10;&#13;&#10;&#9;&#9;if (message.length() &gt; 140) {&#13;&#10;&#9;&#9;&#9;while (end &lt; message.length()) {&#13;&#10;&#9;&#9;&#9;&#9;SplitMessage[count] = message.substring(start, end);&#13;&#10;&#9;&#9;&#9;&#9;count++;&#13;&#10;&#9;&#9;&#9;&#9;start += 140;&#13;&#10;&#9;&#9;&#9;&#9;end += 140;&#13;&#10;&#9;&#9;&#9;&#9;System.out.println(&quot;Start: &quot; + start);&#13;&#10;&#9;&#9;&#9;&#9;System.out.println(&quot;End: &quot; + end);&#13;&#10;&#9;&#9;&#9;}&#13;&#10;&#13;&#10;&#9;&#9;&#9;end -= 140;&#13;&#10;&#9;&#9;&#9;SplitMessage[count] = message.substring(end, message.length());&#13;&#10;&#9;&#9;}&#13;&#10;&#13;&#10;&#9;&#9;count = 0;&#13;&#10;&#13;&#10;&#9;&#9;while (SplitMessage[count] != null) {&#13;&#10;&#9;&#9;&#9;twitter.sendDirectMessage(userId, SplitMessage[count]);&#13;&#10;&#9;&#9;&#9;count++;&#13;&#10;&#9;&#9;&#9;System.out.println(&quot;Test2&quot;);&#13;&#10;&#9;&#9;}&#13;&#10;&#9;&#9;if (SplitMessage[0] == null) {&#13;&#10;&#9;&#9;&#9;twitter.sendDirectMessage(userId, message);&#13;&#10;&#9;&#9;&#9;System.out.println(&quot;Test3&quot;);&#13;&#10;&#9;&#9;}&#13;&#10;&#9;}&#13;&#10;&#13;&#10;&#9;private final Location[] getTrendsLocations() {&#13;&#10;&#9;&#9;ResponseList&lt;Location&gt; locations = null;&#13;&#10;&#9;&#9;try {&#13;&#10;&#9;&#9;&#9;locations = twitter.getAvailableTrends();&#13;&#10;&#9;&#9;} catch (TwitterException e) {&#13;&#10;&#9;&#9;&#9;e.printStackTrace();&#13;&#10;&#9;&#9;}&#13;&#10;&#9;&#9;trendsLocations = new Location[locations.size()];&#13;&#10;&#9;&#9;for (int i = 0; i &lt; locations.size(); i++) {&#13;&#10;&#9;&#9;&#9;trendsLocations[i] = locations.get(i);&#13;&#10;&#9;&#9;}&#13;&#10;&#13;&#10;&#9;&#9;return trendsLocations;&#13;&#10;&#9;}&#13;&#10;&#13;&#10;&#9;public final String[] getTrendsLocationNames() {&#13;&#10;&#9;&#9;this.getTrendsLocations();&#13;&#10;&#9;&#9;String[] locationnames = new String[trendsLocations.length];&#13;&#10;&#9;&#9;for (int i = 0; i &lt; trendsLocations.length; i++) {&#13;&#10;&#9;&#9;&#9;locationnames[i] = trendsLocations[i].getName();&#13;&#10;&#9;&#9;}&#13;&#10;&#9;&#9;return locationnames;&#13;&#10;&#9;}&#13;&#10;&#13;&#10;&#9;public final Trends getLocationTrends(String locationName) {&#13;&#10;&#9;&#9;for (int i = 0; i &lt; trendsLocations.length; i++) {&#13;&#10;&#9;&#9;&#9;if (locationName.equals(trendsLocations[i].getName())) {&#13;&#10;&#9;&#9;&#9;&#9;try {&#13;&#10;&#9;&#9;&#9;&#9;&#9;return twitter&#13;&#10;&#9;&#9;&#9;&#9;&#9;&#9;&#9;.getPlaceTrends(trendsLocations[i].getWoeid());&#13;&#10;&#9;&#9;&#9;&#9;} catch (TwitterException e) {&#13;&#10;&#9;&#9;&#9;&#9;&#9;e.printStackTrace(); // ////////////////////////TO-DO ERROR&#13;&#10;&#9;&#9;&#9;&#9;&#9;&#9;&#9;&#9;&#9;&#9;&#9;// HANDLING&#13;&#10;&#9;&#9;&#9;&#9;}&#13;&#10;&#9;&#9;&#9;}&#13;&#10;&#9;&#9;}&#13;&#10;&#9;&#9;return null;&#13;&#10;&#9;}&#13;&#10;&#13;&#10;&#9;public List&lt;DirectMessage&gt; getDirectMessages() throws TwitterException {&#13;&#10;&#9;&#9;Paging paging = new Paging(1, 50);&#13;&#10;&#13;&#10;&#9;&#9;return twitter.getDirectMessages(paging);&#13;&#10;&#9;}&#13;&#10;&#13;&#10;&#9;public void deleteMessage(long MessageId) throws TwitterException {&#13;&#10;&#9;&#9;twitter.destroyDirectMessage(MessageId);&#13;&#10;&#9;}&#13;&#10;}" Filename="TwitModel.java" Intrnl_Id="1"/>
<SrcFile Content="package model;&#13;&#10;&#13;&#10;import java.math.BigInteger;&#13;&#10;import java.util.Date;&#13;&#10;&#13;&#10;/**&#13;&#10; * Creates the Arraylist Parmaters called Tweet and this&#13;&#10; * class impliments the MyTweet interface.&#13;&#10; * &#13;&#10; * @author Ben&#13;&#10; */&#13;&#10;public class Tweet implements MyTweet {&#13;&#10;&#9;/**  */&#13;&#10;&#9;private BigInteger id;&#13;&#10;&#9;/** Stores the tweet date.*/&#13;&#10;&#9;private Date date;&#13;&#10;&#9;/** Stores the username.*/&#13;&#10;&#9;private String loginName;&#13;&#10;&#9;/** Stores a user's actual name. */&#13;&#10;&#9;private String displayName;&#13;&#10;&#9;/** Stores the text of a Status. */&#13;&#10;&#9;private String text;&#13;&#10;&#9;/** Stores the number of friends. */&#13;&#10;&#9;private int friendsCount;&#13;&#10;&#9;/** Stores the number of followers. */&#13;&#10;&#9;private int followersCount;&#13;&#10;&#13;&#10;//&#9;private String fave;&#13;&#10;//&#9;private String favorite;&#13;&#10;&#9;private boolean favorite;&#13;&#10;&#9;/**&#13;&#10;&#9; * The Tweet constructor.&#13;&#10;&#9; * &#13;&#10;&#9; * @param date - stores the tweet date.&#13;&#10;&#9; * @param loginName - stores the username&#13;&#10;&#9; * @param displayName - stores the actual name&#13;&#10;&#9; * @param friendsCount - stores amount of friends&#13;&#10;&#9; * @param followersCount - stores amount of followers&#13;&#10;&#9; * @param text - stores the text of the tweet&#13;&#10;&#9; */&#13;&#10;&#9;public Tweet(final Date dte, final String lginName,&#13;&#10;&#9;&#9;&#9;final String dsplayName, final int frendsCount,&#13;&#10;&#9;&#9;&#9;final int fllowersCount, final String txt,&#13;&#10;&#9;&#9;&#9;final boolean fave) {&#13;&#10;&#9;&#9;this.date = dte;&#13;&#10;&#9;&#9;this.loginName = lginName;&#13;&#10;&#9;&#9;this.displayName = dsplayName;&#13;&#10;&#9;&#9;this.friendsCount = frendsCount;&#13;&#10;&#9;&#9;this.followersCount = fllowersCount;&#13;&#10;&#9;&#9;this.text = txt;&#13;&#10;&#9;&#9;this.favorite = fave;&#13;&#10;&#9;}&#13;&#10;&#13;&#10;&#9;&#13;&#10;&#9;/**&#13;&#10;&#9; * Gets the user id.&#13;&#10;&#9; * @return id - the user id&#13;&#10;&#9; */&#13;&#10;&#9;public final  BigInteger getId() {&#13;&#10;&#9;&#9;return id;&#13;&#10;&#9;}&#13;&#10;&#9;&#13;&#10;&#9;/**&#13;&#10;&#9; * Gets the date.&#13;&#10;&#9; * @return date - date of the tweet&#13;&#10;&#9; */&#13;&#10;&#9;public final Date getCreatedAt() {&#13;&#10;&#9;&#9;return date;&#13;&#10;&#9;}&#13;&#10;&#9;&#13;&#10;&#9;/**&#13;&#10;&#9; * Gets the login name.&#13;&#10;&#9; * @return loginName - username of tweeter&#13;&#10;&#9; */&#13;&#10;&#9;public final String getLoginName() {&#13;&#10;&#9;&#9;return loginName;&#13;&#10;&#9;}&#13;&#10;&#9;&#13;&#10;&#9;/**&#13;&#10;&#9; * Gets the display name.&#13;&#10;&#9; * @return displayName - actual name of tweeter&#13;&#10;&#9; */&#13;&#10;&#9;public final String getDisplayName() {&#13;&#10;&#9;&#9;return displayName;&#13;&#10;&#9;}&#13;&#10;&#9;&#13;&#10;&#9;/**&#13;&#10;&#9; * Gets the status text.&#13;&#10;&#9; * @return text - the text of a tweet&#13;&#10;&#9; */&#13;&#10;&#9;public final String getText() {&#13;&#10;&#9;&#9;return text;&#13;&#10;&#9;}&#13;&#10;&#9;&#13;&#10;&#9;/**&#13;&#10;&#9; * Gets the friends count.&#13;&#10;&#9; * @return friendsCount - the number of friends&#13;&#10;&#9; */&#13;&#10;&#9;public final int getFriendsCount() {&#13;&#10;&#9;&#9;return friendsCount;&#13;&#10;&#9;}&#13;&#10;&#9;&#13;&#10;&#9;/**&#13;&#10;&#9; * Gets the followers count.&#13;&#10;&#9; * @return followersCount - the number of followers&#13;&#10;&#9; */&#13;&#10;&#9;public final int getFollowersCount() {&#13;&#10;&#9;&#9;return followersCount;&#13;&#10;&#9;}&#13;&#10;&#9;@Override&#13;&#10;&#9;public boolean isFavorite() {&#13;&#10;&#9;&#9;// TODO Auto-generated method stub&#13;&#10;&#9;&#9;return favorite;&#13;&#10;&#9;}&#13;&#10;}" Filename="Tweet.java" Intrnl_Id="2"/>
<SrcFile Content="package model;&#13;&#10;import java.math.BigInteger;&#13;&#10;import java.util.Date;&#13;&#10;&#13;&#10;&#13;&#10;/**&#13;&#10; * MyTweet creates the basic interface for a users status&#13;&#10; * &#13;&#10; * @author Ben&#13;&#10; *&#13;&#10; */&#13;&#10;public interface MyTweet {&#13;&#10;&#9;BigInteger getId();&#13;&#10;&#9;&#13;&#10;&#9;Date getCreatedAt();&#13;&#10;&#9;&#13;&#10;&#9;String getLoginName();&#13;&#10;&#9;&#13;&#10;&#9;String getDisplayName();&#13;&#10;&#9;&#13;&#10;&#9;String getText();&#13;&#10;&#9;&#13;&#10;&#9;int getFriendsCount();&#13;&#10;&#9;&#13;&#10;&#9;int getFollowersCount();&#13;&#10;&#9;&#13;&#10;&#9;boolean isFavorite();&#13;&#10;}&#13;&#10;" Filename="MyTweet.java" Intrnl_Id="3"/>
<SrcFile Content="package model;&#13;&#10;&#13;&#10;import java.io.File;&#13;&#10;import java.io.IOException;&#13;&#10;import java.util.ArrayList;&#13;&#10;&#13;&#10;import javax.xml.parsers.DocumentBuilder;&#13;&#10;import javax.xml.parsers.DocumentBuilderFactory;&#13;&#10;import javax.xml.parsers.ParserConfigurationException;&#13;&#10;import javax.xml.transform.Transformer;&#13;&#10;import javax.xml.transform.TransformerException;&#13;&#10;import javax.xml.transform.TransformerFactory;&#13;&#10;import javax.xml.transform.dom.DOMSource;&#13;&#10;import javax.xml.transform.stream.StreamResult;&#13;&#10;&#13;&#10;import org.w3c.dom.Attr;&#13;&#10;import org.w3c.dom.Document;&#13;&#10;import org.w3c.dom.Element;&#13;&#10;import org.w3c.dom.Node;&#13;&#10;import org.w3c.dom.NodeList;&#13;&#10;import org.xml.sax.SAXException;&#13;&#10;&#13;&#10;public class FavoritesUtility {&#13;&#10;&#13;&#10;&#9;private ArrayList&lt;String&gt; stringList;&#13;&#10;&#9;private String curUser;&#13;&#10;&#13;&#10;&#9;public FavoritesUtility() {&#13;&#10;&#9;&#9;setStringList(new ArrayList&lt;String&gt;());&#13;&#10;&#9;}&#13;&#10;&#13;&#10;&#9;private void writeToFile() throws ParserConfigurationException,&#13;&#10;&#9;&#9;&#9;TransformerException {&#13;&#10;&#9;&#9;DocumentBuilderFactory docFactory = DocumentBuilderFactory&#13;&#10;&#9;&#9;&#9;&#9;.newInstance();&#13;&#10;&#9;&#9;DocumentBuilder docBuilder = docFactory.newDocumentBuilder();&#13;&#10;&#13;&#10;&#9;&#9;// root elements&#13;&#10;&#9;&#9;Document doc = docBuilder.newDocument();&#13;&#10;&#9;&#9;Element rootElement = doc.createElement(&quot;Favorites&quot;);&#13;&#10;&#9;&#9;doc.appendChild(rootElement);&#13;&#10;&#13;&#10;&#9;&#9;// user elements&#13;&#10;&#9;&#9;Element user = doc.createElement(&quot;User&quot;);&#13;&#10;&#9;&#9;rootElement.appendChild(user);&#13;&#10;&#13;&#10;&#9;&#9;// set attribute to user element&#13;&#10;&#9;&#9;Attr attr = doc.createAttribute(&quot;id&quot;);&#13;&#10;&#9;&#9;attr.setValue(curUser);&#13;&#10;&#9;&#9;user.setAttributeNode(attr);&#13;&#10;&#13;&#10;&#9;&#9;// write the content into xml file&#13;&#10;&#9;&#9;TransformerFactory transformerFactory = TransformerFactory&#13;&#10;&#9;&#9;&#9;&#9;.newInstance();&#13;&#10;&#9;&#9;Transformer transformer = transformerFactory.newTransformer();&#13;&#10;&#9;&#9;DOMSource source = new DOMSource(doc);&#13;&#10;&#9;&#9;StreamResult result = new StreamResult(new File(&quot;&quot;&#13;&#10;&#9;&#9;&#9;&#9;+ &quot;.\\Twitter4j\\favorites\\&quot; + curUser + &quot;.xml&quot;));&#13;&#10;&#13;&#10;&#9;&#9;transformer.transform(source, result);&#13;&#10;&#13;&#10;&#9;&#9;System.out.println(&quot;File saved!&quot;);&#13;&#10;&#13;&#10;&#9;}&#13;&#10;&#13;&#10;&#9;private void readFromFile(final String username)&#13;&#10;&#9;&#9;&#9;throws ParserConfigurationException, SAXException, IOException {&#13;&#10;&#9;&#9;File fXmlFile = new File(&quot;..\\Twitter4j\\favorites\\&quot; + username&#13;&#10;&#9;&#9;&#9;&#9;+ &quot;.xml&quot;);&#13;&#10;&#9;&#9;curUser = username;&#13;&#10;&#9;&#9;if (fXmlFile.exists()) {&#13;&#10;&#9;&#9;&#9;DocumentBuilderFactory dbFactory = DocumentBuilderFactory&#13;&#10;&#9;&#9;&#9;&#9;&#9;.newInstance();&#13;&#10;&#9;&#9;&#9;DocumentBuilder dBuilder = dbFactory.newDocumentBuilder();&#13;&#10;&#9;&#9;&#9;Document doc = dBuilder.parse(fXmlFile);&#13;&#10;&#13;&#10;&#9;&#9;&#9;doc.getDocumentElement().normalize();&#13;&#10;&#9;&#9;&#9;System.out.println(&quot;Root element: &quot;&#13;&#10;&#9;&#9;&#9;&#9;&#9;+ doc.getDocumentElement().getNodeName());&#13;&#10;&#13;&#10;&#9;&#9;&#9;NodeList nList = doc.getElementsByTagName(&quot;staff&quot;);&#13;&#10;&#13;&#10;&#9;&#9;&#9;System.out.println(&quot;----------------------------&quot;);&#13;&#10;&#13;&#10;&#9;&#9;&#9;for (int temp = 0; temp &lt; nList.getLength(); temp++) {&#13;&#10;&#13;&#10;&#9;&#9;&#9;&#9;Node nNode = nList.item(temp);&#13;&#10;&#13;&#10;&#9;&#9;&#9;&#9;if (nNode.getNodeType() == Node.ELEMENT_NODE) {&#13;&#10;&#13;&#10;&#9;&#9;&#9;&#9;&#9;Element eElement = (Element) nNode;&#13;&#10;&#13;&#10;&#9;&#9;&#9;&#9;&#9;addFavoriteUser(eElement.getAttribute(&quot;id&quot;));&#13;&#10;&#13;&#10;&#9;&#9;&#9;&#9;}&#13;&#10;&#9;&#9;&#9;}&#13;&#10;&#9;&#9;}&#13;&#10;&#9;}&#13;&#10;&#13;&#10;&#9;public final void saveFavorites() {&#13;&#10;&#9;&#9;try {&#13;&#10;&#9;&#9;&#9;writeToFile();&#13;&#10;&#9;&#9;} catch (ParserConfigurationException e) {&#13;&#10;&#9;&#9;&#9;// TODO Auto-generated catch block&#13;&#10;&#9;&#9;&#9;e.printStackTrace();&#13;&#10;&#9;&#9;} catch (TransformerException e) {&#13;&#10;&#9;&#9;&#9;// TODO Auto-generated catch block&#13;&#10;&#9;&#9;&#9;e.printStackTrace();&#13;&#10;&#9;&#9;}&#13;&#10;&#9;}&#13;&#10;&#13;&#10;&#9;public final void loadFavorites(final String username) {&#13;&#10;&#9;&#9;try {&#13;&#10;&#9;&#9;&#9;readFromFile(username);&#13;&#10;&#9;&#9;} catch (ParserConfigurationException e) {&#13;&#10;&#9;&#9;&#9;// TODO Auto-generated catch block&#13;&#10;&#9;&#9;&#9;e.printStackTrace();&#13;&#10;&#9;&#9;} catch (SAXException e) {&#13;&#10;&#9;&#9;&#9;// TODO Auto-generated catch block&#13;&#10;&#9;&#9;&#9;e.printStackTrace();&#13;&#10;&#9;&#9;} catch (IOException e) {&#13;&#10;&#9;&#9;&#9;// TODO Auto-generated catch block&#13;&#10;&#9;&#9;&#9;e.printStackTrace();&#13;&#10;&#9;&#9;}&#13;&#10;&#9;}&#13;&#10;&#13;&#10;&#9;public final void addFavoriteUser(final String name) {&#13;&#10;&#9;&#9;stringList.add(name);&#13;&#10;&#9;}&#13;&#10;&#13;&#10;&#9;public final void removeFavorite(final String name) {&#13;&#10;&#9;&#9;stringList.remove(name);&#13;&#10;&#9;}&#13;&#10;&#13;&#10;&#9;public final ArrayList&lt;String&gt; getStringList() {&#13;&#10;&#9;&#9;return stringList;&#13;&#10;&#9;}&#13;&#10;&#13;&#10;&#9;public final void setStringList(final ArrayList&lt;String&gt; strList) {&#13;&#10;&#9;&#9;this.stringList = strList;&#13;&#10;&#9;}&#13;&#10;&#13;&#10;&#9;public final void clearList() {&#13;&#10;&#9;&#9;stringList.clear();&#13;&#10;&#9;}&#13;&#10;}" Filename="FavoritesUtility.java" Intrnl_Id="4"/>
<SrcFile Content="package engine;&#13;&#10;&#13;&#10;import java.net.MalformedURLException;&#13;&#10;import java.util.Date;&#13;&#10;import java.util.List;&#13;&#10;&#13;&#10;import javax.swing.ImageIcon;&#13;&#10;&#13;&#10;import twitter4j.AccountSettings;&#13;&#10;import twitter4j.DirectMessage;&#13;&#10;import twitter4j.Status;&#13;&#10;import twitter4j.Trends;&#13;&#10;import twitter4j.TwitterException;&#13;&#10;import twitter4j.User;&#13;&#10;&#13;&#10;import model.Tweet;&#13;&#10;import model.TwitModel;&#13;&#10;&#13;&#10;/**&#13;&#10; * TwitterEngine.class&#13;&#10; * &#13;&#10; * Intermediary between the GUI and model&#13;&#10; * &#13;&#10; * @author Ben&#13;&#10; */&#13;&#10;public class TwitterEngine {&#13;&#10;&#13;&#10;&#9;private TwitModel model;&#13;&#10;&#9;private int index;&#13;&#10;&#13;&#10;&#9;// private String post;&#13;&#10;&#13;&#10;&#9;/**&#13;&#10;&#9; * Constructs the Twitter Engine&#13;&#10;&#9; * &#13;&#10;&#9; * @throws TwitterException&#13;&#10;&#9; */&#13;&#10;&#9;public TwitterEngine() throws TwitterException {&#13;&#10;&#9;&#9;model = new TwitModel();&#13;&#10;&#9;}&#13;&#10;&#13;&#10;&#9;/**&#13;&#10;&#9; * gets the model&#13;&#10;&#9; * &#13;&#10;&#9; * @return model&#13;&#10;&#9; */&#13;&#10;&#9;public final TwitModel getModel() {&#13;&#10;&#9;&#9;return model;&#13;&#10;&#9;}&#13;&#10;&#13;&#10;&#9;/**&#13;&#10;&#9; * gets a users status&#13;&#10;&#9; * &#13;&#10;&#9; * @param userName&#13;&#10;&#9; *            - the user being searched&#13;&#10;&#9; */&#13;&#10;&#9;public final void getStatus(final String userName) {&#13;&#10;&#9;&#9;model.retrieveStatus(userName);&#13;&#10;&#9;}&#13;&#10;&#13;&#10;&#9;/**&#13;&#10;&#9; * gets a users timeline&#13;&#10;&#9; * &#13;&#10;&#9; * @return&#13;&#10;&#9; * &#13;&#10;&#9; * @throws TwitterException&#13;&#10;&#9; */&#13;&#10;&#9;public final List&lt;Status&gt; getTimeline() throws TwitterException {&#13;&#10;&#9;&#9;return model.retriveTimeline();&#13;&#10;&#9;}&#13;&#10;&#13;&#10;&#9;/**&#13;&#10;&#9; * addTweets creates a twitter Status in the table&#13;&#10;&#9; * &#13;&#10;&#9; * @param date&#13;&#10;&#9; *            - createdAt&#13;&#10;&#9; * @param loginName&#13;&#10;&#9; *            - user&#13;&#10;&#9; * @param displayName&#13;&#10;&#9; *            - name that is shown&#13;&#10;&#9; * @param friends&#13;&#10;&#9; *            - how many friends&#13;&#10;&#9; * @param followers&#13;&#10;&#9; *            - how many followers&#13;&#10;&#9; * @param text&#13;&#10;&#9; *            - status text&#13;&#10;&#9; */&#13;&#10;&#9;public final void addTweet(final Date date, final String loginName,&#13;&#10;&#9;&#9;&#9;final String displayName, final int friends, final int followers,&#13;&#10;&#9;&#9;&#9;final String text, final boolean fave) {&#13;&#10;&#9;&#9;Tweet t = new Tweet(date, loginName, displayName, friends, followers,&#13;&#10;&#9;&#9;&#9;&#9;text, fave);&#13;&#10;&#9;&#9;model.add(t);&#13;&#10;&#9;}&#13;&#10;&#13;&#10;&#9;/**&#13;&#10;&#9; * sends the inputs for a user to authenticate their current session&#13;&#10;&#9; * &#13;&#10;&#9; * @param userName&#13;&#10;&#9; *            - user at the screen&#13;&#10;&#9; * @param consumerKey&#13;&#10;&#9; *            - their consumer key&#13;&#10;&#9; * @param consumerSecret&#13;&#10;&#9; *            - their consumer secret key&#13;&#10;&#9; * @param accessToken&#13;&#10;&#9; *            - their access token&#13;&#10;&#9; * @param accessTokenS&#13;&#10;&#9; *            - their access token secret&#13;&#10;&#9; * @throws Exception&#13;&#10;&#9; */&#13;&#10;&#9;public final void login() throws Exception {&#13;&#10;&#13;&#10;&#9;&#9;model.authenticate();&#13;&#10;&#9;}&#13;&#10;&#13;&#10;&#9;public final void logout() {&#13;&#10;&#13;&#10;&#9;&#9;model.logout();&#13;&#10;&#9;}&#13;&#10;&#13;&#10;&#9;/**&#13;&#10;&#9; * gets the current array lists size&#13;&#10;&#9; * &#13;&#10;&#9; * @return - checks an array lists size&#13;&#10;&#9; */&#13;&#10;&#9;public final int getArrayListSize() {&#13;&#10;&#9;&#9;return model.getArrayListSize();&#13;&#10;&#9;}&#13;&#10;&#13;&#10;&#9;/**&#13;&#10;&#9; * gets the text for a selected users status&#13;&#10;&#9; * &#13;&#10;&#9; * @param index&#13;&#10;&#9; *            - the current spot on a table highlighted&#13;&#10;&#9; * @return - the status of that highlighted table row&#13;&#10;&#9; */&#13;&#10;&#9;public final String getDisplayStatis(final int idex) {&#13;&#10;&#9;&#9;this.index = idex;&#13;&#10;&#9;&#9;return model.retriveDisplayStatis(index);&#13;&#10;&#9;}&#13;&#10;&#13;&#10;&#9;/**&#13;&#10;&#9; * Searches for a particular keyword&#13;&#10;&#9; * &#13;&#10;&#9; * @param keyWord&#13;&#10;&#9; *            - keyword for the search&#13;&#10;&#9; */&#13;&#10;&#9;public final void getWordSearch(final String keyWord) {&#13;&#10;&#9;&#9;model.getWordSearch(keyWord);&#13;&#10;&#9;}&#13;&#10;&#13;&#10;&#9;/**&#13;&#10;&#9; * Searches for a phrase&#13;&#10;&#9; * &#13;&#10;&#9; * @param keyWord&#13;&#10;&#9; *            - the keyword&#13;&#10;&#9; * @param phrase&#13;&#10;&#9; *            - the phrase&#13;&#10;&#9; */&#13;&#10;&#9;public final void getPhraseSearch(final String keyWord, final String phrase) {&#13;&#10;&#9;&#9;model.getPhraseSearch(keyWord, phrase);&#13;&#10;&#9;}&#13;&#10;&#13;&#10;&#9;/**&#13;&#10;&#9; * removes a tweet from the table&#13;&#10;&#9; */&#13;&#10;&#9;public final void deleteTweet() {&#13;&#10;&#9;&#9;model.remove(index);&#13;&#10;&#9;}&#13;&#10;&#13;&#10;&#9;/**&#13;&#10;&#9; * removes current status&#13;&#10;&#9; * &#13;&#10;&#9; * @throws TwitterException&#13;&#10;&#9; */&#13;&#10;&#9;public void deleteStatus(long statusId) throws TwitterException {&#13;&#10;&#9;&#9;model.destoryStatus(statusId);&#13;&#10;&#9;}&#13;&#10;&#13;&#10;&#9;/**&#13;&#10;&#9; * Posts a new status&#13;&#10;&#9; * &#13;&#10;&#9; * @param post2&#13;&#10;&#9; *            - 140 character or less post&#13;&#10;&#9; * @return&#13;&#10;&#9; * @return&#13;&#10;&#9; * @throws TwitterException&#13;&#10;&#9; */&#13;&#10;&#9;public final void postStatus(final String post) throws TwitterException {&#13;&#10;&#9;&#9;model.updateStatus(post);&#13;&#10;&#9;}&#13;&#10;&#13;&#10;&#9;public final ImageIcon getProfileImage() throws IllegalStateException,&#13;&#10;&#9;&#9;&#9;TwitterException, MalformedURLException {&#13;&#10;&#9;&#9;return model.getProfileImage();&#13;&#10;&#9;}&#13;&#10;&#13;&#10;&#9;public final String getRealName(long userId) throws TwitterException {&#13;&#10;&#9;&#9;return model.getRealName(userId);&#13;&#10;&#9;}&#13;&#10;&#13;&#10;&#9;public final String getScreenName() {&#13;&#10;&#9;&#9;return model.getScreenName();&#13;&#10;&#9;}&#13;&#10;&#13;&#10;&#9;public final int getTweets() {&#13;&#10;&#9;&#9;return model.getTweets();&#13;&#10;&#9;}&#13;&#10;&#13;&#10;&#9;public final int getFollowersCount() {&#13;&#10;&#9;&#9;return model.getFollowersCount();&#13;&#10;&#9;}&#13;&#10;&#13;&#10;&#9;public final int getFollowingCount() {&#13;&#10;&#9;&#9;return model.getFollowingCount();&#13;&#10;&#9;}&#13;&#10;&#13;&#10;&#9;public final int getRateLimit() {&#13;&#10;&#9;&#9;return model.getRateLimit();&#13;&#10;&#9;}&#13;&#10;&#13;&#10;&#9;public final int getRateLimitRemaining() {&#13;&#10;&#9;&#9;return model.getLimitRemaining();&#13;&#10;&#9;}&#13;&#10;&#13;&#10;&#9;public final boolean getFavoriteStatus() {&#13;&#10;&#9;&#9;return model.getFavoriteStatus();&#13;&#10;&#9;}&#13;&#10;&#13;&#10;&#9;public final void addFavorite() {&#13;&#10;&#9;&#9;model.addFavoriteUser(index);&#13;&#10;&#9;}&#13;&#10;&#13;&#10;&#9;public final void removeFavorite() {&#13;&#10;&#9;&#9;model.removeFavoriteUser(index);&#13;&#10;&#9;}&#13;&#10;&#13;&#10;&#9;public List&lt;Status&gt; getFavoriteTweets() throws TwitterException {&#13;&#10;&#9;&#9;return model.getfavoriteTweets();&#13;&#10;&#9;}&#13;&#10;&#13;&#10;&#9;public AccountSettings getAccountSettings() throws TwitterException {&#13;&#10;&#9;&#9;return model.getAccountSettings();&#13;&#10;&#9;}&#13;&#10;&#13;&#10;&#9;public List&lt;Status&gt; getMyTweets() throws TwitterException {&#13;&#10;&#9;&#9;return model.getMyTweets();&#13;&#10;&#9;}&#13;&#10;&#13;&#10;&#9;public void favoriteTweet(long statusIds) throws NumberFormatException,&#13;&#10;&#9;&#9;&#9;TwitterException {&#13;&#10;&#9;&#9;model.favoriteTweet(statusIds);&#13;&#10;&#9;}&#13;&#10;&#13;&#10;&#9;public List&lt;User&gt; getFriendsList(long userId) throws TwitterException {&#13;&#10;&#9;&#9;return model.getFriendsList(userId);&#13;&#10;&#9;}&#13;&#10;&#13;&#10;&#9;public void removefriend(long userId) throws TwitterException {&#13;&#10;&#9;&#9;model.removeFriend(userId);&#13;&#10;&#9;}&#13;&#10;&#13;&#10;&#9;public String getfriendsName(long UserId) throws TwitterException {&#13;&#10;&#9;&#9;return model.getfriendsName(UserId);&#13;&#10;&#9;}&#13;&#10;&#13;&#10;&#9;public ImageIcon getfriendProfileImage(long UserId)&#13;&#10;&#9;&#9;&#9;throws MalformedURLException, TwitterException {&#13;&#10;&#9;&#9;return model.getfriendProfileImage(UserId);&#13;&#10;&#9;}&#13;&#10;&#13;&#10;&#9;public List&lt;Status&gt; getfriendsTimeline(long userIds)&#13;&#10;&#9;&#9;&#9;throws TwitterException {&#13;&#10;&#9;&#9;return model.getfriendsTimeline(userIds);&#13;&#10;&#9;}&#13;&#10;&#13;&#10;&#9;public List&lt;Status&gt; getFriendsFavoriteTweets(long userId)&#13;&#10;&#9;&#9;&#9;throws TwitterException {&#13;&#10;&#9;&#9;return model.getFriendsFavoriteTweets(userId);&#13;&#10;&#9;}&#13;&#10;&#13;&#10;&#9;public Long getuserid() throws IllegalStateException, TwitterException {&#13;&#10;&#9;&#9;return model.getuserId();&#13;&#10;&#9;}&#13;&#10;&#13;&#10;&#9;public void CreateFriendship(long userId) throws TwitterException {&#13;&#10;&#9;&#9;model.createFriendship(userId);&#13;&#10;&#9;}&#13;&#10;&#13;&#10;&#9;public void sendDirectMessage(long userId, String message)&#13;&#10;&#9;&#9;&#9;throws TwitterException {&#13;&#10;&#9;&#9;model.sendDirectMessage(userId, message);&#13;&#10;&#9;}&#13;&#10;&#13;&#10;&#9;public final String[] getTrendsLocations() {&#13;&#10;&#9;&#9;return model.getTrendsLocationNames();&#13;&#10;&#9;}&#13;&#10;&#13;&#10;&#9;public final Trends getPlaceTrends(String location) {&#13;&#10;&#9;&#9;return model.getLocationTrends(location);&#13;&#10;&#9;}&#13;&#10;&#13;&#10;&#9;public List&lt;DirectMessage&gt; getDirectMessages() throws TwitterException {&#13;&#10;&#9;&#9;return model.getDirectMessages();&#13;&#10;&#9;}&#13;&#10;&#13;&#10;&#9;public void deleteMessage(long MessageId) throws TwitterException {&#13;&#10;&#9;&#9;model.deleteMessage(MessageId);&#13;&#10;&#9;}&#13;&#10;&#13;&#10;}&#13;&#10;" Filename="TwitterEngine.java" Intrnl_Id="5"/>
<SrcFile Content="package engine;&#13;&#10;&#13;&#10;/**&#13;&#10; * @author Ben&#13;&#10; *&#13;&#10; * Creates the Interface for the Twitter Engine class&#13;&#10; */&#13;&#10;public interface ITweet {&#13;&#10;&#9;java.util.Date getCreatedAt();&#13;&#10;&#9;String getLoginName();&#13;&#10;&#9;String getDisplayName();&#13;&#10;&#9;String getText();&#13;&#10;&#9;int getFriendsCount();&#13;&#10;&#9;int getFollowersCount();&#13;&#10;&#9;String getFavorite();&#13;&#10;}&#13;&#10;" Filename="ITweet.java" Intrnl_Id="6"/>
</SrcFileList>
<CritList>
<CritListEntry Name="org.codecover.model.utils.criteria.LoopCoverage" PluginName="org.codecover"/>
<CritListEntry Name="org.codecover.model.utils.criteria.BranchCoverage" PluginName="org.codecover"/>
<CritListEntry Name="org.codecover.model.utils.criteria.ConditionCoverage" PluginName="org.codecover"/>
<CritListEntry Name="org.codecover.model.utils.criteria.SynchronizedStatementCoverage" PluginName="org.codecover"/>
<CritListEntry Name="org.codecover.model.utils.criteria.QMOCoverage" PluginName="org.codecover"/>
<CritListEntry Name="org.codecover.model.utils.criteria.StatementCoverage" PluginName="org.codecover"/>
</CritList>
<BoolOpList>
<BoolOp Arity="1" Intrnl_Id="7" Name="not (!)">
<BoolAssgnmntBoolMapList>
<MapEntry BoolAssgnmnt="0" Value="true"/>
<MapEntry BoolAssgnmnt="1" Value="false"/>
</BoolAssgnmntBoolMapList>
</BoolOp>
<BoolOp Arity="2" Intrnl_Id="8" Name="conditional and (&amp;&amp;)">
<BoolAssgnmntBoolMapList>
<MapEntry BoolAssgnmnt="10" Value="false"/>
<MapEntry BoolAssgnmnt="02" Value="false"/>
<MapEntry BoolAssgnmnt="11" Value="true"/>
</BoolAssgnmntBoolMapList>
</BoolOp>
</BoolOpList>
<HierarchyLvlTypeList>
<HierarchyLvlType EnglishName="package" IntrnlName="package" Intrnl_Id="9"/>
<HierarchyLvlType EnglishName="class" IntrnlName="class" Intrnl_Id="10"/>
<HierarchyLvlType EnglishName="method" IntrnlName="method" Intrnl_Id="11"/>
<HierarchyLvlType EnglishName="default package" IntrnlName="default package" Intrnl_Id="12"/>
<HierarchyLvlType EnglishName="interface" IntrnlName="interface" Intrnl_Id="13"/>
</HierarchyLvlTypeList>
<MASTRoot>
<HierarchyLvl HierarchyLvlId="1551" HierarchyLvlTypeId="12" Intrnl_Id="14" Name="default package">
<Header/>
<LocList/>
<HierarchyLvl HierarchyLvlId="1549" HierarchyLvlTypeId="9" Intrnl_Id="15" Name="model">
<Header/>
<LocList/>
<HierarchyLvl HierarchyLvlId="1467" HierarchyLvlTypeId="10" Intrnl_Id="16" Name="TwitModel">
<Header>
<Loc EndOffset="1622" SrcFileId="1" StartOffset="1496"/>
</Header>
<LocList>
<Loc EndOffset="20116" SrcFileId="1" StartOffset="1496"/>
</LocList>
<StmntSeq Intrnl_Id="17">
<LocList>
<Loc EndOffset="2456" SrcFileId="1" StartOffset="2344"/>
</LocList>
<BasicStmnt CovItemId="S1" CovItemPrefix="model.TwitModel.java" Intrnl_Id="18">
<LocList>
<Loc EndOffset="2456" SrcFileId="1" StartOffset="2344"/>
</LocList>
</BasicStmnt>
</StmntSeq>
<HierarchyLvl HierarchyLvlId="1408" HierarchyLvlTypeId="11" Intrnl_Id="19" Name="TwitModel">
<Header>
<Loc EndOffset="3213" SrcFileId="1" StartOffset="3171"/>
</Header>
<LocList>
<Loc EndOffset="3345" SrcFileId="1" StartOffset="3171"/>
</LocList>
<StmntSeq Intrnl_Id="20">
<LocList>
<Loc EndOffset="3254" SrcFileId="1" StartOffset="3219"/>
<Loc EndOffset="3296" SrcFileId="1" StartOffset="3260"/>
</LocList>
<BasicStmnt CovItemId="S2" CovItemPrefix="model.TwitModel.java" Intrnl_Id="21">
<LocList>
<Loc EndOffset="3254" SrcFileId="1" StartOffset="3219"/>
</LocList>
</BasicStmnt>
<BasicStmnt CovItemId="S3" CovItemPrefix="model.TwitModel.java" Intrnl_Id="22">
<LocList>
<Loc EndOffset="3296" SrcFileId="1" StartOffset="3260"/>
</LocList>
</BasicStmnt>
</StmntSeq>
</HierarchyLvl>
<HierarchyLvl HierarchyLvlId="1409" HierarchyLvlTypeId="11" Intrnl_Id="23" Name="getValueAt">
<Header>
<Loc EndOffset="3621" SrcFileId="1" StartOffset="3561"/>
</Header>
<LocList>
<Loc EndOffset="4178" SrcFileId="1" StartOffset="3561"/>
</LocList>
<StmntSeq Intrnl_Id="24">
<LocList>
<Loc EndOffset="3645" SrcFileId="1" StartOffset="3627"/>
<Loc EndOffset="4159" SrcFileId="1" StartOffset="3649"/>
<Loc EndOffset="4174" SrcFileId="1" StartOffset="4163"/>
</LocList>
<BasicStmnt CovItemId="S4" CovItemPrefix="model.TwitModel.java" Intrnl_Id="25">
<LocList>
<Loc EndOffset="3645" SrcFileId="1" StartOffset="3627"/>
</LocList>
</BasicStmnt>
<CondStmnt CovItemId="S5" CovItemPrefix="model.TwitModel.java" Intrnl_Id="26">
<Branch CovItemId="B1" CovItemPrefix="model.TwitModel.java" Implct="false" Intrnl_Id="27">
<Cond>
<Loc EndOffset="3673" SrcFileId="1" StartOffset="3667"/>
</Cond>
<LocList>
<Loc EndOffset="3729" SrcFileId="1" StartOffset="3679"/>
</LocList>
<StmntSeq Intrnl_Id="28">
<LocList>
<Loc EndOffset="3718" SrcFileId="1" StartOffset="3679"/>
<Loc EndOffset="3729" SrcFileId="1" StartOffset="3723"/>
</LocList>
<BasicStmnt CovItemId="S6" CovItemPrefix="model.TwitModel.java" Intrnl_Id="29">
<LocList>
<Loc EndOffset="3718" SrcFileId="1" StartOffset="3679"/>
</LocList>
</BasicStmnt>
<BasicStmnt CovItemId="S7" CovItemPrefix="model.TwitModel.java" Intrnl_Id="30">
<LocList>
<Loc EndOffset="3729" SrcFileId="1" StartOffset="3723"/>
</LocList>
</BasicStmnt>
</StmntSeq>
</Branch>
<Branch CovItemId="B2" CovItemPrefix="model.TwitModel.java" Implct="false" Intrnl_Id="31">
<Cond>
<Loc EndOffset="3739" SrcFileId="1" StartOffset="3733"/>
</Cond>
<LocList>
<Loc EndOffset="3795" SrcFileId="1" StartOffset="3745"/>
</LocList>
<StmntSeq Intrnl_Id="32">
<LocList>
<Loc EndOffset="3784" SrcFileId="1" StartOffset="3745"/>
<Loc EndOffset="3795" SrcFileId="1" StartOffset="3789"/>
</LocList>
<BasicStmnt CovItemId="S8" CovItemPrefix="model.TwitModel.java" Intrnl_Id="33">
<LocList>
<Loc EndOffset="3784" SrcFileId="1" StartOffset="3745"/>
</LocList>
</BasicStmnt>
<BasicStmnt CovItemId="S9" CovItemPrefix="model.TwitModel.java" Intrnl_Id="34">
<LocList>
<Loc EndOffset="3795" SrcFileId="1" StartOffset="3789"/>
</LocList>
</BasicStmnt>
</StmntSeq>
</Branch>
<Branch CovItemId="B3" CovItemPrefix="model.TwitModel.java" Implct="false" Intrnl_Id="35">
<Cond>
<Loc EndOffset="3805" SrcFileId="1" StartOffset="3799"/>
</Cond>
<LocList>
<Loc EndOffset="3863" SrcFileId="1" StartOffset="3811"/>
</LocList>
<StmntSeq Intrnl_Id="36">
<LocList>
<Loc EndOffset="3852" SrcFileId="1" StartOffset="3811"/>
<Loc EndOffset="3863" SrcFileId="1" StartOffset="3857"/>
</LocList>
<BasicStmnt CovItemId="S10" CovItemPrefix="model.TwitModel.java" Intrnl_Id="37">
<LocList>
<Loc EndOffset="3852" SrcFileId="1" StartOffset="3811"/>
</LocList>
</BasicStmnt>
<BasicStmnt CovItemId="S11" CovItemPrefix="model.TwitModel.java" Intrnl_Id="38">
<LocList>
<Loc EndOffset="3863" SrcFileId="1" StartOffset="3857"/>
</LocList>
</BasicStmnt>
</StmntSeq>
</Branch>
<Branch CovItemId="B4" CovItemPrefix="model.TwitModel.java" Implct="false" Intrnl_Id="39">
<Cond>
<Loc EndOffset="3873" SrcFileId="1" StartOffset="3867"/>
</Cond>
<LocList>
<Loc EndOffset="3932" SrcFileId="1" StartOffset="3879"/>
</LocList>
<StmntSeq Intrnl_Id="40">
<LocList>
<Loc EndOffset="3921" SrcFileId="1" StartOffset="3879"/>
<Loc EndOffset="3932" SrcFileId="1" StartOffset="3926"/>
</LocList>
<BasicStmnt CovItemId="S12" CovItemPrefix="model.TwitModel.java" Intrnl_Id="41">
<LocList>
<Loc EndOffset="3921" SrcFileId="1" StartOffset="3879"/>
</LocList>
</BasicStmnt>
<BasicStmnt CovItemId="S13" CovItemPrefix="model.TwitModel.java" Intrnl_Id="42">
<LocList>
<Loc EndOffset="3932" SrcFileId="1" StartOffset="3926"/>
</LocList>
</BasicStmnt>
</StmntSeq>
</Branch>
<Branch CovItemId="B5" CovItemPrefix="model.TwitModel.java" Implct="false" Intrnl_Id="43">
<Cond>
<Loc EndOffset="3942" SrcFileId="1" StartOffset="3936"/>
</Cond>
<LocList>
<Loc EndOffset="4003" SrcFileId="1" StartOffset="3948"/>
</LocList>
<StmntSeq Intrnl_Id="44">
<LocList>
<Loc EndOffset="3992" SrcFileId="1" StartOffset="3948"/>
<Loc EndOffset="4003" SrcFileId="1" StartOffset="3997"/>
</LocList>
<BasicStmnt CovItemId="S14" CovItemPrefix="model.TwitModel.java" Intrnl_Id="45">
<LocList>
<Loc EndOffset="3992" SrcFileId="1" StartOffset="3948"/>
</LocList>
</BasicStmnt>
<BasicStmnt CovItemId="S15" CovItemPrefix="model.TwitModel.java" Intrnl_Id="46">
<LocList>
<Loc EndOffset="4003" SrcFileId="1" StartOffset="3997"/>
</LocList>
</BasicStmnt>
</StmntSeq>
</Branch>
<Branch CovItemId="B6" CovItemPrefix="model.TwitModel.java" Implct="false" Intrnl_Id="47">
<Cond>
<Loc EndOffset="4013" SrcFileId="1" StartOffset="4007"/>
</Cond>
<LocList>
<Loc EndOffset="4142" SrcFileId="1" StartOffset="4019"/>
</LocList>
<StmntSeq Intrnl_Id="48">
<LocList>
<Loc EndOffset="4142" SrcFileId="1" StartOffset="4019"/>
</LocList>
<CondStmnt CovItemId="S16" CovItemPrefix="model.TwitModel.java" Intrnl_Id="49">
<Branch CovItemId="B7" CovItemPrefix="model.TwitModel.java" Implct="false" Intrnl_Id="50">
<Cond/>
<LocList>
<Loc EndOffset="4110" SrcFileId="1" StartOffset="4083"/>
</LocList>
<StmntSeq Intrnl_Id="51">
<LocList>
<Loc EndOffset="4104" SrcFileId="1" StartOffset="4090"/>
</LocList>
<BasicStmnt CovItemId="S17" CovItemPrefix="model.TwitModel.java" Intrnl_Id="52">
<LocList>
<Loc EndOffset="4104" SrcFileId="1" StartOffset="4090"/>
</LocList>
</BasicStmnt>
</StmntSeq>
</Branch>
<Branch CovItemId="B8" CovItemPrefix="model.TwitModel.java" Implct="false" Intrnl_Id="53">
<Cond>
<Loc EndOffset="4115" SrcFileId="1" StartOffset="4111"/>
</Cond>
<LocList>
<Loc EndOffset="4142" SrcFileId="1" StartOffset="4116"/>
</LocList>
<StmntSeq Intrnl_Id="54">
<LocList>
<Loc EndOffset="4136" SrcFileId="1" StartOffset="4123"/>
</LocList>
<BasicStmnt CovItemId="S18" CovItemPrefix="model.TwitModel.java" Intrnl_Id="55">
<LocList>
<Loc EndOffset="4136" SrcFileId="1" StartOffset="4123"/>
</LocList>
</BasicStmnt>
</StmntSeq>
</Branch>
<Keyword EndOffset="4021" SrcFileId="1" StartOffset="4019"/>
<LocList>
<Loc EndOffset="4142" SrcFileId="1" StartOffset="4019"/>
</LocList>
<RootTerm CovItemId="C1" CovItemPrefix="model.TwitModel.java" Intrnl_Id="56">
<BasicBoolTerm Intrnl_Id="57">
<LocList>
<Loc EndOffset="4080" SrcFileId="1" StartOffset="4024"/>
</LocList>
</BasicBoolTerm>
</RootTerm>
</CondStmnt>
</StmntSeq>
</Branch>
<Branch CovItemId="B9" CovItemPrefix="model.TwitModel.java" Implct="false" Intrnl_Id="58">
<Cond>
<Loc EndOffset="4153" SrcFileId="1" StartOffset="4146"/>
</Cond>
<LocList/>
<StmntSeq Intrnl_Id="59">
<LocList/>
</StmntSeq>
</Branch>
<Keyword EndOffset="3655" SrcFileId="1" StartOffset="3649"/>
<LocList>
<Loc EndOffset="4159" SrcFileId="1" StartOffset="3649"/>
</LocList>
</CondStmnt>
<BasicStmnt CovItemId="S19" CovItemPrefix="model.TwitModel.java" Intrnl_Id="60">
<LocList>
<Loc EndOffset="4174" SrcFileId="1" StartOffset="4163"/>
</LocList>
</BasicStmnt>
</StmntSeq>
</HierarchyLvl>
<HierarchyLvl HierarchyLvlId="1410" HierarchyLvlTypeId="11" Intrnl_Id="61" Name="getColumnName">
<Header>
<Loc EndOffset="4412" SrcFileId="1" StartOffset="4349"/>
</Header>
<LocList>
<Loc EndOffset="4449" SrcFileId="1" StartOffset="4349"/>
</LocList>
<StmntSeq Intrnl_Id="62">
<LocList>
<Loc EndOffset="4445" SrcFileId="1" StartOffset="4418"/>
</LocList>
<BasicStmnt CovItemId="S20" CovItemPrefix="model.TwitModel.java" Intrnl_Id="63">
<LocList>
<Loc EndOffset="4445" SrcFileId="1" StartOffset="4418"/>
</LocList>
</BasicStmnt>
</StmntSeq>
</HierarchyLvl>
<HierarchyLvl HierarchyLvlId="1411" HierarchyLvlTypeId="11" Intrnl_Id="64" Name="add">
<Header>
<Loc EndOffset="4639" SrcFileId="1" StartOffset="4597"/>
</Header>
<LocList>
<Loc EndOffset="4764" SrcFileId="1" StartOffset="4597"/>
</LocList>
<StmntSeq Intrnl_Id="65">
<LocList>
<Loc EndOffset="4760" SrcFileId="1" StartOffset="4645"/>
</LocList>
<CondStmnt CovItemId="S21" CovItemPrefix="model.TwitModel.java" Intrnl_Id="66">
<Branch CovItemId="B10" CovItemPrefix="model.TwitModel.java" Implct="false" Intrnl_Id="67">
<Cond/>
<LocList>
<Loc EndOffset="4760" SrcFileId="1" StartOffset="4664"/>
</LocList>
<StmntSeq Intrnl_Id="68">
<LocList>
<Loc EndOffset="4690" SrcFileId="1" StartOffset="4670"/>
<Loc EndOffset="4755" SrcFileId="1" StartOffset="4695"/>
</LocList>
<BasicStmnt CovItemId="S22" CovItemPrefix="model.TwitModel.java" Intrnl_Id="69">
<LocList>
<Loc EndOffset="4690" SrcFileId="1" StartOffset="4670"/>
</LocList>
</BasicStmnt>
<BasicStmnt CovItemId="S23" CovItemPrefix="model.TwitModel.java" Intrnl_Id="70">
<LocList>
<Loc EndOffset="4755" SrcFileId="1" StartOffset="4695"/>
</LocList>
</BasicStmnt>
</StmntSeq>
</Branch>
<Branch CovItemId="B11" CovItemPrefix="model.TwitModel.java" Implct="true" Intrnl_Id="71">
<Cond/>
<LocList/>
<StmntSeq Intrnl_Id="72">
<LocList/>
</StmntSeq>
</Branch>
<Keyword EndOffset="4647" SrcFileId="1" StartOffset="4645"/>
<LocList>
<Loc EndOffset="4760" SrcFileId="1" StartOffset="4645"/>
</LocList>
<RootTerm CovItemId="C2" CovItemPrefix="model.TwitModel.java" Intrnl_Id="73">
<BasicBoolTerm Intrnl_Id="74">
<LocList>
<Loc EndOffset="4662" SrcFileId="1" StartOffset="4649"/>
</LocList>
</BasicBoolTerm>
</RootTerm>
</CondStmnt>
</StmntSeq>
</HierarchyLvl>
<HierarchyLvl HierarchyLvlId="1412" HierarchyLvlTypeId="11" Intrnl_Id="75" Name="remove">
<Header>
<Loc EndOffset="4929" SrcFileId="1" StartOffset="4888"/>
</Header>
<LocList>
<Loc EndOffset="5185" SrcFileId="1" StartOffset="4888"/>
</LocList>
<StmntSeq Intrnl_Id="76">
<LocList>
<Loc EndOffset="4968" SrcFileId="1" StartOffset="4945"/>
<Loc EndOffset="5008" SrcFileId="1" StartOffset="4973"/>
<Loc EndOffset="5020" SrcFileId="1" StartOffset="5013"/>
<Loc EndOffset="5181" SrcFileId="1" StartOffset="4935"/>
</LocList>
<BasicStmnt CovItemId="S25" CovItemPrefix="model.TwitModel.java" Intrnl_Id="77">
<LocList>
<Loc EndOffset="4968" SrcFileId="1" StartOffset="4945"/>
</LocList>
</BasicStmnt>
<BasicStmnt CovItemId="S26" CovItemPrefix="model.TwitModel.java" Intrnl_Id="78">
<LocList>
<Loc EndOffset="5008" SrcFileId="1" StartOffset="4973"/>
</LocList>
</BasicStmnt>
<BasicStmnt CovItemId="S27" CovItemPrefix="model.TwitModel.java" Intrnl_Id="79">
<LocList>
<Loc EndOffset="5020" SrcFileId="1" StartOffset="5013"/>
</LocList>
</BasicStmnt>
<CondStmnt CovItemId="S24" CovItemPrefix="model.TwitModel.java" Intrnl_Id="80">
<Branch CovItemId="B12" CovItemPrefix="model.TwitModel.java" Implct="true" Intrnl_Id="81">
<Cond/>
<LocList/>
<StmntSeq Intrnl_Id="82">
<LocList/>
</StmntSeq>
</Branch>
<Branch CovItemId="B13" CovItemPrefix="model.TwitModel.java" Implct="false" Intrnl_Id="83">
<Cond>
<Loc EndOffset="5061" SrcFileId="1" StartOffset="5026"/>
</Cond>
<LocList>
<Loc EndOffset="5181" SrcFileId="1" StartOffset="5062"/>
</LocList>
<StmntSeq Intrnl_Id="84">
<LocList>
<Loc EndOffset="5176" SrcFileId="1" StartOffset="5068"/>
</LocList>
<BasicStmnt CovItemId="S28" CovItemPrefix="model.TwitModel.java" Intrnl_Id="85">
<LocList>
<Loc EndOffset="5176" SrcFileId="1" StartOffset="5068"/>
</LocList>
</BasicStmnt>
</StmntSeq>
</Branch>
<Keyword EndOffset="4938" SrcFileId="1" StartOffset="4935"/>
<LocList>
<Loc EndOffset="5181" SrcFileId="1" StartOffset="4935"/>
</LocList>
</CondStmnt>
</StmntSeq>
</HierarchyLvl>
<HierarchyLvl HierarchyLvlId="1413" HierarchyLvlTypeId="11" Intrnl_Id="86" Name="retrieveStatus">
<Header>
<Loc EndOffset="5435" SrcFileId="1" StartOffset="5378"/>
</Header>
<LocList>
<Loc EndOffset="5693" SrcFileId="1" StartOffset="5378"/>
</LocList>
<StmntSeq Intrnl_Id="87">
<LocList>
<Loc EndOffset="5462" SrcFileId="1" StartOffset="5441"/>
<Loc EndOffset="5514" SrcFileId="1" StartOffset="5476"/>
<Loc EndOffset="5655" SrcFileId="1" StartOffset="5466"/>
<Loc EndOffset="5689" SrcFileId="1" StartOffset="5661"/>
</LocList>
<BasicStmnt CovItemId="S29" CovItemPrefix="model.TwitModel.java" Intrnl_Id="88">
<LocList>
<Loc EndOffset="5462" SrcFileId="1" StartOffset="5441"/>
</LocList>
</BasicStmnt>
<BasicStmnt CovItemId="S31" CovItemPrefix="model.TwitModel.java" Intrnl_Id="89">
<LocList>
<Loc EndOffset="5514" SrcFileId="1" StartOffset="5476"/>
</LocList>
</BasicStmnt>
<CondStmnt CovItemId="S30" CovItemPrefix="model.TwitModel.java" Intrnl_Id="90">
<Branch CovItemId="B14" CovItemPrefix="model.TwitModel.java" Implct="true" Intrnl_Id="91">
<Cond/>
<LocList/>
<StmntSeq Intrnl_Id="92">
<LocList/>
</StmntSeq>
</Branch>
<Branch CovItemId="B15" CovItemPrefix="model.TwitModel.java" Implct="false" Intrnl_Id="93">
<Cond>
<Loc EndOffset="5548" SrcFileId="1" StartOffset="5522"/>
</Cond>
<LocList>
<Loc EndOffset="5655" SrcFileId="1" StartOffset="5549"/>
</LocList>
<StmntSeq Intrnl_Id="94">
<LocList>
<Loc EndOffset="5650" SrcFileId="1" StartOffset="5555"/>
</LocList>
<BasicStmnt CovItemId="S32" CovItemPrefix="model.TwitModel.java" Intrnl_Id="95">
<LocList>
<Loc EndOffset="5650" SrcFileId="1" StartOffset="5555"/>
</LocList>
</BasicStmnt>
</StmntSeq>
</Branch>
<Keyword EndOffset="5469" SrcFileId="1" StartOffset="5466"/>
<LocList>
<Loc EndOffset="5655" SrcFileId="1" StartOffset="5466"/>
</LocList>
</CondStmnt>
<BasicStmnt CovItemId="S33" CovItemPrefix="model.TwitModel.java" Intrnl_Id="96">
<LocList>
<Loc EndOffset="5689" SrcFileId="1" StartOffset="5661"/>
</LocList>
</BasicStmnt>
</StmntSeq>
</HierarchyLvl>
<HierarchyLvl HierarchyLvlId="1414" HierarchyLvlTypeId="11" Intrnl_Id="97" Name="retriveTimeline">
<Header>
<Loc EndOffset="5904" SrcFileId="1" StartOffset="5837"/>
</Header>
<LocList>
<Loc EndOffset="6061" SrcFileId="1" StartOffset="5837"/>
</LocList>
<StmntSeq Intrnl_Id="98">
<LocList>
<Loc EndOffset="5962" SrcFileId="1" StartOffset="5912"/>
<Loc EndOffset="6037" SrcFileId="1" StartOffset="5968"/>
<Loc EndOffset="6057" SrcFileId="1" StartOffset="6041"/>
</LocList>
<BasicStmnt CovItemId="S34" CovItemPrefix="model.TwitModel.java" Intrnl_Id="99">
<LocList>
<Loc EndOffset="5962" SrcFileId="1" StartOffset="5912"/>
</LocList>
</BasicStmnt>
<LoopStmnt CovItemId="S35" CovItemPrefix="model.TwitModel.java" Intrnl_Id="100" MltplExecId="L1-2" MltplExecPrefix="model.TwitModel.java" NvrExecId="L1-0" NvrExecPrefix="model.TwitModel.java" OnceExecutedId="L1-1" OnceExecutedPrefix="model.TwitModel.java" OptBodyExec="true">
<StmntSeq Intrnl_Id="101">
<LocList>
<Loc EndOffset="6032" SrcFileId="1" StartOffset="6005"/>
</LocList>
<BasicStmnt CovItemId="S36" CovItemPrefix="model.TwitModel.java" Intrnl_Id="102">
<LocList>
<Loc EndOffset="6032" SrcFileId="1" StartOffset="6005"/>
</LocList>
</BasicStmnt>
</StmntSeq>
<Keyword EndOffset="5971" SrcFileId="1" StartOffset="5968"/>
<LocList>
<Loc EndOffset="6037" SrcFileId="1" StartOffset="5968"/>
</LocList>
</LoopStmnt>
<BasicStmnt CovItemId="S37" CovItemPrefix="model.TwitModel.java" Intrnl_Id="103">
<LocList>
<Loc EndOffset="6057" SrcFileId="1" StartOffset="6041"/>
</LocList>
</BasicStmnt>
</StmntSeq>
</HierarchyLvl>
<HierarchyLvl HierarchyLvlId="1415" HierarchyLvlTypeId="11" Intrnl_Id="104" Name="getArrayListSize">
<Header>
<Loc EndOffset="6206" SrcFileId="1" StartOffset="6171"/>
</Header>
<LocList>
<Loc EndOffset="6239" SrcFileId="1" StartOffset="6171"/>
</LocList>
<StmntSeq Intrnl_Id="105">
<LocList>
<Loc EndOffset="6235" SrcFileId="1" StartOffset="6212"/>
</LocList>
<BasicStmnt CovItemId="S38" CovItemPrefix="model.TwitModel.java" Intrnl_Id="106">
<LocList>
<Loc EndOffset="6235" SrcFileId="1" StartOffset="6212"/>
</LocList>
</BasicStmnt>
</StmntSeq>
</HierarchyLvl>
<HierarchyLvl HierarchyLvlId="1416" HierarchyLvlTypeId="11" Intrnl_Id="107" Name="arrayListGenerator">
<Header>
<Loc EndOffset="6431" SrcFileId="1" StartOffset="6374"/>
</Header>
<LocList>
<Loc EndOffset="6841" SrcFileId="1" StartOffset="6374"/>
</LocList>
<StmntSeq Intrnl_Id="108">
<LocList>
<Loc EndOffset="6466" SrcFileId="1" StartOffset="6437"/>
<Loc EndOffset="6515" SrcFileId="1" StartOffset="6470"/>
<Loc EndOffset="6560" SrcFileId="1" StartOffset="6519"/>
<Loc EndOffset="6613" SrcFileId="1" StartOffset="6564"/>
<Loc EndOffset="6662" SrcFileId="1" StartOffset="6617"/>
<Loc EndOffset="6690" SrcFileId="1" StartOffset="6666"/>
<Loc EndOffset="6741" SrcFileId="1" StartOffset="6694"/>
<Loc EndOffset="6826" SrcFileId="1" StartOffset="6745"/>
<Loc EndOffset="6837" SrcFileId="1" StartOffset="6830"/>
</LocList>
<BasicStmnt CovItemId="S39" CovItemPrefix="model.TwitModel.java" Intrnl_Id="109">
<LocList>
<Loc EndOffset="6466" SrcFileId="1" StartOffset="6437"/>
</LocList>
</BasicStmnt>
<BasicStmnt CovItemId="S40" CovItemPrefix="model.TwitModel.java" Intrnl_Id="110">
<LocList>
<Loc EndOffset="6515" SrcFileId="1" StartOffset="6470"/>
</LocList>
</BasicStmnt>
<BasicStmnt CovItemId="S41" CovItemPrefix="model.TwitModel.java" Intrnl_Id="111">
<LocList>
<Loc EndOffset="6560" SrcFileId="1" StartOffset="6519"/>
</LocList>
</BasicStmnt>
<BasicStmnt CovItemId="S42" CovItemPrefix="model.TwitModel.java" Intrnl_Id="112">
<LocList>
<Loc EndOffset="6613" SrcFileId="1" StartOffset="6564"/>
</LocList>
</BasicStmnt>
<BasicStmnt CovItemId="S43" CovItemPrefix="model.TwitModel.java" Intrnl_Id="113">
<LocList>
<Loc EndOffset="6662" SrcFileId="1" StartOffset="6617"/>
</LocList>
</BasicStmnt>
<BasicStmnt CovItemId="S44" CovItemPrefix="model.TwitModel.java" Intrnl_Id="114">
<LocList>
<Loc EndOffset="6690" SrcFileId="1" StartOffset="6666"/>
</LocList>
</BasicStmnt>
<BasicStmnt CovItemId="S45" CovItemPrefix="model.TwitModel.java" Intrnl_Id="115">
<LocList>
<Loc EndOffset="6741" SrcFileId="1" StartOffset="6694"/>
</LocList>
</BasicStmnt>
<BasicStmnt CovItemId="S46" CovItemPrefix="model.TwitModel.java" Intrnl_Id="116">
<LocList>
<Loc EndOffset="6826" SrcFileId="1" StartOffset="6745"/>
</LocList>
</BasicStmnt>
<BasicStmnt CovItemId="S47" CovItemPrefix="model.TwitModel.java" Intrnl_Id="117">
<LocList>
<Loc EndOffset="6837" SrcFileId="1" StartOffset="6830"/>
</LocList>
</BasicStmnt>
</StmntSeq>
</HierarchyLvl>
<HierarchyLvl HierarchyLvlId="1417" HierarchyLvlTypeId="11" Intrnl_Id="118" Name="retriveDisplayStatis">
<Header>
<Loc EndOffset="7068" SrcFileId="1" StartOffset="7011"/>
</Header>
<LocList>
<Loc EndOffset="7115" SrcFileId="1" StartOffset="7011"/>
</LocList>
<StmntSeq Intrnl_Id="119">
<LocList>
<Loc EndOffset="7111" SrcFileId="1" StartOffset="7074"/>
</LocList>
<BasicStmnt CovItemId="S48" CovItemPrefix="model.TwitModel.java" Intrnl_Id="120">
<LocList>
<Loc EndOffset="7111" SrcFileId="1" StartOffset="7074"/>
</LocList>
</BasicStmnt>
</StmntSeq>
</HierarchyLvl>
<HierarchyLvl HierarchyLvlId="1418" HierarchyLvlTypeId="11" Intrnl_Id="121" Name="getWordSearch">
<Header>
<Loc EndOffset="7317" SrcFileId="1" StartOffset="7270"/>
</Header>
<LocList>
<Loc EndOffset="7325" SrcFileId="1" StartOffset="7270"/>
</LocList>
</HierarchyLvl>
<HierarchyLvl HierarchyLvlId="1419" HierarchyLvlTypeId="11" Intrnl_Id="122" Name="getPhraseSearch">
<Header>
<Loc EndOffset="7553" SrcFileId="1" StartOffset="7483"/>
</Header>
<LocList>
<Loc EndOffset="7561" SrcFileId="1" StartOffset="7483"/>
</LocList>
</HierarchyLvl>
<HierarchyLvl HierarchyLvlId="1420" HierarchyLvlTypeId="11" Intrnl_Id="123" Name="addFavorite">
<Header>
<Loc EndOffset="7620" SrcFileId="1" StartOffset="7566"/>
</Header>
<LocList>
<Loc EndOffset="7668" SrcFileId="1" StartOffset="7566"/>
</LocList>
<StmntSeq Intrnl_Id="124">
<LocList>
<Loc EndOffset="7664" SrcFileId="1" StartOffset="7626"/>
</LocList>
<BasicStmnt CovItemId="S49" CovItemPrefix="model.TwitModel.java" Intrnl_Id="125">
<LocList>
<Loc EndOffset="7664" SrcFileId="1" StartOffset="7626"/>
</LocList>
</BasicStmnt>
</StmntSeq>
</HierarchyLvl>
<HierarchyLvl HierarchyLvlId="1421" HierarchyLvlTypeId="11" Intrnl_Id="126" Name="delteFavorite">
<Header>
<Loc EndOffset="7729" SrcFileId="1" StartOffset="7673"/>
</Header>
<LocList>
<Loc EndOffset="7776" SrcFileId="1" StartOffset="7673"/>
</LocList>
<StmntSeq Intrnl_Id="127">
<LocList>
<Loc EndOffset="7772" SrcFileId="1" StartOffset="7735"/>
</LocList>
<BasicStmnt CovItemId="S50" CovItemPrefix="model.TwitModel.java" Intrnl_Id="128">
<LocList>
<Loc EndOffset="7772" SrcFileId="1" StartOffset="7735"/>
</LocList>
</BasicStmnt>
</StmntSeq>
</HierarchyLvl>
<HierarchyLvl HierarchyLvlId="1422" HierarchyLvlTypeId="11" Intrnl_Id="129" Name="clearFavoriteList">
<Header>
<Loc EndOffset="7818" SrcFileId="1" StartOffset="7781"/>
</Header>
<LocList>
<Loc EndOffset="7850" SrcFileId="1" StartOffset="7781"/>
</LocList>
<StmntSeq Intrnl_Id="130">
<LocList>
<Loc EndOffset="7846" SrcFileId="1" StartOffset="7824"/>
</LocList>
<BasicStmnt CovItemId="S51" CovItemPrefix="model.TwitModel.java" Intrnl_Id="131">
<LocList>
<Loc EndOffset="7846" SrcFileId="1" StartOffset="7824"/>
</LocList>
</BasicStmnt>
</StmntSeq>
</HierarchyLvl>
<HierarchyLvl HierarchyLvlId="1423" HierarchyLvlTypeId="11" Intrnl_Id="132" Name="getFStringList">
<Header>
<Loc EndOffset="7889" SrcFileId="1" StartOffset="7855"/>
</Header>
<LocList>
<Loc EndOffset="7925" SrcFileId="1" StartOffset="7855"/>
</LocList>
<StmntSeq Intrnl_Id="133">
<LocList>
<Loc EndOffset="7921" SrcFileId="1" StartOffset="7895"/>
</LocList>
<BasicStmnt CovItemId="S52" CovItemPrefix="model.TwitModel.java" Intrnl_Id="134">
<LocList>
<Loc EndOffset="7921" SrcFileId="1" StartOffset="7895"/>
</LocList>
</BasicStmnt>
</StmntSeq>
</HierarchyLvl>
<HierarchyLvl HierarchyLvlId="1424" HierarchyLvlTypeId="11" Intrnl_Id="135" Name="saveFavorites">
<Header>
<Loc EndOffset="7984" SrcFileId="1" StartOffset="7930"/>
</Header>
<LocList>
<Loc EndOffset="8020" SrcFileId="1" StartOffset="7930"/>
</LocList>
<StmntSeq Intrnl_Id="136">
<LocList>
<Loc EndOffset="8016" SrcFileId="1" StartOffset="7990"/>
</LocList>
<BasicStmnt CovItemId="S53" CovItemPrefix="model.TwitModel.java" Intrnl_Id="137">
<LocList>
<Loc EndOffset="8016" SrcFileId="1" StartOffset="7990"/>
</LocList>
</BasicStmnt>
</StmntSeq>
</HierarchyLvl>
<HierarchyLvl HierarchyLvlId="1425" HierarchyLvlTypeId="11" Intrnl_Id="138" Name="loadFavorites">
<Header>
<Loc EndOffset="8079" SrcFileId="1" StartOffset="8025"/>
</Header>
<LocList>
<Loc EndOffset="8123" SrcFileId="1" StartOffset="8025"/>
</LocList>
<StmntSeq Intrnl_Id="139">
<LocList>
<Loc EndOffset="8119" SrcFileId="1" StartOffset="8085"/>
</LocList>
<BasicStmnt CovItemId="S54" CovItemPrefix="model.TwitModel.java" Intrnl_Id="140">
<LocList>
<Loc EndOffset="8119" SrcFileId="1" StartOffset="8085"/>
</LocList>
</BasicStmnt>
</StmntSeq>
</HierarchyLvl>
<HierarchyLvl HierarchyLvlId="1426" HierarchyLvlTypeId="11" Intrnl_Id="141" Name="getFavorite">
<Header>
<Loc EndOffset="8178" SrcFileId="1" StartOffset="8128"/>
</Header>
<LocList>
<Loc EndOffset="8293" SrcFileId="1" StartOffset="8128"/>
</LocList>
<StmntSeq Intrnl_Id="142">
<LocList>
<Loc EndOffset="8289" SrcFileId="1" StartOffset="8184"/>
</LocList>
<CondStmnt CovItemId="S55" CovItemPrefix="model.TwitModel.java" Intrnl_Id="143">
<Branch CovItemId="B16" CovItemPrefix="model.TwitModel.java" Implct="false" Intrnl_Id="144">
<Cond/>
<LocList>
<Loc EndOffset="8259" SrcFileId="1" StartOffset="8234"/>
</LocList>
<StmntSeq Intrnl_Id="145">
<LocList>
<Loc EndOffset="8254" SrcFileId="1" StartOffset="8242"/>
</LocList>
<BasicStmnt CovItemId="S56" CovItemPrefix="model.TwitModel.java" Intrnl_Id="146">
<LocList>
<Loc EndOffset="8254" SrcFileId="1" StartOffset="8242"/>
</LocList>
</BasicStmnt>
</StmntSeq>
</Branch>
<Branch CovItemId="B17" CovItemPrefix="model.TwitModel.java" Implct="false" Intrnl_Id="147">
<Cond>
<Loc EndOffset="8264" SrcFileId="1" StartOffset="8260"/>
</Cond>
<LocList>
<Loc EndOffset="8289" SrcFileId="1" StartOffset="8265"/>
</LocList>
<StmntSeq Intrnl_Id="148">
<LocList>
<Loc EndOffset="8284" SrcFileId="1" StartOffset="8271"/>
</LocList>
<BasicStmnt CovItemId="S57" CovItemPrefix="model.TwitModel.java" Intrnl_Id="149">
<LocList>
<Loc EndOffset="8284" SrcFileId="1" StartOffset="8271"/>
</LocList>
</BasicStmnt>
</StmntSeq>
</Branch>
<Keyword EndOffset="8186" SrcFileId="1" StartOffset="8184"/>
<LocList>
<Loc EndOffset="8289" SrcFileId="1" StartOffset="8184"/>
</LocList>
<RootTerm CovItemId="C3" CovItemPrefix="model.TwitModel.java" Intrnl_Id="150">
<BasicBoolTerm Intrnl_Id="151">
<LocList>
<Loc EndOffset="8232" SrcFileId="1" StartOffset="8188"/>
</LocList>
</BasicBoolTerm>
</RootTerm>
</CondStmnt>
</StmntSeq>
</HierarchyLvl>
<HierarchyLvl HierarchyLvlId="1427" HierarchyLvlTypeId="11" Intrnl_Id="152" Name="getFavoriteStatus">
<Header>
<Loc EndOffset="8332" SrcFileId="1" StartOffset="8298"/>
</Header>
<LocList>
<Loc EndOffset="8355" SrcFileId="1" StartOffset="8298"/>
</LocList>
<StmntSeq Intrnl_Id="153">
<LocList>
<Loc EndOffset="8351" SrcFileId="1" StartOffset="8338"/>
</LocList>
<BasicStmnt CovItemId="S58" CovItemPrefix="model.TwitModel.java" Intrnl_Id="154">
<LocList>
<Loc EndOffset="8351" SrcFileId="1" StartOffset="8338"/>
</LocList>
</BasicStmnt>
</StmntSeq>
</HierarchyLvl>
<HierarchyLvl HierarchyLvlId="1428" HierarchyLvlTypeId="11" Intrnl_Id="155" Name="getFriendsNumber">
<Header>
<Loc EndOffset="8653" SrcFileId="1" StartOffset="8604"/>
</Header>
<LocList>
<Loc EndOffset="8875" SrcFileId="1" StartOffset="8604"/>
</LocList>
<StmntSeq Intrnl_Id="156">
<LocList>
<Loc EndOffset="8674" SrcFileId="1" StartOffset="8659"/>
<Loc EndOffset="8752" SrcFileId="1" StartOffset="8688"/>
<Loc EndOffset="8853" SrcFileId="1" StartOffset="8678"/>
<Loc EndOffset="8871" SrcFileId="1" StartOffset="8857"/>
</LocList>
<BasicStmnt CovItemId="S59" CovItemPrefix="model.TwitModel.java" Intrnl_Id="157">
<LocList>
<Loc EndOffset="8674" SrcFileId="1" StartOffset="8659"/>
</LocList>
</BasicStmnt>
<BasicStmnt CovItemId="S61" CovItemPrefix="model.TwitModel.java" Intrnl_Id="158">
<LocList>
<Loc EndOffset="8752" SrcFileId="1" StartOffset="8688"/>
</LocList>
</BasicStmnt>
<CondStmnt CovItemId="S60" CovItemPrefix="model.TwitModel.java" Intrnl_Id="159">
<Branch CovItemId="B18" CovItemPrefix="model.TwitModel.java" Implct="true" Intrnl_Id="160">
<Cond/>
<LocList/>
<StmntSeq Intrnl_Id="161">
<LocList/>
</StmntSeq>
</Branch>
<Branch CovItemId="B19" CovItemPrefix="model.TwitModel.java" Implct="false" Intrnl_Id="162">
<Cond>
<Loc EndOffset="8785" SrcFileId="1" StartOffset="8758"/>
</Cond>
<LocList>
<Loc EndOffset="8853" SrcFileId="1" StartOffset="8786"/>
</LocList>
<StmntSeq Intrnl_Id="163">
<LocList>
<Loc EndOffset="8848" SrcFileId="1" StartOffset="8792"/>
</LocList>
<BasicStmnt CovItemId="S62" CovItemPrefix="model.TwitModel.java" Intrnl_Id="164">
<LocList>
<Loc EndOffset="8848" SrcFileId="1" StartOffset="8792"/>
</LocList>
</BasicStmnt>
</StmntSeq>
</Branch>
<Keyword EndOffset="8681" SrcFileId="1" StartOffset="8678"/>
<LocList>
<Loc EndOffset="8853" SrcFileId="1" StartOffset="8678"/>
</LocList>
</CondStmnt>
<BasicStmnt CovItemId="S63" CovItemPrefix="model.TwitModel.java" Intrnl_Id="165">
<LocList>
<Loc EndOffset="8871" SrcFileId="1" StartOffset="8857"/>
</LocList>
</BasicStmnt>
</StmntSeq>
</HierarchyLvl>
<HierarchyLvl HierarchyLvlId="1429" HierarchyLvlTypeId="11" Intrnl_Id="166" Name="authenticate">
<Header>
<Loc EndOffset="9217" SrcFileId="1" StartOffset="9121"/>
</Header>
<LocList>
<Loc EndOffset="12199" SrcFileId="1" StartOffset="9121"/>
</LocList>
<StmntSeq Intrnl_Id="167">
<LocList>
<Loc EndOffset="9257" SrcFileId="1" StartOffset="9225"/>
<Loc EndOffset="9422" SrcFileId="1" StartOffset="9263"/>
<Loc EndOffset="9464" SrcFileId="1" StartOffset="9428"/>
<Loc EndOffset="9495" SrcFileId="1" StartOffset="9468"/>
<Loc EndOffset="9567" SrcFileId="1" StartOffset="9501"/>
<Loc EndOffset="9619" SrcFileId="1" StartOffset="9571"/>
<Loc EndOffset="9670" SrcFileId="1" StartOffset="9625"/>
<Loc EndOffset="9712" SrcFileId="1" StartOffset="9676"/>
<Loc EndOffset="10056" SrcFileId="1" StartOffset="9718"/>
<Loc EndOffset="10094" SrcFileId="1" StartOffset="10060"/>
<Loc EndOffset="12150" SrcFileId="1" StartOffset="10098"/>
<Loc EndOffset="12195" SrcFileId="1" StartOffset="12154"/>
</LocList>
<BasicStmnt CovItemId="S64" CovItemPrefix="model.TwitModel.java" Intrnl_Id="168">
<LocList>
<Loc EndOffset="9257" SrcFileId="1" StartOffset="9225"/>
</LocList>
</BasicStmnt>
<BasicStmnt CovItemId="S65" CovItemPrefix="model.TwitModel.java" Intrnl_Id="169">
<LocList>
<Loc EndOffset="9422" SrcFileId="1" StartOffset="9263"/>
</LocList>
</BasicStmnt>
<BasicStmnt CovItemId="S66" CovItemPrefix="model.TwitModel.java" Intrnl_Id="170">
<LocList>
<Loc EndOffset="9464" SrcFileId="1" StartOffset="9428"/>
</LocList>
</BasicStmnt>
<BasicStmnt CovItemId="S67" CovItemPrefix="model.TwitModel.java" Intrnl_Id="171">
<LocList>
<Loc EndOffset="9495" SrcFileId="1" StartOffset="9468"/>
</LocList>
</BasicStmnt>
<BasicStmnt CovItemId="S68" CovItemPrefix="model.TwitModel.java" Intrnl_Id="172">
<LocList>
<Loc EndOffset="9567" SrcFileId="1" StartOffset="9501"/>
</LocList>
</BasicStmnt>
<CondStmnt CovItemId="S69" CovItemPrefix="model.TwitModel.java" Intrnl_Id="173">
<Branch CovItemId="B20" CovItemPrefix="model.TwitModel.java" Implct="false" Intrnl_Id="174">
<Cond/>
<LocList>
<Loc EndOffset="9619" SrcFileId="1" StartOffset="9593"/>
</LocList>
<StmntSeq Intrnl_Id="175">
<LocList>
<Loc EndOffset="9614" SrcFileId="1" StartOffset="9599"/>
</LocList>
<BasicStmnt CovItemId="S70" CovItemPrefix="model.TwitModel.java" Intrnl_Id="176">
<LocList>
<Loc EndOffset="9614" SrcFileId="1" StartOffset="9599"/>
</LocList>
</BasicStmnt>
</StmntSeq>
</Branch>
<Branch CovItemId="B21" CovItemPrefix="model.TwitModel.java" Implct="true" Intrnl_Id="177">
<Cond/>
<LocList/>
<StmntSeq Intrnl_Id="178">
<LocList/>
</StmntSeq>
</Branch>
<Keyword EndOffset="9573" SrcFileId="1" StartOffset="9571"/>
<LocList>
<Loc EndOffset="9619" SrcFileId="1" StartOffset="9571"/>
</LocList>
<RootTerm CovItemId="C4" CovItemPrefix="model.TwitModel.java" Intrnl_Id="179">
<BasicBoolTerm Intrnl_Id="180">
<LocList>
<Loc EndOffset="9591" SrcFileId="1" StartOffset="9575"/>
</LocList>
</BasicBoolTerm>
</RootTerm>
</CondStmnt>
<BasicStmnt CovItemId="S71" CovItemPrefix="model.TwitModel.java" Intrnl_Id="181">
<LocList>
<Loc EndOffset="9670" SrcFileId="1" StartOffset="9625"/>
</LocList>
</BasicStmnt>
<BasicStmnt CovItemId="S72" CovItemPrefix="model.TwitModel.java" Intrnl_Id="182">
<LocList>
<Loc EndOffset="9712" SrcFileId="1" StartOffset="9676"/>
</LocList>
</BasicStmnt>
<LoopStmnt CovItemId="S73" CovItemPrefix="model.TwitModel.java" Intrnl_Id="183" MltplExecId="L2-2" MltplExecPrefix="model.TwitModel.java" NvrExecId="L2-0" NvrExecPrefix="model.TwitModel.java" OnceExecutedId="L2-1" OnceExecutedPrefix="model.TwitModel.java" OptBodyExec="true">
<StmntSeq Intrnl_Id="184">
<LocList>
<Loc EndOffset="9789" SrcFileId="1" StartOffset="9756"/>
<Loc EndOffset="9826" SrcFileId="1" StartOffset="9796"/>
<Loc EndOffset="10049" SrcFileId="1" StartOffset="9873"/>
</LocList>
<BasicStmnt CovItemId="S74" CovItemPrefix="model.TwitModel.java" Intrnl_Id="185">
<LocList>
<Loc EndOffset="9789" SrcFileId="1" StartOffset="9756"/>
</LocList>
</BasicStmnt>
<BasicStmnt CovItemId="S75" CovItemPrefix="model.TwitModel.java" Intrnl_Id="186">
<LocList>
<Loc EndOffset="9826" SrcFileId="1" StartOffset="9796"/>
</LocList>
</BasicStmnt>
<CondStmnt CovItemId="S76" CovItemPrefix="model.TwitModel.java" Intrnl_Id="187">
<Branch CovItemId="B22" CovItemPrefix="model.TwitModel.java" Implct="false" Intrnl_Id="188">
<Cond/>
<LocList>
<Loc EndOffset="10049" SrcFileId="1" StartOffset="9900"/>
</LocList>
<StmntSeq Intrnl_Id="189">
<LocList>
<Loc EndOffset="9949" SrcFileId="1" StartOffset="9907"/>
<Loc EndOffset="9996" SrcFileId="1" StartOffset="9955"/>
<Loc EndOffset="10043" SrcFileId="1" StartOffset="10002"/>
</LocList>
<BasicStmnt CovItemId="S77" CovItemPrefix="model.TwitModel.java" Intrnl_Id="190">
<LocList>
<Loc EndOffset="9949" SrcFileId="1" StartOffset="9907"/>
</LocList>
</BasicStmnt>
<BasicStmnt CovItemId="S78" CovItemPrefix="model.TwitModel.java" Intrnl_Id="191">
<LocList>
<Loc EndOffset="9996" SrcFileId="1" StartOffset="9955"/>
</LocList>
</BasicStmnt>
<BasicStmnt CovItemId="S79" CovItemPrefix="model.TwitModel.java" Intrnl_Id="192">
<LocList>
<Loc EndOffset="10043" SrcFileId="1" StartOffset="10002"/>
</LocList>
</BasicStmnt>
</StmntSeq>
</Branch>
<Branch CovItemId="B23" CovItemPrefix="model.TwitModel.java" Implct="true" Intrnl_Id="193">
<Cond/>
<LocList/>
<StmntSeq Intrnl_Id="194">
<LocList/>
</StmntSeq>
</Branch>
<Keyword EndOffset="9875" SrcFileId="1" StartOffset="9873"/>
<LocList>
<Loc EndOffset="10049" SrcFileId="1" StartOffset="9873"/>
</LocList>
<RootTerm CovItemId="C6" CovItemPrefix="model.TwitModel.java" Intrnl_Id="195">
<BasicBoolTerm Intrnl_Id="196">
<LocList>
<Loc EndOffset="9898" SrcFileId="1" StartOffset="9877"/>
</LocList>
</BasicBoolTerm>
</RootTerm>
</CondStmnt>
</StmntSeq>
<Keyword EndOffset="9723" SrcFileId="1" StartOffset="9718"/>
<LocList>
<Loc EndOffset="10056" SrcFileId="1" StartOffset="9718"/>
</LocList>
<RootTerm CovItemId="C5" CovItemPrefix="model.TwitModel.java" Intrnl_Id="197">
<BasicBoolTerm Intrnl_Id="198">
<LocList>
<Loc EndOffset="9746" SrcFileId="1" StartOffset="9725"/>
</LocList>
</BasicBoolTerm>
</RootTerm>
</LoopStmnt>
<BasicStmnt CovItemId="S80" CovItemPrefix="model.TwitModel.java" Intrnl_Id="199">
<LocList>
<Loc EndOffset="10094" SrcFileId="1" StartOffset="10060"/>
</LocList>
</BasicStmnt>
<CondStmnt CovItemId="S81" CovItemPrefix="model.TwitModel.java" Intrnl_Id="200">
<Branch CovItemId="B24" CovItemPrefix="model.TwitModel.java" Implct="false" Intrnl_Id="201">
<Cond/>
<LocList>
<Loc EndOffset="10162" SrcFileId="1" StartOffset="10123"/>
</LocList>
<StmntSeq Intrnl_Id="202">
<LocList>
<Loc EndOffset="10145" SrcFileId="1" StartOffset="10129"/>
<Loc EndOffset="10157" SrcFileId="1" StartOffset="10150"/>
</LocList>
<BasicStmnt CovItemId="S82" CovItemPrefix="model.TwitModel.java" Intrnl_Id="203">
<LocList>
<Loc EndOffset="10145" SrcFileId="1" StartOffset="10129"/>
</LocList>
</BasicStmnt>
<BasicStmnt CovItemId="S83" CovItemPrefix="model.TwitModel.java" Intrnl_Id="204">
<LocList>
<Loc EndOffset="10157" SrcFileId="1" StartOffset="10150"/>
</LocList>
</BasicStmnt>
</StmntSeq>
</Branch>
<Branch CovItemId="B25" CovItemPrefix="model.TwitModel.java" Implct="false" Intrnl_Id="205">
<Cond>
<Loc EndOffset="10167" SrcFileId="1" StartOffset="10163"/>
</Cond>
<LocList>
<Loc EndOffset="12150" SrcFileId="1" StartOffset="10168"/>
</LocList>
<StmntSeq Intrnl_Id="206">
<LocList>
<Loc EndOffset="10368" SrcFileId="1" StartOffset="10322"/>
<Loc EndOffset="10396" SrcFileId="1" StartOffset="10377"/>
<Loc EndOffset="11285" SrcFileId="1" StartOffset="10405"/>
<Loc EndOffset="11587" SrcFileId="1" StartOffset="10189"/>
<Loc EndOffset="11692" SrcFileId="1" StartOffset="10176"/>
<Loc EndOffset="11839" SrcFileId="1" StartOffset="11750"/>
<Loc EndOffset="11865" SrcFileId="1" StartOffset="11844"/>
<Loc EndOffset="11913" SrcFileId="1" StartOffset="11872"/>
<Loc EndOffset="11953" SrcFileId="1" StartOffset="11918"/>
<Loc EndOffset="12063" SrcFileId="1" StartOffset="11960"/>
<Loc EndOffset="12084" SrcFileId="1" StartOffset="12068"/>
<Loc EndOffset="12103" SrcFileId="1" StartOffset="12089"/>
<Loc EndOffset="12128" SrcFileId="1" StartOffset="12108"/>
<Loc EndOffset="12145" SrcFileId="1" StartOffset="12133"/>
</LocList>
<BasicStmnt CovItemId="S86" CovItemPrefix="model.TwitModel.java" Intrnl_Id="207">
<LocList>
<Loc EndOffset="10368" SrcFileId="1" StartOffset="10322"/>
</LocList>
</BasicStmnt>
<BasicStmnt CovItemId="S87" CovItemPrefix="model.TwitModel.java" Intrnl_Id="208">
<LocList>
<Loc EndOffset="10396" SrcFileId="1" StartOffset="10377"/>
</LocList>
</BasicStmnt>
<LoopStmnt CovItemId="S88" CovItemPrefix="model.TwitModel.java" Intrnl_Id="209" MltplExecId="L3-2" MltplExecPrefix="model.TwitModel.java" NvrExecId="L3-0" NvrExecPrefix="model.TwitModel.java" OnceExecutedId="L3-1" OnceExecutedPrefix="model.TwitModel.java" OptBodyExec="true">
<StmntSeq Intrnl_Id="210">
<LocList>
<Loc EndOffset="10499" SrcFileId="1" StartOffset="10444"/>
<Loc EndOffset="10526" SrcFileId="1" StartOffset="10509"/>
<Loc EndOffset="10636" SrcFileId="1" StartOffset="10536"/>
<Loc EndOffset="10871" SrcFileId="1" StartOffset="10660"/>
<Loc EndOffset="11277" SrcFileId="1" StartOffset="10646"/>
</LocList>
<BasicStmnt CovItemId="S89" CovItemPrefix="model.TwitModel.java" Intrnl_Id="211">
<LocList>
<Loc EndOffset="10499" SrcFileId="1" StartOffset="10444"/>
</LocList>
</BasicStmnt>
<BasicStmnt CovItemId="S90" CovItemPrefix="model.TwitModel.java" Intrnl_Id="212">
<LocList>
<Loc EndOffset="10526" SrcFileId="1" StartOffset="10509"/>
</LocList>
</BasicStmnt>
<BasicStmnt CovItemId="S91" CovItemPrefix="model.TwitModel.java" Intrnl_Id="213">
<LocList>
<Loc EndOffset="10636" SrcFileId="1" StartOffset="10536"/>
</LocList>
</BasicStmnt>
<CondStmnt CovItemId="S93" CovItemPrefix="model.TwitModel.java" Intrnl_Id="214">
<Branch CovItemId="B29" CovItemPrefix="model.TwitModel.java" Implct="false" Intrnl_Id="215">
<Cond/>
<LocList>
<Loc EndOffset="10776" SrcFileId="1" StartOffset="10682"/>
</LocList>
<StmntSeq Intrnl_Id="216">
<LocList>
<Loc EndOffset="10766" SrcFileId="1" StartOffset="10693"/>
</LocList>
<BasicStmnt CovItemId="S94" CovItemPrefix="model.TwitModel.java" Intrnl_Id="217">
<LocList>
<Loc EndOffset="10766" SrcFileId="1" StartOffset="10693"/>
</LocList>
</BasicStmnt>
</StmntSeq>
</Branch>
<Branch CovItemId="B30" CovItemPrefix="model.TwitModel.java" Implct="false" Intrnl_Id="218">
<Cond>
<Loc EndOffset="10781" SrcFileId="1" StartOffset="10777"/>
</Cond>
<LocList>
<Loc EndOffset="10871" SrcFileId="1" StartOffset="10782"/>
</LocList>
<StmntSeq Intrnl_Id="219">
<LocList>
<Loc EndOffset="10861" SrcFileId="1" StartOffset="10793"/>
</LocList>
<BasicStmnt CovItemId="S95" CovItemPrefix="model.TwitModel.java" Intrnl_Id="220">
<LocList>
<Loc EndOffset="10861" SrcFileId="1" StartOffset="10793"/>
</LocList>
</BasicStmnt>
</StmntSeq>
</Branch>
<Keyword EndOffset="10662" SrcFileId="1" StartOffset="10660"/>
<LocList>
<Loc EndOffset="10871" SrcFileId="1" StartOffset="10660"/>
</LocList>
<RootTerm CovItemId="C9" CovItemPrefix="model.TwitModel.java" Intrnl_Id="221">
<BasicBoolTerm Intrnl_Id="222">
<LocList>
<Loc EndOffset="10680" SrcFileId="1" StartOffset="10664"/>
</LocList>
</BasicBoolTerm>
</RootTerm>
</CondStmnt>
<CondStmnt CovItemId="S92" CovItemPrefix="model.TwitModel.java" Intrnl_Id="223">
<Branch CovItemId="B28" CovItemPrefix="model.TwitModel.java" Implct="true" Intrnl_Id="224">
<Cond/>
<LocList/>
<StmntSeq Intrnl_Id="225">
<LocList/>
</StmntSeq>
</Branch>
<Branch CovItemId="B31" CovItemPrefix="model.TwitModel.java" Implct="false" Intrnl_Id="226">
<Cond>
<Loc EndOffset="10908" SrcFileId="1" StartOffset="10881"/>
</Cond>
<LocList>
<Loc EndOffset="11277" SrcFileId="1" StartOffset="10909"/>
</LocList>
<StmntSeq Intrnl_Id="227">
<LocList>
<Loc EndOffset="11268" SrcFileId="1" StartOffset="10919"/>
</LocList>
<CondStmnt CovItemId="S96" CovItemPrefix="model.TwitModel.java" Intrnl_Id="228">
<Branch CovItemId="B32" CovItemPrefix="model.TwitModel.java" Implct="false" Intrnl_Id="229">
<Cond/>
<LocList>
<Loc EndOffset="11220" SrcFileId="1" StartOffset="10950"/>
</LocList>
<StmntSeq Intrnl_Id="230">
<LocList>
<Loc EndOffset="11110" SrcFileId="1" StartOffset="10963"/>
<Loc EndOffset="11141" SrcFileId="1" StartOffset="11120"/>
</LocList>
<BasicStmnt CovItemId="S97" CovItemPrefix="model.TwitModel.java" Intrnl_Id="231">
<LocList>
<Loc EndOffset="11110" SrcFileId="1" StartOffset="10963"/>
</LocList>
</BasicStmnt>
<BasicStmnt CovItemId="S98" CovItemPrefix="model.TwitModel.java" Intrnl_Id="232">
<LocList>
<Loc EndOffset="11141" SrcFileId="1" StartOffset="11120"/>
</LocList>
</BasicStmnt>
</StmntSeq>
</Branch>
<Branch CovItemId="B33" CovItemPrefix="model.TwitModel.java" Implct="false" Intrnl_Id="233">
<Cond>
<Loc EndOffset="11225" SrcFileId="1" StartOffset="11221"/>
</Cond>
<LocList>
<Loc EndOffset="11268" SrcFileId="1" StartOffset="11226"/>
</LocList>
<StmntSeq Intrnl_Id="234">
<LocList>
<Loc EndOffset="11258" SrcFileId="1" StartOffset="11237"/>
</LocList>
<BasicStmnt CovItemId="S99" CovItemPrefix="model.TwitModel.java" Intrnl_Id="235">
<LocList>
<Loc EndOffset="11258" SrcFileId="1" StartOffset="11237"/>
</LocList>
</BasicStmnt>
</StmntSeq>
</Branch>
<Keyword EndOffset="10921" SrcFileId="1" StartOffset="10919"/>
<LocList>
<Loc EndOffset="11268" SrcFileId="1" StartOffset="10919"/>
</LocList>
<RootTerm CovItemId="C10" CovItemPrefix="model.TwitModel.java" Intrnl_Id="236">
<BasicBoolTerm Intrnl_Id="237">
<LocList>
<Loc EndOffset="10948" SrcFileId="1" StartOffset="10923"/>
</LocList>
</BasicBoolTerm>
</RootTerm>
</CondStmnt>
</StmntSeq>
</Branch>
<Keyword EndOffset="10649" SrcFileId="1" StartOffset="10646"/>
<LocList>
<Loc EndOffset="11277" SrcFileId="1" StartOffset="10646"/>
</LocList>
</CondStmnt>
</StmntSeq>
<Keyword EndOffset="10410" SrcFileId="1" StartOffset="10405"/>
<LocList>
<Loc EndOffset="11285" SrcFileId="1" StartOffset="10405"/>
</LocList>
<RootTerm CovItemId="C8" CovItemPrefix="model.TwitModel.java" Intrnl_Id="238">
<BasicBoolTerm Intrnl_Id="239">
<LocList>
<Loc EndOffset="10431" SrcFileId="1" StartOffset="10412"/>
</LocList>
</BasicBoolTerm>
</RootTerm>
</LoopStmnt>
<CondStmnt CovItemId="S85" CovItemPrefix="model.TwitModel.java" Intrnl_Id="240">
<Branch CovItemId="B27" CovItemPrefix="model.TwitModel.java" Implct="true" Intrnl_Id="241">
<Cond/>
<LocList/>
<StmntSeq Intrnl_Id="242">
<LocList/>
</StmntSeq>
</Branch>
<Branch CovItemId="B34" CovItemPrefix="model.TwitModel.java" Implct="false" Intrnl_Id="243">
<Cond>
<Loc EndOffset="11327" SrcFileId="1" StartOffset="11295"/>
</Cond>
<LocList>
<Loc EndOffset="11587" SrcFileId="1" StartOffset="11328"/>
</LocList>
<StmntSeq Intrnl_Id="244">
<LocList>
<Loc EndOffset="11580" SrcFileId="1" StartOffset="11424"/>
</LocList>
<CondStmnt CovItemId="S100" CovItemPrefix="model.TwitModel.java" Intrnl_Id="245">
<Branch CovItemId="B35" CovItemPrefix="model.TwitModel.java" Implct="false" Intrnl_Id="246">
<Cond/>
<LocList>
<Loc EndOffset="11580" SrcFileId="1" StartOffset="11469"/>
</LocList>
<StmntSeq Intrnl_Id="247">
<LocList>
<Loc EndOffset="11548" SrcFileId="1" StartOffset="11478"/>
<Loc EndOffset="11572" SrcFileId="1" StartOffset="11556"/>
</LocList>
<BasicStmnt CovItemId="S101" CovItemPrefix="model.TwitModel.java" Intrnl_Id="248">
<LocList>
<Loc EndOffset="11548" SrcFileId="1" StartOffset="11478"/>
</LocList>
</BasicStmnt>
<BasicStmnt CovItemId="S102" CovItemPrefix="model.TwitModel.java" Intrnl_Id="249">
<LocList>
<Loc EndOffset="11572" SrcFileId="1" StartOffset="11556"/>
</LocList>
</BasicStmnt>
</StmntSeq>
</Branch>
<Branch CovItemId="B36" CovItemPrefix="model.TwitModel.java" Implct="true" Intrnl_Id="250">
<Cond/>
<LocList/>
<StmntSeq Intrnl_Id="251">
<LocList/>
</StmntSeq>
</Branch>
<Keyword EndOffset="11426" SrcFileId="1" StartOffset="11424"/>
<LocList>
<Loc EndOffset="11580" SrcFileId="1" StartOffset="11424"/>
</LocList>
<RootTerm CovItemId="C11" CovItemPrefix="model.TwitModel.java" Intrnl_Id="252">
<OpTerm BooleanOpId="7" Intrnl_Id="253">
<BasicBoolTerm Intrnl_Id="254">
<LocList>
<Loc EndOffset="11467" SrcFileId="1" StartOffset="11429"/>
</LocList>
</BasicBoolTerm>
<LocList>
<Loc EndOffset="11429" SrcFileId="1" StartOffset="11428"/>
</LocList>
</OpTerm>
</RootTerm>
</CondStmnt>
</StmntSeq>
</Branch>
<Keyword EndOffset="10192" SrcFileId="1" StartOffset="10189"/>
<LocList>
<Loc EndOffset="11587" SrcFileId="1" StartOffset="10189"/>
</LocList>
</CondStmnt>
<CondStmnt CovItemId="S84" CovItemPrefix="model.TwitModel.java" Intrnl_Id="255">
<Branch CovItemId="B26" CovItemPrefix="model.TwitModel.java" Implct="true" Intrnl_Id="256">
<Cond/>
<LocList/>
<StmntSeq Intrnl_Id="257">
<LocList/>
</StmntSeq>
</Branch>
<Branch CovItemId="B37" CovItemPrefix="model.TwitModel.java" Implct="false" Intrnl_Id="258">
<Cond>
<Loc EndOffset="11627" SrcFileId="1" StartOffset="11596"/>
</Cond>
<LocList>
<Loc EndOffset="11692" SrcFileId="1" StartOffset="11628"/>
</LocList>
<StmntSeq Intrnl_Id="259">
<LocList>
<Loc EndOffset="11665" SrcFileId="1" StartOffset="11635"/>
<Loc EndOffset="11686" SrcFileId="1" StartOffset="11671"/>
</LocList>
<BasicStmnt CovItemId="S103" CovItemPrefix="model.TwitModel.java" Intrnl_Id="260">
<LocList>
<Loc EndOffset="11665" SrcFileId="1" StartOffset="11635"/>
</LocList>
</BasicStmnt>
<BasicStmnt CovItemId="S104" CovItemPrefix="model.TwitModel.java" Intrnl_Id="261">
<LocList>
<Loc EndOffset="11686" SrcFileId="1" StartOffset="11671"/>
</LocList>
</BasicStmnt>
</StmntSeq>
</Branch>
<Keyword EndOffset="10179" SrcFileId="1" StartOffset="10176"/>
<LocList>
<Loc EndOffset="11692" SrcFileId="1" StartOffset="10176"/>
</LocList>
</CondStmnt>
<BasicStmnt CovItemId="S105" CovItemPrefix="model.TwitModel.java" Intrnl_Id="262">
<LocList>
<Loc EndOffset="11839" SrcFileId="1" StartOffset="11750"/>
</LocList>
</BasicStmnt>
<BasicStmnt CovItemId="S106" CovItemPrefix="model.TwitModel.java" Intrnl_Id="263">
<LocList>
<Loc EndOffset="11865" SrcFileId="1" StartOffset="11844"/>
</LocList>
</BasicStmnt>
<BasicStmnt CovItemId="S107" CovItemPrefix="model.TwitModel.java" Intrnl_Id="264">
<LocList>
<Loc EndOffset="11913" SrcFileId="1" StartOffset="11872"/>
</LocList>
</BasicStmnt>
<BasicStmnt CovItemId="S108" CovItemPrefix="model.TwitModel.java" Intrnl_Id="265">
<LocList>
<Loc EndOffset="11953" SrcFileId="1" StartOffset="11918"/>
</LocList>
</BasicStmnt>
<BasicStmnt CovItemId="S109" CovItemPrefix="model.TwitModel.java" Intrnl_Id="266">
<LocList>
<Loc EndOffset="12063" SrcFileId="1" StartOffset="11960"/>
</LocList>
</BasicStmnt>
<BasicStmnt CovItemId="S110" CovItemPrefix="model.TwitModel.java" Intrnl_Id="267">
<LocList>
<Loc EndOffset="12084" SrcFileId="1" StartOffset="12068"/>
</LocList>
</BasicStmnt>
<BasicStmnt CovItemId="S111" CovItemPrefix="model.TwitModel.java" Intrnl_Id="268">
<LocList>
<Loc EndOffset="12103" SrcFileId="1" StartOffset="12089"/>
</LocList>
</BasicStmnt>
<BasicStmnt CovItemId="S112" CovItemPrefix="model.TwitModel.java" Intrnl_Id="269">
<LocList>
<Loc EndOffset="12128" SrcFileId="1" StartOffset="12108"/>
</LocList>
</BasicStmnt>
<BasicStmnt CovItemId="S113" CovItemPrefix="model.TwitModel.java" Intrnl_Id="270">
<LocList>
<Loc EndOffset="12145" SrcFileId="1" StartOffset="12133"/>
</LocList>
</BasicStmnt>
</StmntSeq>
</Branch>
<Keyword EndOffset="10100" SrcFileId="1" StartOffset="10098"/>
<LocList>
<Loc EndOffset="12150" SrcFileId="1" StartOffset="10098"/>
</LocList>
<RootTerm CovItemId="C7" CovItemPrefix="model.TwitModel.java" Intrnl_Id="271">
<BasicBoolTerm Intrnl_Id="272">
<LocList>
<Loc EndOffset="10121" SrcFileId="1" StartOffset="10102"/>
</LocList>
</BasicBoolTerm>
</RootTerm>
</CondStmnt>
<BasicStmnt CovItemId="S114" CovItemPrefix="model.TwitModel.java" Intrnl_Id="273">
<LocList>
<Loc EndOffset="12195" SrcFileId="1" StartOffset="12154"/>
</LocList>
</BasicStmnt>
</StmntSeq>
</HierarchyLvl>
<HierarchyLvl HierarchyLvlId="1430" HierarchyLvlTypeId="11" Intrnl_Id="274" Name="openWebpage">
<Header>
<Loc EndOffset="12249" SrcFileId="1" StartOffset="12204"/>
</Header>
<LocList>
<Loc EndOffset="12535" SrcFileId="1" StartOffset="12204"/>
</LocList>
<StmntSeq Intrnl_Id="275">
<LocList>
<Loc EndOffset="12278" SrcFileId="1" StartOffset="12255"/>
<Loc EndOffset="12358" SrcFileId="1" StartOffset="12282"/>
<Loc EndOffset="12531" SrcFileId="1" StartOffset="12362"/>
</LocList>
<BasicStmnt CovItemId="S115" CovItemPrefix="model.TwitModel.java" Intrnl_Id="276">
<LocList>
<Loc EndOffset="12278" SrcFileId="1" StartOffset="12255"/>
</LocList>
</BasicStmnt>
<CondStmnt CovItemId="S116" CovItemPrefix="model.TwitModel.java" Intrnl_Id="277">
<Branch CovItemId="B38" CovItemPrefix="model.TwitModel.java" Implct="false" Intrnl_Id="278">
<Cond/>
<LocList>
<Loc EndOffset="12358" SrcFileId="1" StartOffset="12316"/>
</LocList>
<StmntSeq Intrnl_Id="279">
<LocList>
<Loc EndOffset="12353" SrcFileId="1" StartOffset="12322"/>
</LocList>
<BasicStmnt CovItemId="S117" CovItemPrefix="model.TwitModel.java" Intrnl_Id="280">
<LocList>
<Loc EndOffset="12353" SrcFileId="1" StartOffset="12322"/>
</LocList>
</BasicStmnt>
</StmntSeq>
</Branch>
<Branch CovItemId="B39" CovItemPrefix="model.TwitModel.java" Implct="true" Intrnl_Id="281">
<Cond/>
<LocList/>
<StmntSeq Intrnl_Id="282">
<LocList/>
</StmntSeq>
</Branch>
<Keyword EndOffset="12284" SrcFileId="1" StartOffset="12282"/>
<LocList>
<Loc EndOffset="12358" SrcFileId="1" StartOffset="12282"/>
</LocList>
<RootTerm CovItemId="C12" CovItemPrefix="model.TwitModel.java" Intrnl_Id="283">
<BasicBoolTerm Intrnl_Id="284">
<LocList>
<Loc EndOffset="12314" SrcFileId="1" StartOffset="12286"/>
</LocList>
</BasicBoolTerm>
</RootTerm>
</CondStmnt>
<CondStmnt CovItemId="S118" CovItemPrefix="model.TwitModel.java" Intrnl_Id="285">
<Branch CovItemId="B40" CovItemPrefix="model.TwitModel.java" Implct="false" Intrnl_Id="286">
<Cond/>
<LocList>
<Loc EndOffset="12531" SrcFileId="1" StartOffset="12429"/>
</LocList>
<StmntSeq Intrnl_Id="287">
<LocList>
<Loc EndOffset="12466" SrcFileId="1" StartOffset="12446"/>
<Loc EndOffset="12526" SrcFileId="1" StartOffset="12435"/>
</LocList>
<BasicStmnt CovItemId="S120" CovItemPrefix="model.TwitModel.java" Intrnl_Id="288">
<LocList>
<Loc EndOffset="12466" SrcFileId="1" StartOffset="12446"/>
</LocList>
</BasicStmnt>
<CondStmnt CovItemId="S119" CovItemPrefix="model.TwitModel.java" Intrnl_Id="289">
<Branch CovItemId="B42" CovItemPrefix="model.TwitModel.java" Implct="true" Intrnl_Id="290">
<Cond/>
<LocList/>
<StmntSeq Intrnl_Id="291">
<LocList/>
</StmntSeq>
</Branch>
<Branch CovItemId="B43" CovItemPrefix="model.TwitModel.java" Implct="false" Intrnl_Id="292">
<Cond>
<Loc EndOffset="12492" SrcFileId="1" StartOffset="12473"/>
</Cond>
<LocList>
<Loc EndOffset="12526" SrcFileId="1" StartOffset="12493"/>
</LocList>
<StmntSeq Intrnl_Id="293">
<LocList>
<Loc EndOffset="12520" SrcFileId="1" StartOffset="12500"/>
</LocList>
<BasicStmnt CovItemId="S121" CovItemPrefix="model.TwitModel.java" Intrnl_Id="294">
<LocList>
<Loc EndOffset="12520" SrcFileId="1" StartOffset="12500"/>
</LocList>
</BasicStmnt>
</StmntSeq>
</Branch>
<Keyword EndOffset="12438" SrcFileId="1" StartOffset="12435"/>
<LocList>
<Loc EndOffset="12526" SrcFileId="1" StartOffset="12435"/>
</LocList>
</CondStmnt>
</StmntSeq>
</Branch>
<Branch CovItemId="B41" CovItemPrefix="model.TwitModel.java" Implct="true" Intrnl_Id="295">
<Cond/>
<LocList/>
<StmntSeq Intrnl_Id="296">
<LocList/>
</StmntSeq>
</Branch>
<Keyword EndOffset="12364" SrcFileId="1" StartOffset="12362"/>
<LocList>
<Loc EndOffset="12531" SrcFileId="1" StartOffset="12362"/>
</LocList>
<RootTerm CovItemId="C13" CovItemPrefix="model.TwitModel.java" Intrnl_Id="297">
<OpTerm BooleanOpId="8" Intrnl_Id="298">
<BasicBoolTerm Intrnl_Id="299">
<LocList>
<Loc EndOffset="12381" SrcFileId="1" StartOffset="12366"/>
</LocList>
</BasicBoolTerm>
<BasicBoolTerm Intrnl_Id="300">
<LocList>
<Loc EndOffset="12427" SrcFileId="1" StartOffset="12385"/>
</LocList>
</BasicBoolTerm>
<LocList>
<Loc EndOffset="12384" SrcFileId="1" StartOffset="12382"/>
</LocList>
</OpTerm>
</RootTerm>
</CondStmnt>
</StmntSeq>
</HierarchyLvl>
<HierarchyLvl HierarchyLvlId="1431" HierarchyLvlTypeId="11" Intrnl_Id="301" Name="openWebpage">
<Header>
<Loc EndOffset="12585" SrcFileId="1" StartOffset="12540"/>
</Header>
<LocList>
<Loc EndOffset="12696" SrcFileId="1" StartOffset="12540"/>
</LocList>
<StmntSeq Intrnl_Id="302">
<LocList>
<Loc EndOffset="12626" SrcFileId="1" StartOffset="12601"/>
<Loc EndOffset="12692" SrcFileId="1" StartOffset="12591"/>
</LocList>
<BasicStmnt CovItemId="S123" CovItemPrefix="model.TwitModel.java" Intrnl_Id="303">
<LocList>
<Loc EndOffset="12626" SrcFileId="1" StartOffset="12601"/>
</LocList>
</BasicStmnt>
<CondStmnt CovItemId="S122" CovItemPrefix="model.TwitModel.java" Intrnl_Id="304">
<Branch CovItemId="B44" CovItemPrefix="model.TwitModel.java" Implct="true" Intrnl_Id="305">
<Cond/>
<LocList/>
<StmntSeq Intrnl_Id="306">
<LocList/>
</StmntSeq>
</Branch>
<Branch CovItemId="B45" CovItemPrefix="model.TwitModel.java" Implct="false" Intrnl_Id="307">
<Cond>
<Loc EndOffset="12660" SrcFileId="1" StartOffset="12632"/>
</Cond>
<LocList>
<Loc EndOffset="12692" SrcFileId="1" StartOffset="12661"/>
</LocList>
<StmntSeq Intrnl_Id="308">
<LocList>
<Loc EndOffset="12687" SrcFileId="1" StartOffset="12667"/>
</LocList>
<BasicStmnt CovItemId="S124" CovItemPrefix="model.TwitModel.java" Intrnl_Id="309">
<LocList>
<Loc EndOffset="12687" SrcFileId="1" StartOffset="12667"/>
</LocList>
</BasicStmnt>
</StmntSeq>
</Branch>
<Keyword EndOffset="12594" SrcFileId="1" StartOffset="12591"/>
<LocList>
<Loc EndOffset="12692" SrcFileId="1" StartOffset="12591"/>
</LocList>
</CondStmnt>
</StmntSeq>
</HierarchyLvl>
<HierarchyLvl HierarchyLvlId="1432" HierarchyLvlTypeId="11" Intrnl_Id="310" Name="logout">
<Header>
<Loc EndOffset="12727" SrcFileId="1" StartOffset="12701"/>
</Header>
<LocList>
<Loc EndOffset="12824" SrcFileId="1" StartOffset="12701"/>
</LocList>
<StmntSeq Intrnl_Id="311">
<LocList>
<Loc EndOffset="12767" SrcFileId="1" StartOffset="12733"/>
<Loc EndOffset="12797" SrcFileId="1" StartOffset="12771"/>
<Loc EndOffset="12820" SrcFileId="1" StartOffset="12801"/>
</LocList>
<BasicStmnt CovItemId="S125" CovItemPrefix="model.TwitModel.java" Intrnl_Id="312">
<LocList>
<Loc EndOffset="12767" SrcFileId="1" StartOffset="12733"/>
</LocList>
</BasicStmnt>
<BasicStmnt CovItemId="S126" CovItemPrefix="model.TwitModel.java" Intrnl_Id="313">
<LocList>
<Loc EndOffset="12797" SrcFileId="1" StartOffset="12771"/>
</LocList>
</BasicStmnt>
<BasicStmnt CovItemId="S127" CovItemPrefix="model.TwitModel.java" Intrnl_Id="314">
<LocList>
<Loc EndOffset="12820" SrcFileId="1" StartOffset="12801"/>
</LocList>
</BasicStmnt>
</StmntSeq>
</HierarchyLvl>
<HierarchyLvl HierarchyLvlId="1433" HierarchyLvlTypeId="11" Intrnl_Id="315" Name="updateStatus">
<Header>
<Loc EndOffset="13071" SrcFileId="1" StartOffset="12998"/>
</Header>
<LocList>
<Loc EndOffset="13846" SrcFileId="1" StartOffset="12998"/>
</LocList>
<StmntSeq Intrnl_Id="316">
<LocList>
<Loc EndOffset="13093" SrcFileId="1" StartOffset="13079"/>
<Loc EndOffset="13111" SrcFileId="1" StartOffset="13097"/>
<Loc EndOffset="13129" SrcFileId="1" StartOffset="13115"/>
<Loc EndOffset="13174" SrcFileId="1" StartOffset="13135"/>
<Loc EndOffset="13235" SrcFileId="1" StartOffset="13180"/>
<Loc EndOffset="13581" SrcFileId="1" StartOffset="13241"/>
<Loc EndOffset="13597" SrcFileId="1" StartOffset="13587"/>
<Loc EndOffset="13738" SrcFileId="1" StartOffset="13603"/>
<Loc EndOffset="13842" SrcFileId="1" StartOffset="13742"/>
</LocList>
<BasicStmnt CovItemId="S128" CovItemPrefix="model.TwitModel.java" Intrnl_Id="317">
<LocList>
<Loc EndOffset="13093" SrcFileId="1" StartOffset="13079"/>
</LocList>
</BasicStmnt>
<BasicStmnt CovItemId="S129" CovItemPrefix="model.TwitModel.java" Intrnl_Id="318">
<LocList>
<Loc EndOffset="13111" SrcFileId="1" StartOffset="13097"/>
</LocList>
</BasicStmnt>
<BasicStmnt CovItemId="S130" CovItemPrefix="model.TwitModel.java" Intrnl_Id="319">
<LocList>
<Loc EndOffset="13129" SrcFileId="1" StartOffset="13115"/>
</LocList>
</BasicStmnt>
<BasicStmnt CovItemId="S131" CovItemPrefix="model.TwitModel.java" Intrnl_Id="320">
<LocList>
<Loc EndOffset="13174" SrcFileId="1" StartOffset="13135"/>
</LocList>
</BasicStmnt>
<BasicStmnt CovItemId="S132" CovItemPrefix="model.TwitModel.java" Intrnl_Id="321">
<LocList>
<Loc EndOffset="13235" SrcFileId="1" StartOffset="13180"/>
</LocList>
</BasicStmnt>
<CondStmnt CovItemId="S133" CovItemPrefix="model.TwitModel.java" Intrnl_Id="322">
<Branch CovItemId="B46" CovItemPrefix="model.TwitModel.java" Implct="false" Intrnl_Id="323">
<Cond/>
<LocList>
<Loc EndOffset="13581" SrcFileId="1" StartOffset="13266"/>
</LocList>
<StmntSeq Intrnl_Id="324">
<LocList>
<Loc EndOffset="13496" SrcFileId="1" StartOffset="13272"/>
<Loc EndOffset="13514" SrcFileId="1" StartOffset="13503"/>
<Loc EndOffset="13576" SrcFileId="1" StartOffset="13519"/>
</LocList>
<LoopStmnt CovItemId="S134" CovItemPrefix="model.TwitModel.java" Intrnl_Id="325" MltplExecId="L4-2" MltplExecPrefix="model.TwitModel.java" NvrExecId="L4-0" NvrExecPrefix="model.TwitModel.java" OnceExecutedId="L4-1" OnceExecutedPrefix="model.TwitModel.java" OptBodyExec="true">
<StmntSeq Intrnl_Id="326">
<LocList>
<Loc EndOffset="13356" SrcFileId="1" StartOffset="13307"/>
<Loc EndOffset="13370" SrcFileId="1" StartOffset="13362"/>
<Loc EndOffset="13389" SrcFileId="1" StartOffset="13376"/>
<Loc EndOffset="13406" SrcFileId="1" StartOffset="13395"/>
<Loc EndOffset="13450" SrcFileId="1" StartOffset="13412"/>
<Loc EndOffset="13490" SrcFileId="1" StartOffset="13456"/>
</LocList>
<BasicStmnt CovItemId="S135" CovItemPrefix="model.TwitModel.java" Intrnl_Id="327">
<LocList>
<Loc EndOffset="13356" SrcFileId="1" StartOffset="13307"/>
</LocList>
</BasicStmnt>
<BasicStmnt CovItemId="S136" CovItemPrefix="model.TwitModel.java" Intrnl_Id="328">
<LocList>
<Loc EndOffset="13370" SrcFileId="1" StartOffset="13362"/>
</LocList>
</BasicStmnt>
<BasicStmnt CovItemId="S137" CovItemPrefix="model.TwitModel.java" Intrnl_Id="329">
<LocList>
<Loc EndOffset="13389" SrcFileId="1" StartOffset="13376"/>
</LocList>
</BasicStmnt>
<BasicStmnt CovItemId="S138" CovItemPrefix="model.TwitModel.java" Intrnl_Id="330">
<LocList>
<Loc EndOffset="13406" SrcFileId="1" StartOffset="13395"/>
</LocList>
</BasicStmnt>
<BasicStmnt CovItemId="S139" CovItemPrefix="model.TwitModel.java" Intrnl_Id="331">
<LocList>
<Loc EndOffset="13450" SrcFileId="1" StartOffset="13412"/>
</LocList>
</BasicStmnt>
<BasicStmnt CovItemId="S140" CovItemPrefix="model.TwitModel.java" Intrnl_Id="332">
<LocList>
<Loc EndOffset="13490" SrcFileId="1" StartOffset="13456"/>
</LocList>
</BasicStmnt>
</StmntSeq>
<Keyword EndOffset="13277" SrcFileId="1" StartOffset="13272"/>
<LocList>
<Loc EndOffset="13496" SrcFileId="1" StartOffset="13272"/>
</LocList>
<RootTerm CovItemId="C15" CovItemPrefix="model.TwitModel.java" Intrnl_Id="333">
<BasicBoolTerm Intrnl_Id="334">
<LocList>
<Loc EndOffset="13298" SrcFileId="1" StartOffset="13279"/>
</LocList>
</BasicBoolTerm>
</RootTerm>
</LoopStmnt>
<BasicStmnt CovItemId="S141" CovItemPrefix="model.TwitModel.java" Intrnl_Id="335">
<LocList>
<Loc EndOffset="13514" SrcFileId="1" StartOffset="13503"/>
</LocList>
</BasicStmnt>
<BasicStmnt CovItemId="S142" CovItemPrefix="model.TwitModel.java" Intrnl_Id="336">
<LocList>
<Loc EndOffset="13576" SrcFileId="1" StartOffset="13519"/>
</LocList>
</BasicStmnt>
</StmntSeq>
</Branch>
<Branch CovItemId="B47" CovItemPrefix="model.TwitModel.java" Implct="true" Intrnl_Id="337">
<Cond/>
<LocList/>
<StmntSeq Intrnl_Id="338">
<LocList/>
</StmntSeq>
</Branch>
<Keyword EndOffset="13243" SrcFileId="1" StartOffset="13241"/>
<LocList>
<Loc EndOffset="13581" SrcFileId="1" StartOffset="13241"/>
</LocList>
<RootTerm CovItemId="C14" CovItemPrefix="model.TwitModel.java" Intrnl_Id="339">
<BasicBoolTerm Intrnl_Id="340">
<LocList>
<Loc EndOffset="13264" SrcFileId="1" StartOffset="13245"/>
</LocList>
</BasicBoolTerm>
</RootTerm>
</CondStmnt>
<BasicStmnt CovItemId="S143" CovItemPrefix="model.TwitModel.java" Intrnl_Id="341">
<LocList>
<Loc EndOffset="13597" SrcFileId="1" StartOffset="13587"/>
</LocList>
</BasicStmnt>
<LoopStmnt CovItemId="S144" CovItemPrefix="model.TwitModel.java" Intrnl_Id="342" MltplExecId="L5-2" MltplExecPrefix="model.TwitModel.java" NvrExecId="L5-0" NvrExecPrefix="model.TwitModel.java" OnceExecutedId="L5-1" OnceExecutedPrefix="model.TwitModel.java" OptBodyExec="true">
<StmntSeq Intrnl_Id="343">
<LocList>
<Loc EndOffset="13687" SrcFileId="1" StartOffset="13645"/>
<Loc EndOffset="13700" SrcFileId="1" StartOffset="13692"/>
<Loc EndOffset="13733" SrcFileId="1" StartOffset="13705"/>
</LocList>
<BasicStmnt CovItemId="S145" CovItemPrefix="model.TwitModel.java" Intrnl_Id="344">
<LocList>
<Loc EndOffset="13687" SrcFileId="1" StartOffset="13645"/>
</LocList>
</BasicStmnt>
<BasicStmnt CovItemId="S146" CovItemPrefix="model.TwitModel.java" Intrnl_Id="345">
<LocList>
<Loc EndOffset="13700" SrcFileId="1" StartOffset="13692"/>
</LocList>
</BasicStmnt>
<BasicStmnt CovItemId="S147" CovItemPrefix="model.TwitModel.java" Intrnl_Id="346">
<LocList>
<Loc EndOffset="13733" SrcFileId="1" StartOffset="13705"/>
</LocList>
</BasicStmnt>
</StmntSeq>
<Keyword EndOffset="13608" SrcFileId="1" StartOffset="13603"/>
<LocList>
<Loc EndOffset="13738" SrcFileId="1" StartOffset="13603"/>
</LocList>
<RootTerm CovItemId="C16" CovItemPrefix="model.TwitModel.java" Intrnl_Id="347">
<BasicBoolTerm Intrnl_Id="348">
<LocList>
<Loc EndOffset="13637" SrcFileId="1" StartOffset="13610"/>
</LocList>
</BasicBoolTerm>
</RootTerm>
</LoopStmnt>
<CondStmnt CovItemId="S148" CovItemPrefix="model.TwitModel.java" Intrnl_Id="349">
<Branch CovItemId="B48" CovItemPrefix="model.TwitModel.java" Implct="false" Intrnl_Id="350">
<Cond/>
<LocList>
<Loc EndOffset="13842" SrcFileId="1" StartOffset="13771"/>
</LocList>
<StmntSeq Intrnl_Id="351">
<LocList>
<Loc EndOffset="13804" SrcFileId="1" StartOffset="13777"/>
<Loc EndOffset="13837" SrcFileId="1" StartOffset="13809"/>
</LocList>
<BasicStmnt CovItemId="S149" CovItemPrefix="model.TwitModel.java" Intrnl_Id="352">
<LocList>
<Loc EndOffset="13804" SrcFileId="1" StartOffset="13777"/>
</LocList>
</BasicStmnt>
<BasicStmnt CovItemId="S150" CovItemPrefix="model.TwitModel.java" Intrnl_Id="353">
<LocList>
<Loc EndOffset="13837" SrcFileId="1" StartOffset="13809"/>
</LocList>
</BasicStmnt>
</StmntSeq>
</Branch>
<Branch CovItemId="B49" CovItemPrefix="model.TwitModel.java" Implct="true" Intrnl_Id="354">
<Cond/>
<LocList/>
<StmntSeq Intrnl_Id="355">
<LocList/>
</StmntSeq>
</Branch>
<Keyword EndOffset="13744" SrcFileId="1" StartOffset="13742"/>
<LocList>
<Loc EndOffset="13842" SrcFileId="1" StartOffset="13742"/>
</LocList>
<RootTerm CovItemId="C17" CovItemPrefix="model.TwitModel.java" Intrnl_Id="356">
<BasicBoolTerm Intrnl_Id="357">
<LocList>
<Loc EndOffset="13769" SrcFileId="1" StartOffset="13746"/>
</LocList>
</BasicBoolTerm>
</RootTerm>
</CondStmnt>
</StmntSeq>
</HierarchyLvl>
<HierarchyLvl HierarchyLvlId="1434" HierarchyLvlTypeId="11" Intrnl_Id="358" Name="getColumnCount">
<Header>
<Loc EndOffset="13976" SrcFileId="1" StartOffset="13931"/>
</Header>
<LocList>
<Loc EndOffset="14012" SrcFileId="1" StartOffset="13931"/>
</LocList>
<StmntSeq Intrnl_Id="359">
<LocList>
<Loc EndOffset="14008" SrcFileId="1" StartOffset="13982"/>
</LocList>
<BasicStmnt CovItemId="S151" CovItemPrefix="model.TwitModel.java" Intrnl_Id="360">
<LocList>
<Loc EndOffset="14008" SrcFileId="1" StartOffset="13982"/>
</LocList>
</BasicStmnt>
</StmntSeq>
</HierarchyLvl>
<HierarchyLvl HierarchyLvlId="1435" HierarchyLvlTypeId="11" Intrnl_Id="361" Name="getRowCount">
<Header>
<Loc EndOffset="14131" SrcFileId="1" StartOffset="14089"/>
</Header>
<LocList>
<Loc EndOffset="14164" SrcFileId="1" StartOffset="14089"/>
</LocList>
<StmntSeq Intrnl_Id="362">
<LocList>
<Loc EndOffset="14160" SrcFileId="1" StartOffset="14137"/>
</LocList>
<BasicStmnt CovItemId="S152" CovItemPrefix="model.TwitModel.java" Intrnl_Id="363">
<LocList>
<Loc EndOffset="14160" SrcFileId="1" StartOffset="14137"/>
</LocList>
</BasicStmnt>
</StmntSeq>
</HierarchyLvl>
<HierarchyLvl HierarchyLvlId="1436" HierarchyLvlTypeId="11" Intrnl_Id="364" Name="getProfileImage">
<Header>
<Loc EndOffset="14283" SrcFileId="1" StartOffset="14169"/>
</Header>
<LocList>
<Loc EndOffset="14439" SrcFileId="1" StartOffset="14169"/>
</LocList>
<StmntSeq Intrnl_Id="365">
<LocList>
<Loc EndOffset="14377" SrcFileId="1" StartOffset="14291"/>
<Loc EndOffset="14417" SrcFileId="1" StartOffset="14381"/>
<Loc EndOffset="14435" SrcFileId="1" StartOffset="14423"/>
</LocList>
<BasicStmnt CovItemId="S153" CovItemPrefix="model.TwitModel.java" Intrnl_Id="366">
<LocList>
<Loc EndOffset="14377" SrcFileId="1" StartOffset="14291"/>
</LocList>
</BasicStmnt>
<BasicStmnt CovItemId="S154" CovItemPrefix="model.TwitModel.java" Intrnl_Id="367">
<LocList>
<Loc EndOffset="14417" SrcFileId="1" StartOffset="14381"/>
</LocList>
</BasicStmnt>
<BasicStmnt CovItemId="S155" CovItemPrefix="model.TwitModel.java" Intrnl_Id="368">
<LocList>
<Loc EndOffset="14435" SrcFileId="1" StartOffset="14423"/>
</LocList>
</BasicStmnt>
</StmntSeq>
</HierarchyLvl>
<HierarchyLvl HierarchyLvlId="1437" HierarchyLvlTypeId="11" Intrnl_Id="369" Name="actionPerformed">
<Header>
<Loc EndOffset="14507" SrcFileId="1" StartOffset="14444"/>
</Header>
<LocList>
<Loc EndOffset="14515" SrcFileId="1" StartOffset="14444"/>
</LocList>
</HierarchyLvl>
<HierarchyLvl HierarchyLvlId="1438" HierarchyLvlTypeId="11" Intrnl_Id="370" Name="hyperlinkUpdate">
<Header>
<Loc EndOffset="14586" SrcFileId="1" StartOffset="14520"/>
</Header>
<LocList>
<Loc EndOffset="14594" SrcFileId="1" StartOffset="14520"/>
</LocList>
</HierarchyLvl>
<HierarchyLvl HierarchyLvlId="1439" HierarchyLvlTypeId="11" Intrnl_Id="371" Name="getRealName">
<Header>
<Loc EndOffset="14667" SrcFileId="1" StartOffset="14599"/>
</Header>
<LocList>
<Loc EndOffset="14719" SrcFileId="1" StartOffset="14599"/>
</LocList>
<StmntSeq Intrnl_Id="372">
<LocList>
<Loc EndOffset="14715" SrcFileId="1" StartOffset="14673"/>
</LocList>
<BasicStmnt CovItemId="S156" CovItemPrefix="model.TwitModel.java" Intrnl_Id="373">
<LocList>
<Loc EndOffset="14715" SrcFileId="1" StartOffset="14673"/>
</LocList>
</BasicStmnt>
</StmntSeq>
</HierarchyLvl>
<HierarchyLvl HierarchyLvlId="1440" HierarchyLvlTypeId="11" Intrnl_Id="374" Name="getScreenName">
<Header>
<Loc EndOffset="14759" SrcFileId="1" StartOffset="14724"/>
</Header>
<LocList>
<Loc EndOffset="14797" SrcFileId="1" StartOffset="14724"/>
</LocList>
<StmntSeq Intrnl_Id="375">
<LocList>
<Loc EndOffset="14793" SrcFileId="1" StartOffset="14765"/>
</LocList>
<BasicStmnt CovItemId="S157" CovItemPrefix="model.TwitModel.java" Intrnl_Id="376">
<LocList>
<Loc EndOffset="14793" SrcFileId="1" StartOffset="14765"/>
</LocList>
</BasicStmnt>
</StmntSeq>
</HierarchyLvl>
<HierarchyLvl HierarchyLvlId="1441" HierarchyLvlTypeId="11" Intrnl_Id="377" Name="getTweets">
<Header>
<Loc EndOffset="14830" SrcFileId="1" StartOffset="14802"/>
</Header>
<LocList>
<Loc EndOffset="14871" SrcFileId="1" StartOffset="14802"/>
</LocList>
<StmntSeq Intrnl_Id="378">
<LocList>
<Loc EndOffset="14867" SrcFileId="1" StartOffset="14836"/>
</LocList>
<BasicStmnt CovItemId="S158" CovItemPrefix="model.TwitModel.java" Intrnl_Id="379">
<LocList>
<Loc EndOffset="14867" SrcFileId="1" StartOffset="14836"/>
</LocList>
</BasicStmnt>
</StmntSeq>
</HierarchyLvl>
<HierarchyLvl HierarchyLvlId="1442" HierarchyLvlTypeId="11" Intrnl_Id="380" Name="getFollowersCount">
<Header>
<Loc EndOffset="14912" SrcFileId="1" StartOffset="14876"/>
</Header>
<LocList>
<Loc EndOffset="14954" SrcFileId="1" StartOffset="14876"/>
</LocList>
<StmntSeq Intrnl_Id="381">
<LocList>
<Loc EndOffset="14950" SrcFileId="1" StartOffset="14918"/>
</LocList>
<BasicStmnt CovItemId="S159" CovItemPrefix="model.TwitModel.java" Intrnl_Id="382">
<LocList>
<Loc EndOffset="14950" SrcFileId="1" StartOffset="14918"/>
</LocList>
</BasicStmnt>
</StmntSeq>
</HierarchyLvl>
<HierarchyLvl HierarchyLvlId="1443" HierarchyLvlTypeId="11" Intrnl_Id="383" Name="getFollowingCount">
<Header>
<Loc EndOffset="14995" SrcFileId="1" StartOffset="14959"/>
</Header>
<LocList>
<Loc EndOffset="15035" SrcFileId="1" StartOffset="14959"/>
</LocList>
<StmntSeq Intrnl_Id="384">
<LocList>
<Loc EndOffset="15031" SrcFileId="1" StartOffset="15001"/>
</LocList>
<BasicStmnt CovItemId="S160" CovItemPrefix="model.TwitModel.java" Intrnl_Id="385">
<LocList>
<Loc EndOffset="15031" SrcFileId="1" StartOffset="15001"/>
</LocList>
</BasicStmnt>
</StmntSeq>
</HierarchyLvl>
<HierarchyLvl HierarchyLvlId="1444" HierarchyLvlTypeId="11" Intrnl_Id="386" Name="getRateLimit">
<Header>
<Loc EndOffset="15071" SrcFileId="1" StartOffset="15040"/>
</Header>
<LocList>
<Loc EndOffset="15125" SrcFileId="1" StartOffset="15040"/>
</LocList>
<StmntSeq Intrnl_Id="387">
<LocList>
<Loc EndOffset="15121" SrcFileId="1" StartOffset="15077"/>
</LocList>
<BasicStmnt CovItemId="S161" CovItemPrefix="model.TwitModel.java" Intrnl_Id="388">
<LocList>
<Loc EndOffset="15121" SrcFileId="1" StartOffset="15077"/>
</LocList>
</BasicStmnt>
</StmntSeq>
</HierarchyLvl>
<HierarchyLvl HierarchyLvlId="1445" HierarchyLvlTypeId="11" Intrnl_Id="389" Name="getLimitRemaining">
<Header>
<Loc EndOffset="15166" SrcFileId="1" StartOffset="15130"/>
</Header>
<LocList>
<Loc EndOffset="15224" SrcFileId="1" StartOffset="15130"/>
</LocList>
<StmntSeq Intrnl_Id="390">
<LocList>
<Loc EndOffset="15220" SrcFileId="1" StartOffset="15172"/>
</LocList>
<BasicStmnt CovItemId="S162" CovItemPrefix="model.TwitModel.java" Intrnl_Id="391">
<LocList>
<Loc EndOffset="15220" SrcFileId="1" StartOffset="15172"/>
</LocList>
</BasicStmnt>
</StmntSeq>
</HierarchyLvl>
<HierarchyLvl HierarchyLvlId="1446" HierarchyLvlTypeId="11" Intrnl_Id="392" Name="removeFavoriteUser">
<Header>
<Loc EndOffset="15276" SrcFileId="1" StartOffset="15229"/>
</Header>
<LocList>
<Loc EndOffset="15494" SrcFileId="1" StartOffset="15229"/>
</LocList>
<StmntSeq Intrnl_Id="393">
<LocList>
<Loc EndOffset="15317" SrcFileId="1" StartOffset="15294"/>
<Loc EndOffset="15329" SrcFileId="1" StartOffset="15322"/>
<Loc EndOffset="15490" SrcFileId="1" StartOffset="15282"/>
</LocList>
<BasicStmnt CovItemId="S164" CovItemPrefix="model.TwitModel.java" Intrnl_Id="394">
<LocList>
<Loc EndOffset="15317" SrcFileId="1" StartOffset="15294"/>
</LocList>
</BasicStmnt>
<BasicStmnt CovItemId="S165" CovItemPrefix="model.TwitModel.java" Intrnl_Id="395">
<LocList>
<Loc EndOffset="15329" SrcFileId="1" StartOffset="15322"/>
</LocList>
</BasicStmnt>
<CondStmnt CovItemId="S163" CovItemPrefix="model.TwitModel.java" Intrnl_Id="396">
<Branch CovItemId="B50" CovItemPrefix="model.TwitModel.java" Implct="true" Intrnl_Id="397">
<Cond/>
<LocList/>
<StmntSeq Intrnl_Id="398">
<LocList/>
</StmntSeq>
</Branch>
<Branch CovItemId="B51" CovItemPrefix="model.TwitModel.java" Implct="false" Intrnl_Id="399">
<Cond>
<Loc EndOffset="15370" SrcFileId="1" StartOffset="15335"/>
</Cond>
<LocList>
<Loc EndOffset="15490" SrcFileId="1" StartOffset="15371"/>
</LocList>
<StmntSeq Intrnl_Id="400">
<LocList>
<Loc EndOffset="15485" SrcFileId="1" StartOffset="15377"/>
</LocList>
<BasicStmnt CovItemId="S166" CovItemPrefix="model.TwitModel.java" Intrnl_Id="401">
<LocList>
<Loc EndOffset="15485" SrcFileId="1" StartOffset="15377"/>
</LocList>
</BasicStmnt>
</StmntSeq>
</Branch>
<Keyword EndOffset="15285" SrcFileId="1" StartOffset="15282"/>
<LocList>
<Loc EndOffset="15490" SrcFileId="1" StartOffset="15282"/>
</LocList>
</CondStmnt>
</StmntSeq>
</HierarchyLvl>
<HierarchyLvl HierarchyLvlId="1447" HierarchyLvlTypeId="11" Intrnl_Id="402" Name="addFavoriteUser">
<Header>
<Loc EndOffset="15543" SrcFileId="1" StartOffset="15499"/>
</Header>
<LocList>
<Loc EndOffset="15852" SrcFileId="1" StartOffset="15499"/>
</LocList>
<StmntSeq Intrnl_Id="403">
<LocList>
<Loc EndOffset="15610" SrcFileId="1" StartOffset="15559"/>
<Loc EndOffset="15647" SrcFileId="1" StartOffset="15615"/>
<Loc EndOffset="15675" SrcFileId="1" StartOffset="15652"/>
<Loc EndOffset="15687" SrcFileId="1" StartOffset="15680"/>
<Loc EndOffset="15848" SrcFileId="1" StartOffset="15549"/>
</LocList>
<BasicStmnt CovItemId="S168" CovItemPrefix="model.TwitModel.java" Intrnl_Id="404">
<LocList>
<Loc EndOffset="15610" SrcFileId="1" StartOffset="15559"/>
</LocList>
</BasicStmnt>
<BasicStmnt CovItemId="S169" CovItemPrefix="model.TwitModel.java" Intrnl_Id="405">
<LocList>
<Loc EndOffset="15647" SrcFileId="1" StartOffset="15615"/>
</LocList>
</BasicStmnt>
<BasicStmnt CovItemId="S170" CovItemPrefix="model.TwitModel.java" Intrnl_Id="406">
<LocList>
<Loc EndOffset="15675" SrcFileId="1" StartOffset="15652"/>
</LocList>
</BasicStmnt>
<BasicStmnt CovItemId="S171" CovItemPrefix="model.TwitModel.java" Intrnl_Id="407">
<LocList>
<Loc EndOffset="15687" SrcFileId="1" StartOffset="15680"/>
</LocList>
</BasicStmnt>
<CondStmnt CovItemId="S167" CovItemPrefix="model.TwitModel.java" Intrnl_Id="408">
<Branch CovItemId="B52" CovItemPrefix="model.TwitModel.java" Implct="true" Intrnl_Id="409">
<Cond/>
<LocList/>
<StmntSeq Intrnl_Id="410">
<LocList/>
</StmntSeq>
</Branch>
<Branch CovItemId="B53" CovItemPrefix="model.TwitModel.java" Implct="false" Intrnl_Id="411">
<Cond>
<Loc EndOffset="15728" SrcFileId="1" StartOffset="15693"/>
</Cond>
<LocList>
<Loc EndOffset="15848" SrcFileId="1" StartOffset="15729"/>
</LocList>
<StmntSeq Intrnl_Id="412">
<LocList>
<Loc EndOffset="15843" SrcFileId="1" StartOffset="15735"/>
</LocList>
<BasicStmnt CovItemId="S172" CovItemPrefix="model.TwitModel.java" Intrnl_Id="413">
<LocList>
<Loc EndOffset="15843" SrcFileId="1" StartOffset="15735"/>
</LocList>
</BasicStmnt>
</StmntSeq>
</Branch>
<Keyword EndOffset="15552" SrcFileId="1" StartOffset="15549"/>
<LocList>
<Loc EndOffset="15848" SrcFileId="1" StartOffset="15549"/>
</LocList>
</CondStmnt>
</StmntSeq>
</HierarchyLvl>
<HierarchyLvl HierarchyLvlId="1448" HierarchyLvlTypeId="11" Intrnl_Id="414" Name="getfavoriteTweets">
<Header>
<Loc EndOffset="15920" SrcFileId="1" StartOffset="15857"/>
</Header>
<LocList>
<Loc EndOffset="16014" SrcFileId="1" StartOffset="15857"/>
</LocList>
<StmntSeq Intrnl_Id="415">
<LocList>
<Loc EndOffset="16010" SrcFileId="1" StartOffset="15980"/>
</LocList>
<BasicStmnt CovItemId="S173" CovItemPrefix="model.TwitModel.java" Intrnl_Id="416">
<LocList>
<Loc EndOffset="16010" SrcFileId="1" StartOffset="15980"/>
</LocList>
</BasicStmnt>
</StmntSeq>
</HierarchyLvl>
<HierarchyLvl HierarchyLvlId="1449" HierarchyLvlTypeId="11" Intrnl_Id="417" Name="destoryStatus">
<Header>
<Loc EndOffset="16083" SrcFileId="1" StartOffset="16019"/>
</Header>
<LocList>
<Loc EndOffset="16166" SrcFileId="1" StartOffset="16019"/>
</LocList>
<StmntSeq Intrnl_Id="418">
<LocList>
<Loc EndOffset="16162" SrcFileId="1" StartOffset="16128"/>
</LocList>
<BasicStmnt CovItemId="S174" CovItemPrefix="model.TwitModel.java" Intrnl_Id="419">
<LocList>
<Loc EndOffset="16162" SrcFileId="1" StartOffset="16128"/>
</LocList>
</BasicStmnt>
</StmntSeq>
</HierarchyLvl>
<HierarchyLvl HierarchyLvlId="1450" HierarchyLvlTypeId="11" Intrnl_Id="420" Name="getAccountSettings">
<Header>
<Loc EndOffset="16238" SrcFileId="1" StartOffset="16171"/>
</Header>
<LocList>
<Loc EndOffset="16284" SrcFileId="1" StartOffset="16171"/>
</LocList>
<StmntSeq Intrnl_Id="421">
<LocList>
<Loc EndOffset="16280" SrcFileId="1" StartOffset="16244"/>
</LocList>
<BasicStmnt CovItemId="S175" CovItemPrefix="model.TwitModel.java" Intrnl_Id="422">
<LocList>
<Loc EndOffset="16280" SrcFileId="1" StartOffset="16244"/>
</LocList>
</BasicStmnt>
</StmntSeq>
</HierarchyLvl>
<HierarchyLvl HierarchyLvlId="1451" HierarchyLvlTypeId="11" Intrnl_Id="423" Name="getMyTweets">
<Header>
<Loc EndOffset="16346" SrcFileId="1" StartOffset="16289"/>
</Header>
<LocList>
<Loc EndOffset="16471" SrcFileId="1" StartOffset="16289"/>
</LocList>
<StmntSeq Intrnl_Id="424">
<LocList>
<Loc EndOffset="16387" SrcFileId="1" StartOffset="16352"/>
<Loc EndOffset="16447" SrcFileId="1" StartOffset="16391"/>
<Loc EndOffset="16467" SrcFileId="1" StartOffset="16451"/>
</LocList>
<BasicStmnt CovItemId="S176" CovItemPrefix="model.TwitModel.java" Intrnl_Id="425">
<LocList>
<Loc EndOffset="16387" SrcFileId="1" StartOffset="16352"/>
</LocList>
</BasicStmnt>
<BasicStmnt CovItemId="S177" CovItemPrefix="model.TwitModel.java" Intrnl_Id="426">
<LocList>
<Loc EndOffset="16447" SrcFileId="1" StartOffset="16391"/>
</LocList>
</BasicStmnt>
<BasicStmnt CovItemId="S178" CovItemPrefix="model.TwitModel.java" Intrnl_Id="427">
<LocList>
<Loc EndOffset="16467" SrcFileId="1" StartOffset="16451"/>
</LocList>
</BasicStmnt>
</StmntSeq>
</HierarchyLvl>
<HierarchyLvl HierarchyLvlId="1452" HierarchyLvlTypeId="11" Intrnl_Id="428" Name="favoriteTweet">
<Header>
<Loc EndOffset="16568" SrcFileId="1" StartOffset="16476"/>
</Header>
<LocList>
<Loc EndOffset="16612" SrcFileId="1" StartOffset="16476"/>
</LocList>
<StmntSeq Intrnl_Id="429">
<LocList>
<Loc EndOffset="16608" SrcFileId="1" StartOffset="16574"/>
</LocList>
<BasicStmnt CovItemId="S179" CovItemPrefix="model.TwitModel.java" Intrnl_Id="430">
<LocList>
<Loc EndOffset="16608" SrcFileId="1" StartOffset="16574"/>
</LocList>
</BasicStmnt>
</StmntSeq>
</HierarchyLvl>
<HierarchyLvl HierarchyLvlId="1453" HierarchyLvlTypeId="11" Intrnl_Id="431" Name="getFriendsList">
<Header>
<Loc EndOffset="16686" SrcFileId="1" StartOffset="16617"/>
</Header>
<LocList>
<Loc EndOffset="16738" SrcFileId="1" StartOffset="16617"/>
</LocList>
<StmntSeq Intrnl_Id="432">
<LocList>
<Loc EndOffset="16734" SrcFileId="1" StartOffset="16692"/>
</LocList>
<BasicStmnt CovItemId="S180" CovItemPrefix="model.TwitModel.java" Intrnl_Id="433">
<LocList>
<Loc EndOffset="16734" SrcFileId="1" StartOffset="16692"/>
</LocList>
</BasicStmnt>
</StmntSeq>
</HierarchyLvl>
<HierarchyLvl HierarchyLvlId="1454" HierarchyLvlTypeId="11" Intrnl_Id="434" Name="removeFriend">
<Header>
<Loc EndOffset="16804" SrcFileId="1" StartOffset="16743"/>
</Header>
<LocList>
<Loc EndOffset="16850" SrcFileId="1" StartOffset="16743"/>
</LocList>
<StmntSeq Intrnl_Id="435">
<LocList>
<Loc EndOffset="16844" SrcFileId="1" StartOffset="16810"/>
</LocList>
<BasicStmnt CovItemId="S181" CovItemPrefix="model.TwitModel.java" Intrnl_Id="436">
<LocList>
<Loc EndOffset="16844" SrcFileId="1" StartOffset="16810"/>
</LocList>
</BasicStmnt>
</StmntSeq>
</HierarchyLvl>
<HierarchyLvl HierarchyLvlId="1455" HierarchyLvlTypeId="11" Intrnl_Id="437" Name="getfriendsName">
<Header>
<Loc EndOffset="16920" SrcFileId="1" StartOffset="16855"/>
</Header>
<LocList>
<Loc EndOffset="16972" SrcFileId="1" StartOffset="16855"/>
</LocList>
<StmntSeq Intrnl_Id="438">
<LocList>
<Loc EndOffset="16968" SrcFileId="1" StartOffset="16926"/>
</LocList>
<BasicStmnt CovItemId="S182" CovItemPrefix="model.TwitModel.java" Intrnl_Id="439">
<LocList>
<Loc EndOffset="16968" SrcFileId="1" StartOffset="16926"/>
</LocList>
</BasicStmnt>
</StmntSeq>
</HierarchyLvl>
<HierarchyLvl HierarchyLvlId="1456" HierarchyLvlTypeId="11" Intrnl_Id="440" Name="getfriendProfileImage">
<Header>
<Loc EndOffset="17079" SrcFileId="1" StartOffset="16977"/>
</Header>
<LocList>
<Loc EndOffset="17218" SrcFileId="1" StartOffset="16977"/>
</LocList>
<StmntSeq Intrnl_Id="441">
<LocList>
<Loc EndOffset="17156" SrcFileId="1" StartOffset="17085"/>
<Loc EndOffset="17196" SrcFileId="1" StartOffset="17160"/>
<Loc EndOffset="17214" SrcFileId="1" StartOffset="17202"/>
</LocList>
<BasicStmnt CovItemId="S183" CovItemPrefix="model.TwitModel.java" Intrnl_Id="442">
<LocList>
<Loc EndOffset="17156" SrcFileId="1" StartOffset="17085"/>
</LocList>
</BasicStmnt>
<BasicStmnt CovItemId="S184" CovItemPrefix="model.TwitModel.java" Intrnl_Id="443">
<LocList>
<Loc EndOffset="17196" SrcFileId="1" StartOffset="17160"/>
</LocList>
</BasicStmnt>
<BasicStmnt CovItemId="S185" CovItemPrefix="model.TwitModel.java" Intrnl_Id="444">
<LocList>
<Loc EndOffset="17214" SrcFileId="1" StartOffset="17202"/>
</LocList>
</BasicStmnt>
</StmntSeq>
</HierarchyLvl>
<HierarchyLvl HierarchyLvlId="1457" HierarchyLvlTypeId="11" Intrnl_Id="445" Name="getfriendsTimeline">
<Header>
<Loc EndOffset="17303" SrcFileId="1" StartOffset="17223"/>
</Header>
<LocList>
<Loc EndOffset="17399" SrcFileId="1" StartOffset="17223"/>
</LocList>
<StmntSeq Intrnl_Id="446">
<LocList>
<Loc EndOffset="17343" SrcFileId="1" StartOffset="17309"/>
<Loc EndOffset="17395" SrcFileId="1" StartOffset="17347"/>
</LocList>
<BasicStmnt CovItemId="S186" CovItemPrefix="model.TwitModel.java" Intrnl_Id="447">
<LocList>
<Loc EndOffset="17343" SrcFileId="1" StartOffset="17309"/>
</LocList>
</BasicStmnt>
<BasicStmnt CovItemId="S187" CovItemPrefix="model.TwitModel.java" Intrnl_Id="448">
<LocList>
<Loc EndOffset="17395" SrcFileId="1" StartOffset="17347"/>
</LocList>
</BasicStmnt>
</StmntSeq>
</HierarchyLvl>
<HierarchyLvl HierarchyLvlId="1458" HierarchyLvlTypeId="11" Intrnl_Id="449" Name="getFriendsFavoriteTweets">
<Header>
<Loc EndOffset="17489" SrcFileId="1" StartOffset="17404"/>
</Header>
<LocList>
<Loc EndOffset="17581" SrcFileId="1" StartOffset="17404"/>
</LocList>
<StmntSeq Intrnl_Id="450">
<LocList>
<Loc EndOffset="17529" SrcFileId="1" StartOffset="17495"/>
<Loc EndOffset="17577" SrcFileId="1" StartOffset="17533"/>
</LocList>
<BasicStmnt CovItemId="S188" CovItemPrefix="model.TwitModel.java" Intrnl_Id="451">
<LocList>
<Loc EndOffset="17529" SrcFileId="1" StartOffset="17495"/>
</LocList>
</BasicStmnt>
<BasicStmnt CovItemId="S189" CovItemPrefix="model.TwitModel.java" Intrnl_Id="452">
<LocList>
<Loc EndOffset="17577" SrcFileId="1" StartOffset="17533"/>
</LocList>
</BasicStmnt>
</StmntSeq>
</HierarchyLvl>
<HierarchyLvl HierarchyLvlId="1459" HierarchyLvlTypeId="11" Intrnl_Id="453" Name="getuserId">
<Header>
<Loc EndOffset="17656" SrcFileId="1" StartOffset="17586"/>
</Header>
<LocList>
<Loc EndOffset="17686" SrcFileId="1" StartOffset="17586"/>
</LocList>
<StmntSeq Intrnl_Id="454">
<LocList>
<Loc EndOffset="17682" SrcFileId="1" StartOffset="17662"/>
</LocList>
<BasicStmnt CovItemId="S190" CovItemPrefix="model.TwitModel.java" Intrnl_Id="455">
<LocList>
<Loc EndOffset="17682" SrcFileId="1" StartOffset="17662"/>
</LocList>
</BasicStmnt>
</StmntSeq>
</HierarchyLvl>
<HierarchyLvl HierarchyLvlId="1460" HierarchyLvlTypeId="11" Intrnl_Id="456" Name="createFriendship">
<Header>
<Loc EndOffset="17756" SrcFileId="1" StartOffset="17691"/>
</Header>
<LocList>
<Loc EndOffset="17799" SrcFileId="1" StartOffset="17691"/>
</LocList>
<StmntSeq Intrnl_Id="457">
<LocList>
<Loc EndOffset="17795" SrcFileId="1" StartOffset="17762"/>
</LocList>
<BasicStmnt CovItemId="S191" CovItemPrefix="model.TwitModel.java" Intrnl_Id="458">
<LocList>
<Loc EndOffset="17795" SrcFileId="1" StartOffset="17762"/>
</LocList>
</BasicStmnt>
</StmntSeq>
</HierarchyLvl>
<HierarchyLvl HierarchyLvlId="1461" HierarchyLvlTypeId="11" Intrnl_Id="459" Name="sendDirectMessage">
<Header>
<Loc EndOffset="17890" SrcFileId="1" StartOffset="17804"/>
</Header>
<LocList>
<Loc EndOffset="18710" SrcFileId="1" StartOffset="17804"/>
</LocList>
<StmntSeq Intrnl_Id="460">
<LocList>
<Loc EndOffset="17910" SrcFileId="1" StartOffset="17896"/>
<Loc EndOffset="17928" SrcFileId="1" StartOffset="17914"/>
<Loc EndOffset="17946" SrcFileId="1" StartOffset="17932"/>
<Loc EndOffset="17991" SrcFileId="1" StartOffset="17952"/>
<Loc EndOffset="18055" SrcFileId="1" StartOffset="17997"/>
<Loc EndOffset="18416" SrcFileId="1" StartOffset="18061"/>
<Loc EndOffset="18432" SrcFileId="1" StartOffset="18422"/>
<Loc EndOffset="18586" SrcFileId="1" StartOffset="18438"/>
<Loc EndOffset="18706" SrcFileId="1" StartOffset="18590"/>
</LocList>
<BasicStmnt CovItemId="S192" CovItemPrefix="model.TwitModel.java" Intrnl_Id="461">
<LocList>
<Loc EndOffset="17910" SrcFileId="1" StartOffset="17896"/>
</LocList>
</BasicStmnt>
<BasicStmnt CovItemId="S193" CovItemPrefix="model.TwitModel.java" Intrnl_Id="462">
<LocList>
<Loc EndOffset="17928" SrcFileId="1" StartOffset="17914"/>
</LocList>
</BasicStmnt>
<BasicStmnt CovItemId="S194" CovItemPrefix="model.TwitModel.java" Intrnl_Id="463">
<LocList>
<Loc EndOffset="17946" SrcFileId="1" StartOffset="17932"/>
</LocList>
</BasicStmnt>
<BasicStmnt CovItemId="S195" CovItemPrefix="model.TwitModel.java" Intrnl_Id="464">
<LocList>
<Loc EndOffset="17991" SrcFileId="1" StartOffset="17952"/>
</LocList>
</BasicStmnt>
<BasicStmnt CovItemId="S196" CovItemPrefix="model.TwitModel.java" Intrnl_Id="465">
<LocList>
<Loc EndOffset="18055" SrcFileId="1" StartOffset="17997"/>
</LocList>
</BasicStmnt>
<CondStmnt CovItemId="S197" CovItemPrefix="model.TwitModel.java" Intrnl_Id="466">
<Branch CovItemId="B54" CovItemPrefix="model.TwitModel.java" Implct="false" Intrnl_Id="467">
<Cond/>
<LocList>
<Loc EndOffset="18416" SrcFileId="1" StartOffset="18089"/>
</LocList>
<StmntSeq Intrnl_Id="468">
<LocList>
<Loc EndOffset="18325" SrcFileId="1" StartOffset="18095"/>
<Loc EndOffset="18343" SrcFileId="1" StartOffset="18332"/>
<Loc EndOffset="18411" SrcFileId="1" StartOffset="18348"/>
</LocList>
<LoopStmnt CovItemId="S198" CovItemPrefix="model.TwitModel.java" Intrnl_Id="469" MltplExecId="L6-2" MltplExecPrefix="model.TwitModel.java" NvrExecId="L6-0" NvrExecPrefix="model.TwitModel.java" OnceExecutedId="L6-1" OnceExecutedPrefix="model.TwitModel.java" OptBodyExec="true">
<StmntSeq Intrnl_Id="470">
<LocList>
<Loc EndOffset="18185" SrcFileId="1" StartOffset="18133"/>
<Loc EndOffset="18199" SrcFileId="1" StartOffset="18191"/>
<Loc EndOffset="18218" SrcFileId="1" StartOffset="18205"/>
<Loc EndOffset="18235" SrcFileId="1" StartOffset="18224"/>
<Loc EndOffset="18279" SrcFileId="1" StartOffset="18241"/>
<Loc EndOffset="18319" SrcFileId="1" StartOffset="18285"/>
</LocList>
<BasicStmnt CovItemId="S199" CovItemPrefix="model.TwitModel.java" Intrnl_Id="471">
<LocList>
<Loc EndOffset="18185" SrcFileId="1" StartOffset="18133"/>
</LocList>
</BasicStmnt>
<BasicStmnt CovItemId="S200" CovItemPrefix="model.TwitModel.java" Intrnl_Id="472">
<LocList>
<Loc EndOffset="18199" SrcFileId="1" StartOffset="18191"/>
</LocList>
</BasicStmnt>
<BasicStmnt CovItemId="S201" CovItemPrefix="model.TwitModel.java" Intrnl_Id="473">
<LocList>
<Loc EndOffset="18218" SrcFileId="1" StartOffset="18205"/>
</LocList>
</BasicStmnt>
<BasicStmnt CovItemId="S202" CovItemPrefix="model.TwitModel.java" Intrnl_Id="474">
<LocList>
<Loc EndOffset="18235" SrcFileId="1" StartOffset="18224"/>
</LocList>
</BasicStmnt>
<BasicStmnt CovItemId="S203" CovItemPrefix="model.TwitModel.java" Intrnl_Id="475">
<LocList>
<Loc EndOffset="18279" SrcFileId="1" StartOffset="18241"/>
</LocList>
</BasicStmnt>
<BasicStmnt CovItemId="S204" CovItemPrefix="model.TwitModel.java" Intrnl_Id="476">
<LocList>
<Loc EndOffset="18319" SrcFileId="1" StartOffset="18285"/>
</LocList>
</BasicStmnt>
</StmntSeq>
<Keyword EndOffset="18100" SrcFileId="1" StartOffset="18095"/>
<LocList>
<Loc EndOffset="18325" SrcFileId="1" StartOffset="18095"/>
</LocList>
<RootTerm CovItemId="C19" CovItemPrefix="model.TwitModel.java" Intrnl_Id="477">
<BasicBoolTerm Intrnl_Id="478">
<LocList>
<Loc EndOffset="18124" SrcFileId="1" StartOffset="18102"/>
</LocList>
</BasicBoolTerm>
</RootTerm>
</LoopStmnt>
<BasicStmnt CovItemId="S205" CovItemPrefix="model.TwitModel.java" Intrnl_Id="479">
<LocList>
<Loc EndOffset="18343" SrcFileId="1" StartOffset="18332"/>
</LocList>
</BasicStmnt>
<BasicStmnt CovItemId="S206" CovItemPrefix="model.TwitModel.java" Intrnl_Id="480">
<LocList>
<Loc EndOffset="18411" SrcFileId="1" StartOffset="18348"/>
</LocList>
</BasicStmnt>
</StmntSeq>
</Branch>
<Branch CovItemId="B55" CovItemPrefix="model.TwitModel.java" Implct="true" Intrnl_Id="481">
<Cond/>
<LocList/>
<StmntSeq Intrnl_Id="482">
<LocList/>
</StmntSeq>
</Branch>
<Keyword EndOffset="18063" SrcFileId="1" StartOffset="18061"/>
<LocList>
<Loc EndOffset="18416" SrcFileId="1" StartOffset="18061"/>
</LocList>
<RootTerm CovItemId="C18" CovItemPrefix="model.TwitModel.java" Intrnl_Id="483">
<BasicBoolTerm Intrnl_Id="484">
<LocList>
<Loc EndOffset="18087" SrcFileId="1" StartOffset="18065"/>
</LocList>
</BasicBoolTerm>
</RootTerm>
</CondStmnt>
<BasicStmnt CovItemId="S207" CovItemPrefix="model.TwitModel.java" Intrnl_Id="485">
<LocList>
<Loc EndOffset="18432" SrcFileId="1" StartOffset="18422"/>
</LocList>
</BasicStmnt>
<LoopStmnt CovItemId="S208" CovItemPrefix="model.TwitModel.java" Intrnl_Id="486" MltplExecId="L7-2" MltplExecPrefix="model.TwitModel.java" NvrExecId="L7-0" NvrExecPrefix="model.TwitModel.java" OnceExecutedId="L7-1" OnceExecutedPrefix="model.TwitModel.java" OptBodyExec="true">
<StmntSeq Intrnl_Id="487">
<LocList>
<Loc EndOffset="18535" SrcFileId="1" StartOffset="18480"/>
<Loc EndOffset="18548" SrcFileId="1" StartOffset="18540"/>
<Loc EndOffset="18581" SrcFileId="1" StartOffset="18553"/>
</LocList>
<BasicStmnt CovItemId="S209" CovItemPrefix="model.TwitModel.java" Intrnl_Id="488">
<LocList>
<Loc EndOffset="18535" SrcFileId="1" StartOffset="18480"/>
</LocList>
</BasicStmnt>
<BasicStmnt CovItemId="S210" CovItemPrefix="model.TwitModel.java" Intrnl_Id="489">
<LocList>
<Loc EndOffset="18548" SrcFileId="1" StartOffset="18540"/>
</LocList>
</BasicStmnt>
<BasicStmnt CovItemId="S211" CovItemPrefix="model.TwitModel.java" Intrnl_Id="490">
<LocList>
<Loc EndOffset="18581" SrcFileId="1" StartOffset="18553"/>
</LocList>
</BasicStmnt>
</StmntSeq>
<Keyword EndOffset="18443" SrcFileId="1" StartOffset="18438"/>
<LocList>
<Loc EndOffset="18586" SrcFileId="1" StartOffset="18438"/>
</LocList>
<RootTerm CovItemId="C20" CovItemPrefix="model.TwitModel.java" Intrnl_Id="491">
<BasicBoolTerm Intrnl_Id="492">
<LocList>
<Loc EndOffset="18472" SrcFileId="1" StartOffset="18445"/>
</LocList>
</BasicBoolTerm>
</RootTerm>
</LoopStmnt>
<CondStmnt CovItemId="S212" CovItemPrefix="model.TwitModel.java" Intrnl_Id="493">
<Branch CovItemId="B56" CovItemPrefix="model.TwitModel.java" Implct="false" Intrnl_Id="494">
<Cond/>
<LocList>
<Loc EndOffset="18706" SrcFileId="1" StartOffset="18619"/>
</LocList>
<StmntSeq Intrnl_Id="495">
<LocList>
<Loc EndOffset="18668" SrcFileId="1" StartOffset="18625"/>
<Loc EndOffset="18701" SrcFileId="1" StartOffset="18673"/>
</LocList>
<BasicStmnt CovItemId="S213" CovItemPrefix="model.TwitModel.java" Intrnl_Id="496">
<LocList>
<Loc EndOffset="18668" SrcFileId="1" StartOffset="18625"/>
</LocList>
</BasicStmnt>
<BasicStmnt CovItemId="S214" CovItemPrefix="model.TwitModel.java" Intrnl_Id="497">
<LocList>
<Loc EndOffset="18701" SrcFileId="1" StartOffset="18673"/>
</LocList>
</BasicStmnt>
</StmntSeq>
</Branch>
<Branch CovItemId="B57" CovItemPrefix="model.TwitModel.java" Implct="true" Intrnl_Id="498">
<Cond/>
<LocList/>
<StmntSeq Intrnl_Id="499">
<LocList/>
</StmntSeq>
</Branch>
<Keyword EndOffset="18592" SrcFileId="1" StartOffset="18590"/>
<LocList>
<Loc EndOffset="18706" SrcFileId="1" StartOffset="18590"/>
</LocList>
<RootTerm CovItemId="C21" CovItemPrefix="model.TwitModel.java" Intrnl_Id="500">
<BasicBoolTerm Intrnl_Id="501">
<LocList>
<Loc EndOffset="18617" SrcFileId="1" StartOffset="18594"/>
</LocList>
</BasicBoolTerm>
</RootTerm>
</CondStmnt>
</StmntSeq>
</HierarchyLvl>
<HierarchyLvl HierarchyLvlId="1462" HierarchyLvlTypeId="11" Intrnl_Id="502" Name="getTrendsLocations">
<Header>
<Loc EndOffset="18760" SrcFileId="1" StartOffset="18715"/>
</Header>
<LocList>
<Loc EndOffset="19107" SrcFileId="1" StartOffset="18715"/>
</LocList>
<StmntSeq Intrnl_Id="503">
<LocList>
<Loc EndOffset="18806" SrcFileId="1" StartOffset="18766"/>
<Loc EndOffset="18861" SrcFileId="1" StartOffset="18820"/>
<Loc EndOffset="18925" SrcFileId="1" StartOffset="18810"/>
<Loc EndOffset="18978" SrcFileId="1" StartOffset="18929"/>
<Loc EndOffset="19074" SrcFileId="1" StartOffset="18982"/>
<Loc EndOffset="19103" SrcFileId="1" StartOffset="19080"/>
</LocList>
<BasicStmnt CovItemId="S215" CovItemPrefix="model.TwitModel.java" Intrnl_Id="504">
<LocList>
<Loc EndOffset="18806" SrcFileId="1" StartOffset="18766"/>
</LocList>
</BasicStmnt>
<BasicStmnt CovItemId="S217" CovItemPrefix="model.TwitModel.java" Intrnl_Id="505">
<LocList>
<Loc EndOffset="18861" SrcFileId="1" StartOffset="18820"/>
</LocList>
</BasicStmnt>
<CondStmnt CovItemId="S216" CovItemPrefix="model.TwitModel.java" Intrnl_Id="506">
<Branch CovItemId="B58" CovItemPrefix="model.TwitModel.java" Implct="true" Intrnl_Id="507">
<Cond/>
<LocList/>
<StmntSeq Intrnl_Id="508">
<LocList/>
</StmntSeq>
</Branch>
<Branch CovItemId="B59" CovItemPrefix="model.TwitModel.java" Implct="false" Intrnl_Id="509">
<Cond>
<Loc EndOffset="18893" SrcFileId="1" StartOffset="18867"/>
</Cond>
<LocList>
<Loc EndOffset="18925" SrcFileId="1" StartOffset="18894"/>
</LocList>
<StmntSeq Intrnl_Id="510">
<LocList>
<Loc EndOffset="18920" SrcFileId="1" StartOffset="18900"/>
</LocList>
<BasicStmnt CovItemId="S218" CovItemPrefix="model.TwitModel.java" Intrnl_Id="511">
<LocList>
<Loc EndOffset="18920" SrcFileId="1" StartOffset="18900"/>
</LocList>
</BasicStmnt>
</StmntSeq>
</Branch>
<Keyword EndOffset="18813" SrcFileId="1" StartOffset="18810"/>
<LocList>
<Loc EndOffset="18925" SrcFileId="1" StartOffset="18810"/>
</LocList>
</CondStmnt>
<BasicStmnt CovItemId="S219" CovItemPrefix="model.TwitModel.java" Intrnl_Id="512">
<LocList>
<Loc EndOffset="18978" SrcFileId="1" StartOffset="18929"/>
</LocList>
</BasicStmnt>
<LoopStmnt CovItemId="S220" CovItemPrefix="model.TwitModel.java" Intrnl_Id="513" MltplExecId="L8-2" MltplExecPrefix="model.TwitModel.java" NvrExecId="L8-0" NvrExecPrefix="model.TwitModel.java" OnceExecutedId="L8-1" OnceExecutedPrefix="model.TwitModel.java" OptBodyExec="true">
<StmntSeq Intrnl_Id="514">
<LocList>
<Loc EndOffset="19069" SrcFileId="1" StartOffset="19031"/>
</LocList>
<BasicStmnt CovItemId="S221" CovItemPrefix="model.TwitModel.java" Intrnl_Id="515">
<LocList>
<Loc EndOffset="19069" SrcFileId="1" StartOffset="19031"/>
</LocList>
</BasicStmnt>
</StmntSeq>
<Keyword EndOffset="18985" SrcFileId="1" StartOffset="18982"/>
<LocList>
<Loc EndOffset="19074" SrcFileId="1" StartOffset="18982"/>
</LocList>
<RootTerm CovItemId="C22" CovItemPrefix="model.TwitModel.java" Intrnl_Id="516">
<BasicBoolTerm Intrnl_Id="517">
<LocList>
<Loc EndOffset="19018" SrcFileId="1" StartOffset="18998"/>
</LocList>
</BasicBoolTerm>
</RootTerm>
</LoopStmnt>
<BasicStmnt CovItemId="S222" CovItemPrefix="model.TwitModel.java" Intrnl_Id="518">
<LocList>
<Loc EndOffset="19103" SrcFileId="1" StartOffset="19080"/>
</LocList>
</BasicStmnt>
</StmntSeq>
</HierarchyLvl>
<HierarchyLvl HierarchyLvlId="1463" HierarchyLvlTypeId="11" Intrnl_Id="519" Name="getTrendsLocationNames">
<Header>
<Loc EndOffset="19158" SrcFileId="1" StartOffset="19112"/>
</Header>
<LocList>
<Loc EndOffset="19395" SrcFileId="1" StartOffset="19112"/>
</LocList>
<StmntSeq Intrnl_Id="520">
<LocList>
<Loc EndOffset="19190" SrcFileId="1" StartOffset="19164"/>
<Loc EndOffset="19254" SrcFileId="1" StartOffset="19194"/>
<Loc EndOffset="19366" SrcFileId="1" StartOffset="19258"/>
<Loc EndOffset="19391" SrcFileId="1" StartOffset="19370"/>
</LocList>
<BasicStmnt CovItemId="S223" CovItemPrefix="model.TwitModel.java" Intrnl_Id="521">
<LocList>
<Loc EndOffset="19190" SrcFileId="1" StartOffset="19164"/>
</LocList>
</BasicStmnt>
<BasicStmnt CovItemId="S224" CovItemPrefix="model.TwitModel.java" Intrnl_Id="522">
<LocList>
<Loc EndOffset="19254" SrcFileId="1" StartOffset="19194"/>
</LocList>
</BasicStmnt>
<LoopStmnt CovItemId="S225" CovItemPrefix="model.TwitModel.java" Intrnl_Id="523" MltplExecId="L9-2" MltplExecPrefix="model.TwitModel.java" NvrExecId="L9-0" NvrExecPrefix="model.TwitModel.java" OnceExecutedId="L9-1" OnceExecutedPrefix="model.TwitModel.java" OptBodyExec="true">
<StmntSeq Intrnl_Id="524">
<LocList>
<Loc EndOffset="19361" SrcFileId="1" StartOffset="19313"/>
</LocList>
<BasicStmnt CovItemId="S226" CovItemPrefix="model.TwitModel.java" Intrnl_Id="525">
<LocList>
<Loc EndOffset="19361" SrcFileId="1" StartOffset="19313"/>
</LocList>
</BasicStmnt>
</StmntSeq>
<Keyword EndOffset="19261" SrcFileId="1" StartOffset="19258"/>
<LocList>
<Loc EndOffset="19366" SrcFileId="1" StartOffset="19258"/>
</LocList>
<RootTerm CovItemId="C23" CovItemPrefix="model.TwitModel.java" Intrnl_Id="526">
<BasicBoolTerm Intrnl_Id="527">
<LocList>
<Loc EndOffset="19300" SrcFileId="1" StartOffset="19274"/>
</LocList>
</BasicBoolTerm>
</RootTerm>
</LoopStmnt>
<BasicStmnt CovItemId="S227" CovItemPrefix="model.TwitModel.java" Intrnl_Id="528">
<LocList>
<Loc EndOffset="19391" SrcFileId="1" StartOffset="19370"/>
</LocList>
</BasicStmnt>
</StmntSeq>
</HierarchyLvl>
<HierarchyLvl HierarchyLvlId="1464" HierarchyLvlTypeId="11" Intrnl_Id="529" Name="getLocationTrends">
<Header>
<Loc EndOffset="19458" SrcFileId="1" StartOffset="19400"/>
</Header>
<LocList>
<Loc EndOffset="19827" SrcFileId="1" StartOffset="19400"/>
</LocList>
<StmntSeq Intrnl_Id="530">
<LocList>
<Loc EndOffset="19807" SrcFileId="1" StartOffset="19464"/>
<Loc EndOffset="19823" SrcFileId="1" StartOffset="19811"/>
</LocList>
<LoopStmnt CovItemId="S228" CovItemPrefix="model.TwitModel.java" Intrnl_Id="531" MltplExecId="L10-2" MltplExecPrefix="model.TwitModel.java" NvrExecId="L10-0" NvrExecPrefix="model.TwitModel.java" OnceExecutedId="L10-1" OnceExecutedPrefix="model.TwitModel.java" OptBodyExec="true">
<StmntSeq Intrnl_Id="532">
<LocList>
<Loc EndOffset="19802" SrcFileId="1" StartOffset="19519"/>
</LocList>
<CondStmnt CovItemId="S229" CovItemPrefix="model.TwitModel.java" Intrnl_Id="533">
<Branch CovItemId="B60" CovItemPrefix="model.TwitModel.java" Implct="false" Intrnl_Id="534">
<Cond/>
<LocList>
<Loc EndOffset="19802" SrcFileId="1" StartOffset="19574"/>
</LocList>
<StmntSeq Intrnl_Id="535">
<LocList>
<Loc EndOffset="19663" SrcFileId="1" StartOffset="19593"/>
<Loc EndOffset="19796" SrcFileId="1" StartOffset="19581"/>
</LocList>
<BasicStmnt CovItemId="S231" CovItemPrefix="model.TwitModel.java" Intrnl_Id="536">
<LocList>
<Loc EndOffset="19663" SrcFileId="1" StartOffset="19593"/>
</LocList>
</BasicStmnt>
<CondStmnt CovItemId="S230" CovItemPrefix="model.TwitModel.java" Intrnl_Id="537">
<Branch CovItemId="B62" CovItemPrefix="model.TwitModel.java" Implct="true" Intrnl_Id="538">
<Cond/>
<LocList/>
<StmntSeq Intrnl_Id="539">
<LocList/>
</StmntSeq>
</Branch>
<Branch CovItemId="B63" CovItemPrefix="model.TwitModel.java" Implct="false" Intrnl_Id="540">
<Cond>
<Loc EndOffset="19697" SrcFileId="1" StartOffset="19671"/>
</Cond>
<LocList>
<Loc EndOffset="19796" SrcFileId="1" StartOffset="19698"/>
</LocList>
<StmntSeq Intrnl_Id="541">
<LocList>
<Loc EndOffset="19726" SrcFileId="1" StartOffset="19706"/>
</LocList>
<BasicStmnt CovItemId="S232" CovItemPrefix="model.TwitModel.java" Intrnl_Id="542">
<LocList>
<Loc EndOffset="19726" SrcFileId="1" StartOffset="19706"/>
</LocList>
</BasicStmnt>
</StmntSeq>
</Branch>
<Keyword EndOffset="19584" SrcFileId="1" StartOffset="19581"/>
<LocList>
<Loc EndOffset="19796" SrcFileId="1" StartOffset="19581"/>
</LocList>
</CondStmnt>
</StmntSeq>
</Branch>
<Branch CovItemId="B61" CovItemPrefix="model.TwitModel.java" Implct="true" Intrnl_Id="543">
<Cond/>
<LocList/>
<StmntSeq Intrnl_Id="544">
<LocList/>
</StmntSeq>
</Branch>
<Keyword EndOffset="19521" SrcFileId="1" StartOffset="19519"/>
<LocList>
<Loc EndOffset="19802" SrcFileId="1" StartOffset="19519"/>
</LocList>
<RootTerm CovItemId="C25" CovItemPrefix="model.TwitModel.java" Intrnl_Id="545">
<BasicBoolTerm Intrnl_Id="546">
<LocList>
<Loc EndOffset="19572" SrcFileId="1" StartOffset="19523"/>
</LocList>
</BasicBoolTerm>
</RootTerm>
</CondStmnt>
</StmntSeq>
<Keyword EndOffset="19467" SrcFileId="1" StartOffset="19464"/>
<LocList>
<Loc EndOffset="19807" SrcFileId="1" StartOffset="19464"/>
</LocList>
<RootTerm CovItemId="C24" CovItemPrefix="model.TwitModel.java" Intrnl_Id="547">
<BasicBoolTerm Intrnl_Id="548">
<LocList>
<Loc EndOffset="19506" SrcFileId="1" StartOffset="19480"/>
</LocList>
</BasicBoolTerm>
</RootTerm>
</LoopStmnt>
<BasicStmnt CovItemId="S233" CovItemPrefix="model.TwitModel.java" Intrnl_Id="549">
<LocList>
<Loc EndOffset="19823" SrcFileId="1" StartOffset="19811"/>
</LocList>
</BasicStmnt>
</StmntSeq>
</HierarchyLvl>
<HierarchyLvl HierarchyLvlId="1465" HierarchyLvlTypeId="11" Intrnl_Id="550" Name="getDirectMessages">
<Header>
<Loc EndOffset="19902" SrcFileId="1" StartOffset="19832"/>
</Header>
<LocList>
<Loc EndOffset="19993" SrcFileId="1" StartOffset="19832"/>
</LocList>
<StmntSeq Intrnl_Id="551">
<LocList>
<Loc EndOffset="19942" SrcFileId="1" StartOffset="19908"/>
<Loc EndOffset="19989" SrcFileId="1" StartOffset="19948"/>
</LocList>
<BasicStmnt CovItemId="S234" CovItemPrefix="model.TwitModel.java" Intrnl_Id="552">
<LocList>
<Loc EndOffset="19942" SrcFileId="1" StartOffset="19908"/>
</LocList>
</BasicStmnt>
<BasicStmnt CovItemId="S235" CovItemPrefix="model.TwitModel.java" Intrnl_Id="553">
<LocList>
<Loc EndOffset="19989" SrcFileId="1" StartOffset="19948"/>
</LocList>
</BasicStmnt>
</StmntSeq>
</HierarchyLvl>
<HierarchyLvl HierarchyLvlId="1466" HierarchyLvlTypeId="11" Intrnl_Id="554" Name="deleteMessage">
<Header>
<Loc EndOffset="20063" SrcFileId="1" StartOffset="19998"/>
</Header>
<LocList>
<Loc EndOffset="20113" SrcFileId="1" StartOffset="19998"/>
</LocList>
<StmntSeq Intrnl_Id="555">
<LocList>
<Loc EndOffset="20109" SrcFileId="1" StartOffset="20069"/>
</LocList>
<BasicStmnt CovItemId="S236" CovItemPrefix="model.TwitModel.java" Intrnl_Id="556">
<LocList>
<Loc EndOffset="20109" SrcFileId="1" StartOffset="20069"/>
</LocList>
</BasicStmnt>
</StmntSeq>
</HierarchyLvl>
</HierarchyLvl>
<HierarchyLvl HierarchyLvlId="1477" HierarchyLvlTypeId="10" Intrnl_Id="557" Name="Tweet">
<Header>
<Loc EndOffset="244" SrcFileId="2" StartOffset="207"/>
</Header>
<LocList>
<Loc EndOffset="2609" SrcFileId="2" StartOffset="207"/>
</LocList>
<HierarchyLvl HierarchyLvlId="1468" HierarchyLvlTypeId="11" Intrnl_Id="558" Name="Tweet">
<Header>
<Loc EndOffset="1255" SrcFileId="2" StartOffset="1081"/>
</Header>
<LocList>
<Loc EndOffset="1466" SrcFileId="2" StartOffset="1081"/>
</LocList>
<StmntSeq Intrnl_Id="559">
<LocList>
<Loc EndOffset="1277" SrcFileId="2" StartOffset="1261"/>
<Loc EndOffset="1307" SrcFileId="2" StartOffset="1281"/>
<Loc EndOffset="1341" SrcFileId="2" StartOffset="1311"/>
<Loc EndOffset="1377" SrcFileId="2" StartOffset="1345"/>
<Loc EndOffset="1417" SrcFileId="2" StartOffset="1381"/>
<Loc EndOffset="1437" SrcFileId="2" StartOffset="1421"/>
<Loc EndOffset="1462" SrcFileId="2" StartOffset="1441"/>
</LocList>
<BasicStmnt CovItemId="S1" CovItemPrefix="model.Tweet.java" Intrnl_Id="560">
<LocList>
<Loc EndOffset="1277" SrcFileId="2" StartOffset="1261"/>
</LocList>
</BasicStmnt>
<BasicStmnt CovItemId="S2" CovItemPrefix="model.Tweet.java" Intrnl_Id="561">
<LocList>
<Loc EndOffset="1307" SrcFileId="2" StartOffset="1281"/>
</LocList>
</BasicStmnt>
<BasicStmnt CovItemId="S3" CovItemPrefix="model.Tweet.java" Intrnl_Id="562">
<LocList>
<Loc EndOffset="1341" SrcFileId="2" StartOffset="1311"/>
</LocList>
</BasicStmnt>
<BasicStmnt CovItemId="S4" CovItemPrefix="model.Tweet.java" Intrnl_Id="563">
<LocList>
<Loc EndOffset="1377" SrcFileId="2" StartOffset="1345"/>
</LocList>
</BasicStmnt>
<BasicStmnt CovItemId="S5" CovItemPrefix="model.Tweet.java" Intrnl_Id="564">
<LocList>
<Loc EndOffset="1417" SrcFileId="2" StartOffset="1381"/>
</LocList>
</BasicStmnt>
<BasicStmnt CovItemId="S6" CovItemPrefix="model.Tweet.java" Intrnl_Id="565">
<LocList>
<Loc EndOffset="1437" SrcFileId="2" StartOffset="1421"/>
</LocList>
</BasicStmnt>
<BasicStmnt CovItemId="S7" CovItemPrefix="model.Tweet.java" Intrnl_Id="566">
<LocList>
<Loc EndOffset="1462" SrcFileId="2" StartOffset="1441"/>
</LocList>
</BasicStmnt>
</StmntSeq>
</HierarchyLvl>
<HierarchyLvl HierarchyLvlId="1469" HierarchyLvlTypeId="11" Intrnl_Id="567" Name="getId">
<Header>
<Loc EndOffset="1571" SrcFileId="2" StartOffset="1539"/>
</Header>
<LocList>
<Loc EndOffset="1591" SrcFileId="2" StartOffset="1539"/>
</LocList>
<StmntSeq Intrnl_Id="568">
<LocList>
<Loc EndOffset="1587" SrcFileId="2" StartOffset="1577"/>
</LocList>
<BasicStmnt CovItemId="S8" CovItemPrefix="model.Tweet.java" Intrnl_Id="569">
<LocList>
<Loc EndOffset="1587" SrcFileId="2" StartOffset="1577"/>
</LocList>
</BasicStmnt>
</StmntSeq>
</HierarchyLvl>
<HierarchyLvl HierarchyLvlId="1470" HierarchyLvlTypeId="11" Intrnl_Id="570" Name="getCreatedAt">
<Header>
<Loc EndOffset="1699" SrcFileId="2" StartOffset="1667"/>
</Header>
<LocList>
<Loc EndOffset="1721" SrcFileId="2" StartOffset="1667"/>
</LocList>
<StmntSeq Intrnl_Id="571">
<LocList>
<Loc EndOffset="1717" SrcFileId="2" StartOffset="1705"/>
</LocList>
<BasicStmnt CovItemId="S9" CovItemPrefix="model.Tweet.java" Intrnl_Id="572">
<LocList>
<Loc EndOffset="1717" SrcFileId="2" StartOffset="1705"/>
</LocList>
</BasicStmnt>
</StmntSeq>
</HierarchyLvl>
<HierarchyLvl HierarchyLvlId="1471" HierarchyLvlTypeId="11" Intrnl_Id="573" Name="getLoginName">
<Header>
<Loc EndOffset="1844" SrcFileId="2" StartOffset="1810"/>
</Header>
<LocList>
<Loc EndOffset="1871" SrcFileId="2" StartOffset="1810"/>
</LocList>
<StmntSeq Intrnl_Id="574">
<LocList>
<Loc EndOffset="1867" SrcFileId="2" StartOffset="1850"/>
</LocList>
<BasicStmnt CovItemId="S10" CovItemPrefix="model.Tweet.java" Intrnl_Id="575">
<LocList>
<Loc EndOffset="1867" SrcFileId="2" StartOffset="1850"/>
</LocList>
</BasicStmnt>
</StmntSeq>
</HierarchyLvl>
<HierarchyLvl HierarchyLvlId="1472" HierarchyLvlTypeId="11" Intrnl_Id="576" Name="getDisplayName">
<Header>
<Loc EndOffset="2003" SrcFileId="2" StartOffset="1967"/>
</Header>
<LocList>
<Loc EndOffset="2032" SrcFileId="2" StartOffset="1967"/>
</LocList>
<StmntSeq Intrnl_Id="577">
<LocList>
<Loc EndOffset="2028" SrcFileId="2" StartOffset="2009"/>
</LocList>
<BasicStmnt CovItemId="S11" CovItemPrefix="model.Tweet.java" Intrnl_Id="578">
<LocList>
<Loc EndOffset="2028" SrcFileId="2" StartOffset="2009"/>
</LocList>
</BasicStmnt>
</StmntSeq>
</HierarchyLvl>
<HierarchyLvl HierarchyLvlId="1473" HierarchyLvlTypeId="11" Intrnl_Id="579" Name="getText">
<Header>
<Loc EndOffset="2146" SrcFileId="2" StartOffset="2117"/>
</Header>
<LocList>
<Loc EndOffset="2168" SrcFileId="2" StartOffset="2117"/>
</LocList>
<StmntSeq Intrnl_Id="580">
<LocList>
<Loc EndOffset="2164" SrcFileId="2" StartOffset="2152"/>
</LocList>
<BasicStmnt CovItemId="S12" CovItemPrefix="model.Tweet.java" Intrnl_Id="581">
<LocList>
<Loc EndOffset="2164" SrcFileId="2" StartOffset="2152"/>
</LocList>
</BasicStmnt>
</StmntSeq>
</HierarchyLvl>
<HierarchyLvl HierarchyLvlId="1474" HierarchyLvlTypeId="11" Intrnl_Id="582" Name="getFriendsCount">
<Header>
<Loc EndOffset="2299" SrcFileId="2" StartOffset="2265"/>
</Header>
<LocList>
<Loc EndOffset="2329" SrcFileId="2" StartOffset="2265"/>
</LocList>
<StmntSeq Intrnl_Id="583">
<LocList>
<Loc EndOffset="2325" SrcFileId="2" StartOffset="2305"/>
</LocList>
<BasicStmnt CovItemId="S13" CovItemPrefix="model.Tweet.java" Intrnl_Id="584">
<LocList>
<Loc EndOffset="2325" SrcFileId="2" StartOffset="2305"/>
</LocList>
</BasicStmnt>
</StmntSeq>
</HierarchyLvl>
<HierarchyLvl HierarchyLvlId="1475" HierarchyLvlTypeId="11" Intrnl_Id="585" Name="getFollowersCount">
<Header>
<Loc EndOffset="2468" SrcFileId="2" StartOffset="2432"/>
</Header>
<LocList>
<Loc EndOffset="2500" SrcFileId="2" StartOffset="2432"/>
</LocList>
<StmntSeq Intrnl_Id="586">
<LocList>
<Loc EndOffset="2496" SrcFileId="2" StartOffset="2474"/>
</LocList>
<BasicStmnt CovItemId="S14" CovItemPrefix="model.Tweet.java" Intrnl_Id="587">
<LocList>
<Loc EndOffset="2496" SrcFileId="2" StartOffset="2474"/>
</LocList>
</BasicStmnt>
</StmntSeq>
</HierarchyLvl>
<HierarchyLvl HierarchyLvlId="1476" HierarchyLvlTypeId="11" Intrnl_Id="588" Name="isFavorite">
<Header>
<Loc EndOffset="2542" SrcFileId="2" StartOffset="2503"/>
</Header>
<LocList>
<Loc EndOffset="2606" SrcFileId="2" StartOffset="2503"/>
</LocList>
<StmntSeq Intrnl_Id="589">
<LocList>
<Loc EndOffset="2602" SrcFileId="2" StartOffset="2586"/>
</LocList>
<BasicStmnt CovItemId="S15" CovItemPrefix="model.Tweet.java" Intrnl_Id="590">
<LocList>
<Loc EndOffset="2602" SrcFileId="2" StartOffset="2586"/>
</LocList>
</BasicStmnt>
</StmntSeq>
</HierarchyLvl>
</HierarchyLvl>
<HierarchyLvl HierarchyLvlId="1486" HierarchyLvlTypeId="13" Intrnl_Id="591" Name="MyTweet">
<Header>
<Loc EndOffset="192" SrcFileId="3" StartOffset="168"/>
</Header>
<LocList>
<Loc EndOffset="411" SrcFileId="3" StartOffset="168"/>
</LocList>
<HierarchyLvl HierarchyLvlId="1478" HierarchyLvlTypeId="11" Intrnl_Id="592" Name="getId">
<Header>
<Loc EndOffset="215" SrcFileId="3" StartOffset="197"/>
</Header>
<LocList>
<Loc EndOffset="216" SrcFileId="3" StartOffset="197"/>
</LocList>
</HierarchyLvl>
<HierarchyLvl HierarchyLvlId="1479" HierarchyLvlTypeId="11" Intrnl_Id="593" Name="getCreatedAt">
<Header>
<Loc EndOffset="241" SrcFileId="3" StartOffset="222"/>
</Header>
<LocList>
<Loc EndOffset="242" SrcFileId="3" StartOffset="222"/>
</LocList>
</HierarchyLvl>
<HierarchyLvl HierarchyLvlId="1480" HierarchyLvlTypeId="11" Intrnl_Id="594" Name="getLoginName">
<Header>
<Loc EndOffset="269" SrcFileId="3" StartOffset="248"/>
</Header>
<LocList>
<Loc EndOffset="270" SrcFileId="3" StartOffset="248"/>
</LocList>
</HierarchyLvl>
<HierarchyLvl HierarchyLvlId="1481" HierarchyLvlTypeId="11" Intrnl_Id="595" Name="getDisplayName">
<Header>
<Loc EndOffset="299" SrcFileId="3" StartOffset="276"/>
</Header>
<LocList>
<Loc EndOffset="300" SrcFileId="3" StartOffset="276"/>
</LocList>
</HierarchyLvl>
<HierarchyLvl HierarchyLvlId="1482" HierarchyLvlTypeId="11" Intrnl_Id="596" Name="getText">
<Header>
<Loc EndOffset="322" SrcFileId="3" StartOffset="306"/>
</Header>
<LocList>
<Loc EndOffset="323" SrcFileId="3" StartOffset="306"/>
</LocList>
</HierarchyLvl>
<HierarchyLvl HierarchyLvlId="1483" HierarchyLvlTypeId="11" Intrnl_Id="597" Name="getFriendsCount">
<Header>
<Loc EndOffset="350" SrcFileId="3" StartOffset="329"/>
</Header>
<LocList>
<Loc EndOffset="351" SrcFileId="3" StartOffset="329"/>
</LocList>
</HierarchyLvl>
<HierarchyLvl HierarchyLvlId="1484" HierarchyLvlTypeId="11" Intrnl_Id="598" Name="getFollowersCount">
<Header>
<Loc EndOffset="380" SrcFileId="3" StartOffset="357"/>
</Header>
<LocList>
<Loc EndOffset="381" SrcFileId="3" StartOffset="357"/>
</LocList>
</HierarchyLvl>
<HierarchyLvl HierarchyLvlId="1485" HierarchyLvlTypeId="11" Intrnl_Id="599" Name="isFavorite">
<Header>
<Loc EndOffset="407" SrcFileId="3" StartOffset="387"/>
</Header>
<LocList>
<Loc EndOffset="408" SrcFileId="3" StartOffset="387"/>
</LocList>
</HierarchyLvl>
</HierarchyLvl>
<HierarchyLvl HierarchyLvlId="1497" HierarchyLvlTypeId="10" Intrnl_Id="600" Name="FavoritesUtility">
<Header>
<Loc EndOffset="688" SrcFileId="4" StartOffset="659"/>
</Header>
<LocList>
<Loc EndOffset="4003" SrcFileId="4" StartOffset="659"/>
</LocList>
<HierarchyLvl HierarchyLvlId="1487" HierarchyLvlTypeId="11" Intrnl_Id="601" Name="FavoritesUtility">
<Header>
<Loc EndOffset="788" SrcFileId="4" StartOffset="763"/>
</Header>
<LocList>
<Loc EndOffset="837" SrcFileId="4" StartOffset="763"/>
</LocList>
<StmntSeq Intrnl_Id="602">
<LocList>
<Loc EndOffset="833" SrcFileId="4" StartOffset="794"/>
</LocList>
<BasicStmnt CovItemId="S1" CovItemPrefix="model.FavoritesUtility.java" Intrnl_Id="603">
<LocList>
<Loc EndOffset="833" SrcFileId="4" StartOffset="794"/>
</LocList>
</BasicStmnt>
</StmntSeq>
</HierarchyLvl>
<HierarchyLvl HierarchyLvlId="1488" HierarchyLvlTypeId="11" Intrnl_Id="604" Name="writeToFile">
<Header>
<Loc EndOffset="930" SrcFileId="4" StartOffset="842"/>
</Header>
<LocList>
<Loc EndOffset="1908" SrcFileId="4" StartOffset="842"/>
</LocList>
<StmntSeq Intrnl_Id="605">
<LocList>
<Loc EndOffset="1015" SrcFileId="4" StartOffset="936"/>
<Loc EndOffset="1080" SrcFileId="4" StartOffset="1019"/>
<Loc EndOffset="1146" SrcFileId="4" StartOffset="1106"/>
<Loc EndOffset="1203" SrcFileId="4" StartOffset="1150"/>
<Loc EndOffset="1236" SrcFileId="4" StartOffset="1207"/>
<Loc EndOffset="1303" SrcFileId="4" StartOffset="1262"/>
<Loc EndOffset="1337" SrcFileId="4" StartOffset="1307"/>
<Loc EndOffset="1417" SrcFileId="4" StartOffset="1379"/>
<Loc EndOffset="1444" SrcFileId="4" StartOffset="1421"/>
<Loc EndOffset="1476" SrcFileId="4" StartOffset="1448"/>
<Loc EndOffset="1599" SrcFileId="4" StartOffset="1520"/>
<Loc EndOffset="1665" SrcFileId="4" StartOffset="1603"/>
<Loc EndOffset="1707" SrcFileId="4" StartOffset="1669"/>
<Loc EndOffset="1818" SrcFileId="4" StartOffset="1711"/>
<Loc EndOffset="1862" SrcFileId="4" StartOffset="1824"/>
<Loc EndOffset="1902" SrcFileId="4" StartOffset="1868"/>
</LocList>
<BasicStmnt CovItemId="S2" CovItemPrefix="model.FavoritesUtility.java" Intrnl_Id="606">
<LocList>
<Loc EndOffset="1015" SrcFileId="4" StartOffset="936"/>
</LocList>
</BasicStmnt>
<BasicStmnt CovItemId="S3" CovItemPrefix="model.FavoritesUtility.java" Intrnl_Id="607">
<LocList>
<Loc EndOffset="1080" SrcFileId="4" StartOffset="1019"/>
</LocList>
</BasicStmnt>
<BasicStmnt CovItemId="S4" CovItemPrefix="model.FavoritesUtility.java" Intrnl_Id="608">
<LocList>
<Loc EndOffset="1146" SrcFileId="4" StartOffset="1106"/>
</LocList>
</BasicStmnt>
<BasicStmnt CovItemId="S5" CovItemPrefix="model.FavoritesUtility.java" Intrnl_Id="609">
<LocList>
<Loc EndOffset="1203" SrcFileId="4" StartOffset="1150"/>
</LocList>
</BasicStmnt>
<BasicStmnt CovItemId="S6" CovItemPrefix="model.FavoritesUtility.java" Intrnl_Id="610">
<LocList>
<Loc EndOffset="1236" SrcFileId="4" StartOffset="1207"/>
</LocList>
</BasicStmnt>
<BasicStmnt CovItemId="S7" CovItemPrefix="model.FavoritesUtility.java" Intrnl_Id="611">
<LocList>
<Loc EndOffset="1303" SrcFileId="4" StartOffset="1262"/>
</LocList>
</BasicStmnt>
<BasicStmnt CovItemId="S8" CovItemPrefix="model.FavoritesUtility.java" Intrnl_Id="612">
<LocList>
<Loc EndOffset="1337" SrcFileId="4" StartOffset="1307"/>
</LocList>
</BasicStmnt>
<BasicStmnt CovItemId="S9" CovItemPrefix="model.FavoritesUtility.java" Intrnl_Id="613">
<LocList>
<Loc EndOffset="1417" SrcFileId="4" StartOffset="1379"/>
</LocList>
</BasicStmnt>
<BasicStmnt CovItemId="S10" CovItemPrefix="model.FavoritesUtility.java" Intrnl_Id="614">
<LocList>
<Loc EndOffset="1444" SrcFileId="4" StartOffset="1421"/>
</LocList>
</BasicStmnt>
<BasicStmnt CovItemId="S11" CovItemPrefix="model.FavoritesUtility.java" Intrnl_Id="615">
<LocList>
<Loc EndOffset="1476" SrcFileId="4" StartOffset="1448"/>
</LocList>
</BasicStmnt>
<BasicStmnt CovItemId="S12" CovItemPrefix="model.FavoritesUtility.java" Intrnl_Id="616">
<LocList>
<Loc EndOffset="1599" SrcFileId="4" StartOffset="1520"/>
</LocList>
</BasicStmnt>
<BasicStmnt CovItemId="S13" CovItemPrefix="model.FavoritesUtility.java" Intrnl_Id="617">
<LocList>
<Loc EndOffset="1665" SrcFileId="4" StartOffset="1603"/>
</LocList>
</BasicStmnt>
<BasicStmnt CovItemId="S14" CovItemPrefix="model.FavoritesUtility.java" Intrnl_Id="618">
<LocList>
<Loc EndOffset="1707" SrcFileId="4" StartOffset="1669"/>
</LocList>
</BasicStmnt>
<BasicStmnt CovItemId="S15" CovItemPrefix="model.FavoritesUtility.java" Intrnl_Id="619">
<LocList>
<Loc EndOffset="1818" SrcFileId="4" StartOffset="1711"/>
</LocList>
</BasicStmnt>
<BasicStmnt CovItemId="S16" CovItemPrefix="model.FavoritesUtility.java" Intrnl_Id="620">
<LocList>
<Loc EndOffset="1862" SrcFileId="4" StartOffset="1824"/>
</LocList>
</BasicStmnt>
<BasicStmnt CovItemId="S17" CovItemPrefix="model.FavoritesUtility.java" Intrnl_Id="621">
<LocList>
<Loc EndOffset="1902" SrcFileId="4" StartOffset="1868"/>
</LocList>
</BasicStmnt>
</StmntSeq>
</HierarchyLvl>
<HierarchyLvl HierarchyLvlId="1489" HierarchyLvlTypeId="11" Intrnl_Id="622" Name="readFromFile">
<Header>
<Loc EndOffset="2028" SrcFileId="4" StartOffset="1913"/>
</Header>
<LocList>
<Loc EndOffset="2882" SrcFileId="4" StartOffset="1913"/>
</LocList>
<StmntSeq Intrnl_Id="623">
<LocList>
<Loc EndOffset="2114" SrcFileId="4" StartOffset="2034"/>
<Loc EndOffset="2137" SrcFileId="4" StartOffset="2118"/>
<Loc EndOffset="2878" SrcFileId="4" StartOffset="2141"/>
</LocList>
<BasicStmnt CovItemId="S18" CovItemPrefix="model.FavoritesUtility.java" Intrnl_Id="624">
<LocList>
<Loc EndOffset="2114" SrcFileId="4" StartOffset="2034"/>
</LocList>
</BasicStmnt>
<BasicStmnt CovItemId="S19" CovItemPrefix="model.FavoritesUtility.java" Intrnl_Id="625">
<LocList>
<Loc EndOffset="2137" SrcFileId="4" StartOffset="2118"/>
</LocList>
</BasicStmnt>
<CondStmnt CovItemId="S20" CovItemPrefix="model.FavoritesUtility.java" Intrnl_Id="626">
<Branch CovItemId="B1" CovItemPrefix="model.FavoritesUtility.java" Implct="false" Intrnl_Id="627">
<Cond/>
<LocList>
<Loc EndOffset="2878" SrcFileId="4" StartOffset="2164"/>
</LocList>
<StmntSeq Intrnl_Id="628">
<LocList>
<Loc EndOffset="2249" SrcFileId="4" StartOffset="2170"/>
<Loc EndOffset="2312" SrcFileId="4" StartOffset="2254"/>
<Loc EndOffset="2357" SrcFileId="4" StartOffset="2317"/>
<Loc EndOffset="2401" SrcFileId="4" StartOffset="2364"/>
<Loc EndOffset="2490" SrcFileId="4" StartOffset="2406"/>
<Loc EndOffset="2548" SrcFileId="4" StartOffset="2497"/>
<Loc EndOffset="2606" SrcFileId="4" StartOffset="2555"/>
<Loc EndOffset="2873" SrcFileId="4" StartOffset="2613"/>
</LocList>
<BasicStmnt CovItemId="S21" CovItemPrefix="model.FavoritesUtility.java" Intrnl_Id="629">
<LocList>
<Loc EndOffset="2249" SrcFileId="4" StartOffset="2170"/>
</LocList>
</BasicStmnt>
<BasicStmnt CovItemId="S22" CovItemPrefix="model.FavoritesUtility.java" Intrnl_Id="630">
<LocList>
<Loc EndOffset="2312" SrcFileId="4" StartOffset="2254"/>
</LocList>
</BasicStmnt>
<BasicStmnt CovItemId="S23" CovItemPrefix="model.FavoritesUtility.java" Intrnl_Id="631">
<LocList>
<Loc EndOffset="2357" SrcFileId="4" StartOffset="2317"/>
</LocList>
</BasicStmnt>
<BasicStmnt CovItemId="S24" CovItemPrefix="model.FavoritesUtility.java" Intrnl_Id="632">
<LocList>
<Loc EndOffset="2401" SrcFileId="4" StartOffset="2364"/>
</LocList>
</BasicStmnt>
<BasicStmnt CovItemId="S25" CovItemPrefix="model.FavoritesUtility.java" Intrnl_Id="633">
<LocList>
<Loc EndOffset="2490" SrcFileId="4" StartOffset="2406"/>
</LocList>
</BasicStmnt>
<BasicStmnt CovItemId="S26" CovItemPrefix="model.FavoritesUtility.java" Intrnl_Id="634">
<LocList>
<Loc EndOffset="2548" SrcFileId="4" StartOffset="2497"/>
</LocList>
</BasicStmnt>
<BasicStmnt CovItemId="S27" CovItemPrefix="model.FavoritesUtility.java" Intrnl_Id="635">
<LocList>
<Loc EndOffset="2606" SrcFileId="4" StartOffset="2555"/>
</LocList>
</BasicStmnt>
<LoopStmnt CovItemId="S28" CovItemPrefix="model.FavoritesUtility.java" Intrnl_Id="636" MltplExecId="L1-2" MltplExecPrefix="model.FavoritesUtility.java" NvrExecId="L1-0" NvrExecPrefix="model.FavoritesUtility.java" OnceExecutedId="L1-1" OnceExecutedPrefix="model.FavoritesUtility.java" OptBodyExec="true">
<StmntSeq Intrnl_Id="637">
<LocList>
<Loc EndOffset="2705" SrcFileId="4" StartOffset="2675"/>
<Loc EndOffset="2867" SrcFileId="4" StartOffset="2713"/>
</LocList>
<BasicStmnt CovItemId="S29" CovItemPrefix="model.FavoritesUtility.java" Intrnl_Id="638">
<LocList>
<Loc EndOffset="2705" SrcFileId="4" StartOffset="2675"/>
</LocList>
</BasicStmnt>
<CondStmnt CovItemId="S30" CovItemPrefix="model.FavoritesUtility.java" Intrnl_Id="639">
<Branch CovItemId="B3" CovItemPrefix="model.FavoritesUtility.java" Implct="false" Intrnl_Id="640">
<Cond/>
<LocList>
<Loc EndOffset="2867" SrcFileId="4" StartOffset="2759"/>
</LocList>
<StmntSeq Intrnl_Id="641">
<LocList>
<Loc EndOffset="2804" SrcFileId="4" StartOffset="2769"/>
<Loc EndOffset="2858" SrcFileId="4" StartOffset="2813"/>
</LocList>
<BasicStmnt CovItemId="S31" CovItemPrefix="model.FavoritesUtility.java" Intrnl_Id="642">
<LocList>
<Loc EndOffset="2804" SrcFileId="4" StartOffset="2769"/>
</LocList>
</BasicStmnt>
<BasicStmnt CovItemId="S32" CovItemPrefix="model.FavoritesUtility.java" Intrnl_Id="643">
<LocList>
<Loc EndOffset="2858" SrcFileId="4" StartOffset="2813"/>
</LocList>
</BasicStmnt>
</StmntSeq>
</Branch>
<Branch CovItemId="B4" CovItemPrefix="model.FavoritesUtility.java" Implct="true" Intrnl_Id="644">
<Cond/>
<LocList/>
<StmntSeq Intrnl_Id="645">
<LocList/>
</StmntSeq>
</Branch>
<Keyword EndOffset="2715" SrcFileId="4" StartOffset="2713"/>
<LocList>
<Loc EndOffset="2867" SrcFileId="4" StartOffset="2713"/>
</LocList>
<RootTerm CovItemId="C3" CovItemPrefix="model.FavoritesUtility.java" Intrnl_Id="646">
<BasicBoolTerm Intrnl_Id="647">
<LocList>
<Loc EndOffset="2757" SrcFileId="4" StartOffset="2717"/>
</LocList>
</BasicBoolTerm>
</RootTerm>
</CondStmnt>
</StmntSeq>
<Keyword EndOffset="2616" SrcFileId="4" StartOffset="2613"/>
<LocList>
<Loc EndOffset="2873" SrcFileId="4" StartOffset="2613"/>
</LocList>
<RootTerm CovItemId="C2" CovItemPrefix="model.FavoritesUtility.java" Intrnl_Id="648">
<BasicBoolTerm Intrnl_Id="649">
<LocList>
<Loc EndOffset="2656" SrcFileId="4" StartOffset="2632"/>
</LocList>
</BasicBoolTerm>
</RootTerm>
</LoopStmnt>
</StmntSeq>
</Branch>
<Branch CovItemId="B2" CovItemPrefix="model.FavoritesUtility.java" Implct="true" Intrnl_Id="650">
<Cond/>
<LocList/>
<StmntSeq Intrnl_Id="651">
<LocList/>
</StmntSeq>
</Branch>
<Keyword EndOffset="2143" SrcFileId="4" StartOffset="2141"/>
<LocList>
<Loc EndOffset="2878" SrcFileId="4" StartOffset="2141"/>
</LocList>
<RootTerm CovItemId="C1" CovItemPrefix="model.FavoritesUtility.java" Intrnl_Id="652">
<BasicBoolTerm Intrnl_Id="653">
<LocList>
<Loc EndOffset="2162" SrcFileId="4" StartOffset="2145"/>
</LocList>
</BasicBoolTerm>
</RootTerm>
</CondStmnt>
</StmntSeq>
</HierarchyLvl>
<HierarchyLvl HierarchyLvlId="1490" HierarchyLvlTypeId="11" Intrnl_Id="654" Name="saveFavorites">
<Header>
<Loc EndOffset="2920" SrcFileId="4" StartOffset="2887"/>
</Header>
<LocList>
<Loc EndOffset="3171" SrcFileId="4" StartOffset="2887"/>
</LocList>
<StmntSeq Intrnl_Id="655">
<LocList>
<Loc EndOffset="2950" SrcFileId="4" StartOffset="2936"/>
<Loc EndOffset="3167" SrcFileId="4" StartOffset="2926"/>
</LocList>
<BasicStmnt CovItemId="S34" CovItemPrefix="model.FavoritesUtility.java" Intrnl_Id="656">
<LocList>
<Loc EndOffset="2950" SrcFileId="4" StartOffset="2936"/>
</LocList>
</BasicStmnt>
<CondStmnt CovItemId="S33" CovItemPrefix="model.FavoritesUtility.java" Intrnl_Id="657">
<Branch CovItemId="B5" CovItemPrefix="model.FavoritesUtility.java" Implct="true" Intrnl_Id="658">
<Cond/>
<LocList/>
<StmntSeq Intrnl_Id="659">
<LocList/>
</StmntSeq>
</Branch>
<Branch CovItemId="B6" CovItemPrefix="model.FavoritesUtility.java" Implct="false" Intrnl_Id="660">
<Cond>
<Loc EndOffset="2994" SrcFileId="4" StartOffset="2956"/>
</Cond>
<LocList>
<Loc EndOffset="3065" SrcFileId="4" StartOffset="2995"/>
</LocList>
<StmntSeq Intrnl_Id="661">
<LocList>
<Loc EndOffset="3060" SrcFileId="4" StartOffset="3040"/>
</LocList>
<BasicStmnt CovItemId="S35" CovItemPrefix="model.FavoritesUtility.java" Intrnl_Id="662">
<LocList>
<Loc EndOffset="3060" SrcFileId="4" StartOffset="3040"/>
</LocList>
</BasicStmnt>
</StmntSeq>
</Branch>
<Branch CovItemId="B7" CovItemPrefix="model.FavoritesUtility.java" Implct="false" Intrnl_Id="663">
<Cond>
<Loc EndOffset="3096" SrcFileId="4" StartOffset="3066"/>
</Cond>
<LocList>
<Loc EndOffset="3167" SrcFileId="4" StartOffset="3097"/>
</LocList>
<StmntSeq Intrnl_Id="664">
<LocList>
<Loc EndOffset="3162" SrcFileId="4" StartOffset="3142"/>
</LocList>
<BasicStmnt CovItemId="S36" CovItemPrefix="model.FavoritesUtility.java" Intrnl_Id="665">
<LocList>
<Loc EndOffset="3162" SrcFileId="4" StartOffset="3142"/>
</LocList>
</BasicStmnt>
</StmntSeq>
</Branch>
<Keyword EndOffset="2929" SrcFileId="4" StartOffset="2926"/>
<LocList>
<Loc EndOffset="3167" SrcFileId="4" StartOffset="2926"/>
</LocList>
</CondStmnt>
</StmntSeq>
</HierarchyLvl>
<HierarchyLvl HierarchyLvlId="1491" HierarchyLvlTypeId="11" Intrnl_Id="666" Name="loadFavorites">
<Header>
<Loc EndOffset="3230" SrcFileId="4" StartOffset="3176"/>
</Header>
<LocList>
<Loc EndOffset="3575" SrcFileId="4" StartOffset="3176"/>
</LocList>
<StmntSeq Intrnl_Id="667">
<LocList>
<Loc EndOffset="3269" SrcFileId="4" StartOffset="3246"/>
<Loc EndOffset="3571" SrcFileId="4" StartOffset="3236"/>
</LocList>
<BasicStmnt CovItemId="S38" CovItemPrefix="model.FavoritesUtility.java" Intrnl_Id="668">
<LocList>
<Loc EndOffset="3269" SrcFileId="4" StartOffset="3246"/>
</LocList>
</BasicStmnt>
<CondStmnt CovItemId="S37" CovItemPrefix="model.FavoritesUtility.java" Intrnl_Id="669">
<Branch CovItemId="B8" CovItemPrefix="model.FavoritesUtility.java" Implct="true" Intrnl_Id="670">
<Cond/>
<LocList/>
<StmntSeq Intrnl_Id="671">
<LocList/>
</StmntSeq>
</Branch>
<Branch CovItemId="B9" CovItemPrefix="model.FavoritesUtility.java" Implct="false" Intrnl_Id="672">
<Cond>
<Loc EndOffset="3313" SrcFileId="4" StartOffset="3275"/>
</Cond>
<LocList>
<Loc EndOffset="3384" SrcFileId="4" StartOffset="3314"/>
</LocList>
<StmntSeq Intrnl_Id="673">
<LocList>
<Loc EndOffset="3379" SrcFileId="4" StartOffset="3359"/>
</LocList>
<BasicStmnt CovItemId="S39" CovItemPrefix="model.FavoritesUtility.java" Intrnl_Id="674">
<LocList>
<Loc EndOffset="3379" SrcFileId="4" StartOffset="3359"/>
</LocList>
</BasicStmnt>
</StmntSeq>
</Branch>
<Branch CovItemId="B10" CovItemPrefix="model.FavoritesUtility.java" Implct="false" Intrnl_Id="675">
<Cond>
<Loc EndOffset="3407" SrcFileId="4" StartOffset="3385"/>
</Cond>
<LocList>
<Loc EndOffset="3478" SrcFileId="4" StartOffset="3408"/>
</LocList>
<StmntSeq Intrnl_Id="676">
<LocList>
<Loc EndOffset="3473" SrcFileId="4" StartOffset="3453"/>
</LocList>
<BasicStmnt CovItemId="S40" CovItemPrefix="model.FavoritesUtility.java" Intrnl_Id="677">
<LocList>
<Loc EndOffset="3473" SrcFileId="4" StartOffset="3453"/>
</LocList>
</BasicStmnt>
</StmntSeq>
</Branch>
<Branch CovItemId="B11" CovItemPrefix="model.FavoritesUtility.java" Implct="false" Intrnl_Id="678">
<Cond>
<Loc EndOffset="3500" SrcFileId="4" StartOffset="3479"/>
</Cond>
<LocList>
<Loc EndOffset="3571" SrcFileId="4" StartOffset="3501"/>
</LocList>
<StmntSeq Intrnl_Id="679">
<LocList>
<Loc EndOffset="3566" SrcFileId="4" StartOffset="3546"/>
</LocList>
<BasicStmnt CovItemId="S41" CovItemPrefix="model.FavoritesUtility.java" Intrnl_Id="680">
<LocList>
<Loc EndOffset="3566" SrcFileId="4" StartOffset="3546"/>
</LocList>
</BasicStmnt>
</StmntSeq>
</Branch>
<Keyword EndOffset="3239" SrcFileId="4" StartOffset="3236"/>
<LocList>
<Loc EndOffset="3571" SrcFileId="4" StartOffset="3236"/>
</LocList>
</CondStmnt>
</StmntSeq>
</HierarchyLvl>
<HierarchyLvl HierarchyLvlId="1492" HierarchyLvlTypeId="11" Intrnl_Id="681" Name="addFavoriteUser">
<Header>
<Loc EndOffset="3632" SrcFileId="4" StartOffset="3580"/>
</Header>
<LocList>
<Loc EndOffset="3663" SrcFileId="4" StartOffset="3580"/>
</LocList>
<StmntSeq Intrnl_Id="682">
<LocList>
<Loc EndOffset="3659" SrcFileId="4" StartOffset="3638"/>
</LocList>
<BasicStmnt CovItemId="S42" CovItemPrefix="model.FavoritesUtility.java" Intrnl_Id="683">
<LocList>
<Loc EndOffset="3659" SrcFileId="4" StartOffset="3638"/>
</LocList>
</BasicStmnt>
</StmntSeq>
</HierarchyLvl>
<HierarchyLvl HierarchyLvlId="1493" HierarchyLvlTypeId="11" Intrnl_Id="684" Name="removeFavorite">
<Header>
<Loc EndOffset="3719" SrcFileId="4" StartOffset="3668"/>
</Header>
<LocList>
<Loc EndOffset="3753" SrcFileId="4" StartOffset="3668"/>
</LocList>
<StmntSeq Intrnl_Id="685">
<LocList>
<Loc EndOffset="3749" SrcFileId="4" StartOffset="3725"/>
</LocList>
<BasicStmnt CovItemId="S43" CovItemPrefix="model.FavoritesUtility.java" Intrnl_Id="686">
<LocList>
<Loc EndOffset="3749" SrcFileId="4" StartOffset="3725"/>
</LocList>
</BasicStmnt>
</StmntSeq>
</HierarchyLvl>
<HierarchyLvl HierarchyLvlId="1494" HierarchyLvlTypeId="11" Intrnl_Id="687" Name="getStringList">
<Header>
<Loc EndOffset="3804" SrcFileId="4" StartOffset="3758"/>
</Header>
<LocList>
<Loc EndOffset="3832" SrcFileId="4" StartOffset="3758"/>
</LocList>
<StmntSeq Intrnl_Id="688">
<LocList>
<Loc EndOffset="3828" SrcFileId="4" StartOffset="3810"/>
</LocList>
<BasicStmnt CovItemId="S44" CovItemPrefix="model.FavoritesUtility.java" Intrnl_Id="689">
<LocList>
<Loc EndOffset="3828" SrcFileId="4" StartOffset="3810"/>
</LocList>
</BasicStmnt>
</StmntSeq>
</HierarchyLvl>
<HierarchyLvl HierarchyLvlId="1495" HierarchyLvlTypeId="11" Intrnl_Id="690" Name="setStringList">
<Header>
<Loc EndOffset="3901" SrcFileId="4" StartOffset="3837"/>
</Header>
<LocList>
<Loc EndOffset="3937" SrcFileId="4" StartOffset="3837"/>
</LocList>
<StmntSeq Intrnl_Id="691">
<LocList>
<Loc EndOffset="3933" SrcFileId="4" StartOffset="3907"/>
</LocList>
<BasicStmnt CovItemId="S45" CovItemPrefix="model.FavoritesUtility.java" Intrnl_Id="692">
<LocList>
<Loc EndOffset="3933" SrcFileId="4" StartOffset="3907"/>
</LocList>
</BasicStmnt>
</StmntSeq>
</HierarchyLvl>
<HierarchyLvl HierarchyLvlId="1496" HierarchyLvlTypeId="11" Intrnl_Id="693" Name="clearList">
<Header>
<Loc EndOffset="3971" SrcFileId="4" StartOffset="3942"/>
</Header>
<LocList>
<Loc EndOffset="4000" SrcFileId="4" StartOffset="3942"/>
</LocList>
<StmntSeq Intrnl_Id="694">
<LocList>
<Loc EndOffset="3996" SrcFileId="4" StartOffset="3977"/>
</LocList>
<BasicStmnt CovItemId="S46" CovItemPrefix="model.FavoritesUtility.java" Intrnl_Id="695">
<LocList>
<Loc EndOffset="3996" SrcFileId="4" StartOffset="3977"/>
</LocList>
</BasicStmnt>
</StmntSeq>
</HierarchyLvl>
</HierarchyLvl>
</HierarchyLvl>
<HierarchyLvl HierarchyLvlId="1550" HierarchyLvlTypeId="9" Intrnl_Id="696" Name="engine">
<Header/>
<LocList/>
<HierarchyLvl HierarchyLvlId="1540" HierarchyLvlTypeId="10" Intrnl_Id="697" Name="TwitterEngine">
<Header>
<Loc EndOffset="501" SrcFileId="5" StartOffset="475"/>
</Header>
<LocList>
<Loc EndOffset="7131" SrcFileId="5" StartOffset="475"/>
</LocList>
<HierarchyLvl HierarchyLvlId="1498" HierarchyLvlTypeId="11" Intrnl_Id="698" Name="TwitterEngine">
<Header>
<Loc EndOffset="715" SrcFileId="5" StartOffset="669"/>
</Header>
<LocList>
<Loc EndOffset="749" SrcFileId="5" StartOffset="669"/>
</LocList>
<StmntSeq Intrnl_Id="699">
<LocList>
<Loc EndOffset="745" SrcFileId="5" StartOffset="721"/>
</LocList>
<BasicStmnt CovItemId="S1" CovItemPrefix="engine.TwitterEngine.java" Intrnl_Id="700">
<LocList>
<Loc EndOffset="745" SrcFileId="5" StartOffset="721"/>
</LocList>
</BasicStmnt>
</StmntSeq>
</HierarchyLvl>
<HierarchyLvl HierarchyLvlId="1499" HierarchyLvlTypeId="11" Intrnl_Id="701" Name="getModel">
<Header>
<Loc EndOffset="844" SrcFileId="5" StartOffset="811"/>
</Header>
<LocList>
<Loc EndOffset="867" SrcFileId="5" StartOffset="811"/>
</LocList>
<StmntSeq Intrnl_Id="702">
<LocList>
<Loc EndOffset="863" SrcFileId="5" StartOffset="850"/>
</LocList>
<BasicStmnt CovItemId="S2" CovItemPrefix="engine.TwitterEngine.java" Intrnl_Id="703">
<LocList>
<Loc EndOffset="863" SrcFileId="5" StartOffset="850"/>
</LocList>
</BasicStmnt>
</StmntSeq>
</HierarchyLvl>
<HierarchyLvl HierarchyLvlId="1500" HierarchyLvlTypeId="11" Intrnl_Id="704" Name="getStatus">
<Header>
<Loc EndOffset="1028" SrcFileId="5" StartOffset="978"/>
</Header>
<LocList>
<Loc EndOffset="1069" SrcFileId="5" StartOffset="978"/>
</LocList>
<StmntSeq Intrnl_Id="705">
<LocList>
<Loc EndOffset="1065" SrcFileId="5" StartOffset="1034"/>
</LocList>
<BasicStmnt CovItemId="S3" CovItemPrefix="engine.TwitterEngine.java" Intrnl_Id="706">
<LocList>
<Loc EndOffset="1065" SrcFileId="5" StartOffset="1034"/>
</LocList>
</BasicStmnt>
</StmntSeq>
</HierarchyLvl>
<HierarchyLvl HierarchyLvlId="1501" HierarchyLvlTypeId="11" Intrnl_Id="707" Name="getTimeline">
<Header>
<Loc EndOffset="1231" SrcFileId="5" StartOffset="1168"/>
</Header>
<LocList>
<Loc EndOffset="1272" SrcFileId="5" StartOffset="1168"/>
</LocList>
<StmntSeq Intrnl_Id="708">
<LocList>
<Loc EndOffset="1268" SrcFileId="5" StartOffset="1237"/>
</LocList>
<BasicStmnt CovItemId="S4" CovItemPrefix="engine.TwitterEngine.java" Intrnl_Id="709">
<LocList>
<Loc EndOffset="1268" SrcFileId="5" StartOffset="1237"/>
</LocList>
</BasicStmnt>
</StmntSeq>
</HierarchyLvl>
<HierarchyLvl HierarchyLvlId="1502" HierarchyLvlTypeId="11" Intrnl_Id="710" Name="addTweet">
<Header>
<Loc EndOffset="1840" SrcFileId="5" StartOffset="1660"/>
</Header>
<LocList>
<Loc EndOffset="1954" SrcFileId="5" StartOffset="1660"/>
</LocList>
<StmntSeq Intrnl_Id="711">
<LocList>
<Loc EndOffset="1933" SrcFileId="5" StartOffset="1846"/>
<Loc EndOffset="1950" SrcFileId="5" StartOffset="1937"/>
</LocList>
<BasicStmnt CovItemId="S5" CovItemPrefix="engine.TwitterEngine.java" Intrnl_Id="712">
<LocList>
<Loc EndOffset="1933" SrcFileId="5" StartOffset="1846"/>
</LocList>
</BasicStmnt>
<BasicStmnt CovItemId="S6" CovItemPrefix="engine.TwitterEngine.java" Intrnl_Id="713">
<LocList>
<Loc EndOffset="1950" SrcFileId="5" StartOffset="1937"/>
</LocList>
</BasicStmnt>
</StmntSeq>
</HierarchyLvl>
<HierarchyLvl HierarchyLvlId="1503" HierarchyLvlTypeId="11" Intrnl_Id="714" Name="login">
<Header>
<Loc EndOffset="2433" SrcFileId="5" StartOffset="2391"/>
</Header>
<LocList>
<Loc EndOffset="2466" SrcFileId="5" StartOffset="2391"/>
</LocList>
<StmntSeq Intrnl_Id="715">
<LocList>
<Loc EndOffset="2462" SrcFileId="5" StartOffset="2441"/>
</LocList>
<BasicStmnt CovItemId="S7" CovItemPrefix="engine.TwitterEngine.java" Intrnl_Id="716">
<LocList>
<Loc EndOffset="2462" SrcFileId="5" StartOffset="2441"/>
</LocList>
</BasicStmnt>
</StmntSeq>
</HierarchyLvl>
<HierarchyLvl HierarchyLvlId="1504" HierarchyLvlTypeId="11" Intrnl_Id="717" Name="logout">
<Header>
<Loc EndOffset="2497" SrcFileId="5" StartOffset="2471"/>
</Header>
<LocList>
<Loc EndOffset="2524" SrcFileId="5" StartOffset="2471"/>
</LocList>
<StmntSeq Intrnl_Id="718">
<LocList>
<Loc EndOffset="2520" SrcFileId="5" StartOffset="2505"/>
</LocList>
<BasicStmnt CovItemId="S8" CovItemPrefix="engine.TwitterEngine.java" Intrnl_Id="719">
<LocList>
<Loc EndOffset="2520" SrcFileId="5" StartOffset="2505"/>
</LocList>
</BasicStmnt>
</StmntSeq>
</HierarchyLvl>
<HierarchyLvl HierarchyLvlId="1505" HierarchyLvlTypeId="11" Intrnl_Id="720" Name="getArrayListSize">
<Header>
<Loc EndOffset="2663" SrcFileId="5" StartOffset="2628"/>
</Header>
<LocList>
<Loc EndOffset="2705" SrcFileId="5" StartOffset="2628"/>
</LocList>
<StmntSeq Intrnl_Id="721">
<LocList>
<Loc EndOffset="2701" SrcFileId="5" StartOffset="2669"/>
</LocList>
<BasicStmnt CovItemId="S9" CovItemPrefix="engine.TwitterEngine.java" Intrnl_Id="722">
<LocList>
<Loc EndOffset="2701" SrcFileId="5" StartOffset="2669"/>
</LocList>
</BasicStmnt>
</StmntSeq>
</HierarchyLvl>
<HierarchyLvl HierarchyLvlId="1506" HierarchyLvlTypeId="11" Intrnl_Id="723" Name="getDisplayStatis">
<Header>
<Loc EndOffset="2959" SrcFileId="5" StartOffset="2907"/>
</Header>
<LocList>
<Loc EndOffset="3032" SrcFileId="5" StartOffset="2907"/>
</LocList>
<StmntSeq Intrnl_Id="724">
<LocList>
<Loc EndOffset="2983" SrcFileId="5" StartOffset="2965"/>
<Loc EndOffset="3028" SrcFileId="5" StartOffset="2987"/>
</LocList>
<BasicStmnt CovItemId="S10" CovItemPrefix="engine.TwitterEngine.java" Intrnl_Id="725">
<LocList>
<Loc EndOffset="2983" SrcFileId="5" StartOffset="2965"/>
</LocList>
</BasicStmnt>
<BasicStmnt CovItemId="S11" CovItemPrefix="engine.TwitterEngine.java" Intrnl_Id="726">
<LocList>
<Loc EndOffset="3028" SrcFileId="5" StartOffset="2987"/>
</LocList>
</BasicStmnt>
</StmntSeq>
</HierarchyLvl>
<HierarchyLvl HierarchyLvlId="1507" HierarchyLvlTypeId="11" Intrnl_Id="727" Name="getWordSearch">
<Header>
<Loc EndOffset="3208" SrcFileId="5" StartOffset="3155"/>
</Header>
<LocList>
<Loc EndOffset="3247" SrcFileId="5" StartOffset="3155"/>
</LocList>
<StmntSeq Intrnl_Id="728">
<LocList>
<Loc EndOffset="3243" SrcFileId="5" StartOffset="3214"/>
</LocList>
<BasicStmnt CovItemId="S12" CovItemPrefix="engine.TwitterEngine.java" Intrnl_Id="729">
<LocList>
<Loc EndOffset="3243" SrcFileId="5" StartOffset="3214"/>
</LocList>
</BasicStmnt>
</StmntSeq>
</HierarchyLvl>
<HierarchyLvl HierarchyLvlId="1508" HierarchyLvlTypeId="11" Intrnl_Id="730" Name="getPhraseSearch">
<Header>
<Loc EndOffset="3471" SrcFileId="5" StartOffset="3395"/>
</Header>
<LocList>
<Loc EndOffset="3520" SrcFileId="5" StartOffset="3395"/>
</LocList>
<StmntSeq Intrnl_Id="731">
<LocList>
<Loc EndOffset="3516" SrcFileId="5" StartOffset="3477"/>
</LocList>
<BasicStmnt CovItemId="S13" CovItemPrefix="engine.TwitterEngine.java" Intrnl_Id="732">
<LocList>
<Loc EndOffset="3516" SrcFileId="5" StartOffset="3477"/>
</LocList>
</BasicStmnt>
</StmntSeq>
</HierarchyLvl>
<HierarchyLvl HierarchyLvlId="1509" HierarchyLvlTypeId="11" Intrnl_Id="733" Name="deleteTweet">
<Header>
<Loc EndOffset="3604" SrcFileId="5" StartOffset="3573"/>
</Header>
<LocList>
<Loc EndOffset="3634" SrcFileId="5" StartOffset="3573"/>
</LocList>
<StmntSeq Intrnl_Id="734">
<LocList>
<Loc EndOffset="3630" SrcFileId="5" StartOffset="3610"/>
</LocList>
<BasicStmnt CovItemId="S14" CovItemPrefix="engine.TwitterEngine.java" Intrnl_Id="735">
<LocList>
<Loc EndOffset="3630" SrcFileId="5" StartOffset="3610"/>
</LocList>
</BasicStmnt>
</StmntSeq>
</HierarchyLvl>
<HierarchyLvl HierarchyLvlId="1510" HierarchyLvlTypeId="11" Intrnl_Id="736" Name="deleteStatus">
<Header>
<Loc EndOffset="3778" SrcFileId="5" StartOffset="3715"/>
</Header>
<LocList>
<Loc EndOffset="3818" SrcFileId="5" StartOffset="3715"/>
</LocList>
<StmntSeq Intrnl_Id="737">
<LocList>
<Loc EndOffset="3814" SrcFileId="5" StartOffset="3784"/>
</LocList>
<BasicStmnt CovItemId="S15" CovItemPrefix="engine.TwitterEngine.java" Intrnl_Id="738">
<LocList>
<Loc EndOffset="3814" SrcFileId="5" StartOffset="3784"/>
</LocList>
</BasicStmnt>
</StmntSeq>
</HierarchyLvl>
<HierarchyLvl HierarchyLvlId="1511" HierarchyLvlTypeId="11" Intrnl_Id="739" Name="postStatus">
<Header>
<Loc EndOffset="4055" SrcFileId="5" StartOffset="3984"/>
</Header>
<LocList>
<Loc EndOffset="4090" SrcFileId="5" StartOffset="3984"/>
</LocList>
<StmntSeq Intrnl_Id="740">
<LocList>
<Loc EndOffset="4086" SrcFileId="5" StartOffset="4061"/>
</LocList>
<BasicStmnt CovItemId="S16" CovItemPrefix="engine.TwitterEngine.java" Intrnl_Id="741">
<LocList>
<Loc EndOffset="4086" SrcFileId="5" StartOffset="4061"/>
</LocList>
</BasicStmnt>
</StmntSeq>
</HierarchyLvl>
<HierarchyLvl HierarchyLvlId="1512" HierarchyLvlTypeId="11" Intrnl_Id="742" Name="getProfileImage">
<Header>
<Loc EndOffset="4209" SrcFileId="5" StartOffset="4095"/>
</Header>
<LocList>
<Loc EndOffset="4250" SrcFileId="5" StartOffset="4095"/>
</LocList>
<StmntSeq Intrnl_Id="743">
<LocList>
<Loc EndOffset="4246" SrcFileId="5" StartOffset="4215"/>
</LocList>
<BasicStmnt CovItemId="S17" CovItemPrefix="engine.TwitterEngine.java" Intrnl_Id="744">
<LocList>
<Loc EndOffset="4246" SrcFileId="5" StartOffset="4215"/>
</LocList>
</BasicStmnt>
</StmntSeq>
</HierarchyLvl>
<HierarchyLvl HierarchyLvlId="1513" HierarchyLvlTypeId="11" Intrnl_Id="745" Name="getRealName">
<Header>
<Loc EndOffset="4323" SrcFileId="5" StartOffset="4255"/>
</Header>
<LocList>
<Loc EndOffset="4366" SrcFileId="5" StartOffset="4255"/>
</LocList>
<StmntSeq Intrnl_Id="746">
<LocList>
<Loc EndOffset="4362" SrcFileId="5" StartOffset="4329"/>
</LocList>
<BasicStmnt CovItemId="S18" CovItemPrefix="engine.TwitterEngine.java" Intrnl_Id="747">
<LocList>
<Loc EndOffset="4362" SrcFileId="5" StartOffset="4329"/>
</LocList>
</BasicStmnt>
</StmntSeq>
</HierarchyLvl>
<HierarchyLvl HierarchyLvlId="1514" HierarchyLvlTypeId="11" Intrnl_Id="748" Name="getScreenName">
<Header>
<Loc EndOffset="4406" SrcFileId="5" StartOffset="4371"/>
</Header>
<LocList>
<Loc EndOffset="4445" SrcFileId="5" StartOffset="4371"/>
</LocList>
<StmntSeq Intrnl_Id="749">
<LocList>
<Loc EndOffset="4441" SrcFileId="5" StartOffset="4412"/>
</LocList>
<BasicStmnt CovItemId="S19" CovItemPrefix="engine.TwitterEngine.java" Intrnl_Id="750">
<LocList>
<Loc EndOffset="4441" SrcFileId="5" StartOffset="4412"/>
</LocList>
</BasicStmnt>
</StmntSeq>
</HierarchyLvl>
<HierarchyLvl HierarchyLvlId="1515" HierarchyLvlTypeId="11" Intrnl_Id="751" Name="getTweets">
<Header>
<Loc EndOffset="4478" SrcFileId="5" StartOffset="4450"/>
</Header>
<LocList>
<Loc EndOffset="4513" SrcFileId="5" StartOffset="4450"/>
</LocList>
<StmntSeq Intrnl_Id="752">
<LocList>
<Loc EndOffset="4509" SrcFileId="5" StartOffset="4484"/>
</LocList>
<BasicStmnt CovItemId="S20" CovItemPrefix="engine.TwitterEngine.java" Intrnl_Id="753">
<LocList>
<Loc EndOffset="4509" SrcFileId="5" StartOffset="4484"/>
</LocList>
</BasicStmnt>
</StmntSeq>
</HierarchyLvl>
<HierarchyLvl HierarchyLvlId="1516" HierarchyLvlTypeId="11" Intrnl_Id="754" Name="getFollowersCount">
<Header>
<Loc EndOffset="4554" SrcFileId="5" StartOffset="4518"/>
</Header>
<LocList>
<Loc EndOffset="4597" SrcFileId="5" StartOffset="4518"/>
</LocList>
<StmntSeq Intrnl_Id="755">
<LocList>
<Loc EndOffset="4593" SrcFileId="5" StartOffset="4560"/>
</LocList>
<BasicStmnt CovItemId="S21" CovItemPrefix="engine.TwitterEngine.java" Intrnl_Id="756">
<LocList>
<Loc EndOffset="4593" SrcFileId="5" StartOffset="4560"/>
</LocList>
</BasicStmnt>
</StmntSeq>
</HierarchyLvl>
<HierarchyLvl HierarchyLvlId="1517" HierarchyLvlTypeId="11" Intrnl_Id="757" Name="getFollowingCount">
<Header>
<Loc EndOffset="4638" SrcFileId="5" StartOffset="4602"/>
</Header>
<LocList>
<Loc EndOffset="4681" SrcFileId="5" StartOffset="4602"/>
</LocList>
<StmntSeq Intrnl_Id="758">
<LocList>
<Loc EndOffset="4677" SrcFileId="5" StartOffset="4644"/>
</LocList>
<BasicStmnt CovItemId="S22" CovItemPrefix="engine.TwitterEngine.java" Intrnl_Id="759">
<LocList>
<Loc EndOffset="4677" SrcFileId="5" StartOffset="4644"/>
</LocList>
</BasicStmnt>
</StmntSeq>
</HierarchyLvl>
<HierarchyLvl HierarchyLvlId="1518" HierarchyLvlTypeId="11" Intrnl_Id="760" Name="getRateLimit">
<Header>
<Loc EndOffset="4717" SrcFileId="5" StartOffset="4686"/>
</Header>
<LocList>
<Loc EndOffset="4755" SrcFileId="5" StartOffset="4686"/>
</LocList>
<StmntSeq Intrnl_Id="761">
<LocList>
<Loc EndOffset="4751" SrcFileId="5" StartOffset="4723"/>
</LocList>
<BasicStmnt CovItemId="S23" CovItemPrefix="engine.TwitterEngine.java" Intrnl_Id="762">
<LocList>
<Loc EndOffset="4751" SrcFileId="5" StartOffset="4723"/>
</LocList>
</BasicStmnt>
</StmntSeq>
</HierarchyLvl>
<HierarchyLvl HierarchyLvlId="1519" HierarchyLvlTypeId="11" Intrnl_Id="763" Name="getRateLimitRemaining">
<Header>
<Loc EndOffset="4800" SrcFileId="5" StartOffset="4760"/>
</Header>
<LocList>
<Loc EndOffset="4843" SrcFileId="5" StartOffset="4760"/>
</LocList>
<StmntSeq Intrnl_Id="764">
<LocList>
<Loc EndOffset="4839" SrcFileId="5" StartOffset="4806"/>
</LocList>
<BasicStmnt CovItemId="S24" CovItemPrefix="engine.TwitterEngine.java" Intrnl_Id="765">
<LocList>
<Loc EndOffset="4839" SrcFileId="5" StartOffset="4806"/>
</LocList>
</BasicStmnt>
</StmntSeq>
</HierarchyLvl>
<HierarchyLvl HierarchyLvlId="1520" HierarchyLvlTypeId="11" Intrnl_Id="766" Name="getFavoriteStatus">
<Header>
<Loc EndOffset="4888" SrcFileId="5" StartOffset="4848"/>
</Header>
<LocList>
<Loc EndOffset="4931" SrcFileId="5" StartOffset="4848"/>
</LocList>
<StmntSeq Intrnl_Id="767">
<LocList>
<Loc EndOffset="4927" SrcFileId="5" StartOffset="4894"/>
</LocList>
<BasicStmnt CovItemId="S25" CovItemPrefix="engine.TwitterEngine.java" Intrnl_Id="768">
<LocList>
<Loc EndOffset="4927" SrcFileId="5" StartOffset="4894"/>
</LocList>
</BasicStmnt>
</StmntSeq>
</HierarchyLvl>
<HierarchyLvl HierarchyLvlId="1521" HierarchyLvlTypeId="11" Intrnl_Id="769" Name="addFavorite">
<Header>
<Loc EndOffset="4967" SrcFileId="5" StartOffset="4936"/>
</Header>
<LocList>
<Loc EndOffset="5006" SrcFileId="5" StartOffset="4936"/>
</LocList>
<StmntSeq Intrnl_Id="770">
<LocList>
<Loc EndOffset="5002" SrcFileId="5" StartOffset="4973"/>
</LocList>
<BasicStmnt CovItemId="S26" CovItemPrefix="engine.TwitterEngine.java" Intrnl_Id="771">
<LocList>
<Loc EndOffset="5002" SrcFileId="5" StartOffset="4973"/>
</LocList>
</BasicStmnt>
</StmntSeq>
</HierarchyLvl>
<HierarchyLvl HierarchyLvlId="1522" HierarchyLvlTypeId="11" Intrnl_Id="772" Name="removeFavorite">
<Header>
<Loc EndOffset="5045" SrcFileId="5" StartOffset="5011"/>
</Header>
<LocList>
<Loc EndOffset="5087" SrcFileId="5" StartOffset="5011"/>
</LocList>
<StmntSeq Intrnl_Id="773">
<LocList>
<Loc EndOffset="5083" SrcFileId="5" StartOffset="5051"/>
</LocList>
<BasicStmnt CovItemId="S27" CovItemPrefix="engine.TwitterEngine.java" Intrnl_Id="774">
<LocList>
<Loc EndOffset="5083" SrcFileId="5" StartOffset="5051"/>
</LocList>
</BasicStmnt>
</StmntSeq>
</HierarchyLvl>
<HierarchyLvl HierarchyLvlId="1523" HierarchyLvlTypeId="11" Intrnl_Id="775" Name="getFavoriteTweets">
<Header>
<Loc EndOffset="5155" SrcFileId="5" StartOffset="5092"/>
</Header>
<LocList>
<Loc EndOffset="5198" SrcFileId="5" StartOffset="5092"/>
</LocList>
<StmntSeq Intrnl_Id="776">
<LocList>
<Loc EndOffset="5194" SrcFileId="5" StartOffset="5161"/>
</LocList>
<BasicStmnt CovItemId="S28" CovItemPrefix="engine.TwitterEngine.java" Intrnl_Id="777">
<LocList>
<Loc EndOffset="5194" SrcFileId="5" StartOffset="5161"/>
</LocList>
</BasicStmnt>
</StmntSeq>
</HierarchyLvl>
<HierarchyLvl HierarchyLvlId="1524" HierarchyLvlTypeId="11" Intrnl_Id="778" Name="getAccountSettings">
<Header>
<Loc EndOffset="5270" SrcFileId="5" StartOffset="5203"/>
</Header>
<LocList>
<Loc EndOffset="5314" SrcFileId="5" StartOffset="5203"/>
</LocList>
<StmntSeq Intrnl_Id="779">
<LocList>
<Loc EndOffset="5310" SrcFileId="5" StartOffset="5276"/>
</LocList>
<BasicStmnt CovItemId="S29" CovItemPrefix="engine.TwitterEngine.java" Intrnl_Id="780">
<LocList>
<Loc EndOffset="5310" SrcFileId="5" StartOffset="5276"/>
</LocList>
</BasicStmnt>
</StmntSeq>
</HierarchyLvl>
<HierarchyLvl HierarchyLvlId="1525" HierarchyLvlTypeId="11" Intrnl_Id="781" Name="getMyTweets">
<Header>
<Loc EndOffset="5376" SrcFileId="5" StartOffset="5319"/>
</Header>
<LocList>
<Loc EndOffset="5413" SrcFileId="5" StartOffset="5319"/>
</LocList>
<StmntSeq Intrnl_Id="782">
<LocList>
<Loc EndOffset="5409" SrcFileId="5" StartOffset="5382"/>
</LocList>
<BasicStmnt CovItemId="S30" CovItemPrefix="engine.TwitterEngine.java" Intrnl_Id="783">
<LocList>
<Loc EndOffset="5409" SrcFileId="5" StartOffset="5382"/>
</LocList>
</BasicStmnt>
</StmntSeq>
</HierarchyLvl>
<HierarchyLvl HierarchyLvlId="1526" HierarchyLvlTypeId="11" Intrnl_Id="784" Name="favoriteTweet">
<Header>
<Loc EndOffset="5510" SrcFileId="5" StartOffset="5418"/>
</Header>
<LocList>
<Loc EndOffset="5551" SrcFileId="5" StartOffset="5418"/>
</LocList>
<StmntSeq Intrnl_Id="785">
<LocList>
<Loc EndOffset="5547" SrcFileId="5" StartOffset="5516"/>
</LocList>
<BasicStmnt CovItemId="S31" CovItemPrefix="engine.TwitterEngine.java" Intrnl_Id="786">
<LocList>
<Loc EndOffset="5547" SrcFileId="5" StartOffset="5516"/>
</LocList>
</BasicStmnt>
</StmntSeq>
</HierarchyLvl>
<HierarchyLvl HierarchyLvlId="1527" HierarchyLvlTypeId="11" Intrnl_Id="787" Name="getFriendsList">
<Header>
<Loc EndOffset="5625" SrcFileId="5" StartOffset="5556"/>
</Header>
<LocList>
<Loc EndOffset="5671" SrcFileId="5" StartOffset="5556"/>
</LocList>
<StmntSeq Intrnl_Id="788">
<LocList>
<Loc EndOffset="5667" SrcFileId="5" StartOffset="5631"/>
</LocList>
<BasicStmnt CovItemId="S32" CovItemPrefix="engine.TwitterEngine.java" Intrnl_Id="789">
<LocList>
<Loc EndOffset="5667" SrcFileId="5" StartOffset="5631"/>
</LocList>
</BasicStmnt>
</StmntSeq>
</HierarchyLvl>
<HierarchyLvl HierarchyLvlId="1528" HierarchyLvlTypeId="11" Intrnl_Id="790" Name="removefriend">
<Header>
<Loc EndOffset="5737" SrcFileId="5" StartOffset="5676"/>
</Header>
<LocList>
<Loc EndOffset="5774" SrcFileId="5" StartOffset="5676"/>
</LocList>
<StmntSeq Intrnl_Id="791">
<LocList>
<Loc EndOffset="5770" SrcFileId="5" StartOffset="5743"/>
</LocList>
<BasicStmnt CovItemId="S33" CovItemPrefix="engine.TwitterEngine.java" Intrnl_Id="792">
<LocList>
<Loc EndOffset="5770" SrcFileId="5" StartOffset="5743"/>
</LocList>
</BasicStmnt>
</StmntSeq>
</HierarchyLvl>
<HierarchyLvl HierarchyLvlId="1529" HierarchyLvlTypeId="11" Intrnl_Id="793" Name="getfriendsName">
<Header>
<Loc EndOffset="5844" SrcFileId="5" StartOffset="5779"/>
</Header>
<LocList>
<Loc EndOffset="5890" SrcFileId="5" StartOffset="5779"/>
</LocList>
<StmntSeq Intrnl_Id="794">
<LocList>
<Loc EndOffset="5886" SrcFileId="5" StartOffset="5850"/>
</LocList>
<BasicStmnt CovItemId="S34" CovItemPrefix="engine.TwitterEngine.java" Intrnl_Id="795">
<LocList>
<Loc EndOffset="5886" SrcFileId="5" StartOffset="5850"/>
</LocList>
</BasicStmnt>
</StmntSeq>
</HierarchyLvl>
<HierarchyLvl HierarchyLvlId="1530" HierarchyLvlTypeId="11" Intrnl_Id="796" Name="getfriendProfileImage">
<Header>
<Loc EndOffset="5997" SrcFileId="5" StartOffset="5895"/>
</Header>
<LocList>
<Loc EndOffset="6050" SrcFileId="5" StartOffset="5895"/>
</LocList>
<StmntSeq Intrnl_Id="797">
<LocList>
<Loc EndOffset="6046" SrcFileId="5" StartOffset="6003"/>
</LocList>
<BasicStmnt CovItemId="S35" CovItemPrefix="engine.TwitterEngine.java" Intrnl_Id="798">
<LocList>
<Loc EndOffset="6046" SrcFileId="5" StartOffset="6003"/>
</LocList>
</BasicStmnt>
</StmntSeq>
</HierarchyLvl>
<HierarchyLvl HierarchyLvlId="1531" HierarchyLvlTypeId="11" Intrnl_Id="799" Name="getfriendsTimeline">
<Header>
<Loc EndOffset="6135" SrcFileId="5" StartOffset="6055"/>
</Header>
<LocList>
<Loc EndOffset="6186" SrcFileId="5" StartOffset="6055"/>
</LocList>
<StmntSeq Intrnl_Id="800">
<LocList>
<Loc EndOffset="6182" SrcFileId="5" StartOffset="6141"/>
</LocList>
<BasicStmnt CovItemId="S36" CovItemPrefix="engine.TwitterEngine.java" Intrnl_Id="801">
<LocList>
<Loc EndOffset="6182" SrcFileId="5" StartOffset="6141"/>
</LocList>
</BasicStmnt>
</StmntSeq>
</HierarchyLvl>
<HierarchyLvl HierarchyLvlId="1532" HierarchyLvlTypeId="11" Intrnl_Id="802" Name="getFriendsFavoriteTweets">
<Header>
<Loc EndOffset="6276" SrcFileId="5" StartOffset="6191"/>
</Header>
<LocList>
<Loc EndOffset="6332" SrcFileId="5" StartOffset="6191"/>
</LocList>
<StmntSeq Intrnl_Id="803">
<LocList>
<Loc EndOffset="6328" SrcFileId="5" StartOffset="6282"/>
</LocList>
<BasicStmnt CovItemId="S37" CovItemPrefix="engine.TwitterEngine.java" Intrnl_Id="804">
<LocList>
<Loc EndOffset="6328" SrcFileId="5" StartOffset="6282"/>
</LocList>
</BasicStmnt>
</StmntSeq>
</HierarchyLvl>
<HierarchyLvl HierarchyLvlId="1533" HierarchyLvlTypeId="11" Intrnl_Id="805" Name="getuserid">
<Header>
<Loc EndOffset="6407" SrcFileId="5" StartOffset="6337"/>
</Header>
<LocList>
<Loc EndOffset="6442" SrcFileId="5" StartOffset="6337"/>
</LocList>
<StmntSeq Intrnl_Id="806">
<LocList>
<Loc EndOffset="6438" SrcFileId="5" StartOffset="6413"/>
</LocList>
<BasicStmnt CovItemId="S38" CovItemPrefix="engine.TwitterEngine.java" Intrnl_Id="807">
<LocList>
<Loc EndOffset="6438" SrcFileId="5" StartOffset="6413"/>
</LocList>
</BasicStmnt>
</StmntSeq>
</HierarchyLvl>
<HierarchyLvl HierarchyLvlId="1534" HierarchyLvlTypeId="11" Intrnl_Id="808" Name="CreateFriendship">
<Header>
<Loc EndOffset="6512" SrcFileId="5" StartOffset="6447"/>
</Header>
<LocList>
<Loc EndOffset="6553" SrcFileId="5" StartOffset="6447"/>
</LocList>
<StmntSeq Intrnl_Id="809">
<LocList>
<Loc EndOffset="6549" SrcFileId="5" StartOffset="6518"/>
</LocList>
<BasicStmnt CovItemId="S39" CovItemPrefix="engine.TwitterEngine.java" Intrnl_Id="810">
<LocList>
<Loc EndOffset="6549" SrcFileId="5" StartOffset="6518"/>
</LocList>
</BasicStmnt>
</StmntSeq>
</HierarchyLvl>
<HierarchyLvl HierarchyLvlId="1535" HierarchyLvlTypeId="11" Intrnl_Id="811" Name="sendDirectMessage">
<Header>
<Loc EndOffset="6644" SrcFileId="5" StartOffset="6558"/>
</Header>
<LocList>
<Loc EndOffset="6695" SrcFileId="5" StartOffset="6558"/>
</LocList>
<StmntSeq Intrnl_Id="812">
<LocList>
<Loc EndOffset="6691" SrcFileId="5" StartOffset="6650"/>
</LocList>
<BasicStmnt CovItemId="S40" CovItemPrefix="engine.TwitterEngine.java" Intrnl_Id="813">
<LocList>
<Loc EndOffset="6691" SrcFileId="5" StartOffset="6650"/>
</LocList>
</BasicStmnt>
</StmntSeq>
</HierarchyLvl>
<HierarchyLvl HierarchyLvlId="1536" HierarchyLvlTypeId="11" Intrnl_Id="814" Name="getTrendsLocations">
<Header>
<Loc EndOffset="6742" SrcFileId="5" StartOffset="6700"/>
</Header>
<LocList>
<Loc EndOffset="6790" SrcFileId="5" StartOffset="6700"/>
</LocList>
<StmntSeq Intrnl_Id="815">
<LocList>
<Loc EndOffset="6786" SrcFileId="5" StartOffset="6748"/>
</LocList>
<BasicStmnt CovItemId="S41" CovItemPrefix="engine.TwitterEngine.java" Intrnl_Id="816">
<LocList>
<Loc EndOffset="6786" SrcFileId="5" StartOffset="6748"/>
</LocList>
</BasicStmnt>
</StmntSeq>
</HierarchyLvl>
<HierarchyLvl HierarchyLvlId="1537" HierarchyLvlTypeId="11" Intrnl_Id="817" Name="getPlaceTrends">
<Header>
<Loc EndOffset="6846" SrcFileId="5" StartOffset="6795"/>
</Header>
<LocList>
<Loc EndOffset="6897" SrcFileId="5" StartOffset="6795"/>
</LocList>
<StmntSeq Intrnl_Id="818">
<LocList>
<Loc EndOffset="6893" SrcFileId="5" StartOffset="6852"/>
</LocList>
<BasicStmnt CovItemId="S42" CovItemPrefix="engine.TwitterEngine.java" Intrnl_Id="819">
<LocList>
<Loc EndOffset="6893" SrcFileId="5" StartOffset="6852"/>
</LocList>
</BasicStmnt>
</StmntSeq>
</HierarchyLvl>
<HierarchyLvl HierarchyLvlId="1538" HierarchyLvlTypeId="11" Intrnl_Id="820" Name="getDirectMessages">
<Header>
<Loc EndOffset="6972" SrcFileId="5" StartOffset="6902"/>
</Header>
<LocList>
<Loc EndOffset="7015" SrcFileId="5" StartOffset="6902"/>
</LocList>
<StmntSeq Intrnl_Id="821">
<LocList>
<Loc EndOffset="7011" SrcFileId="5" StartOffset="6978"/>
</LocList>
<BasicStmnt CovItemId="S43" CovItemPrefix="engine.TwitterEngine.java" Intrnl_Id="822">
<LocList>
<Loc EndOffset="7011" SrcFileId="5" StartOffset="6978"/>
</LocList>
</BasicStmnt>
</StmntSeq>
</HierarchyLvl>
<HierarchyLvl HierarchyLvlId="1539" HierarchyLvlTypeId="11" Intrnl_Id="823" Name="deleteMessage">
<Header>
<Loc EndOffset="7085" SrcFileId="5" StartOffset="7020"/>
</Header>
<LocList>
<Loc EndOffset="7126" SrcFileId="5" StartOffset="7020"/>
</LocList>
<StmntSeq Intrnl_Id="824">
<LocList>
<Loc EndOffset="7122" SrcFileId="5" StartOffset="7091"/>
</LocList>
<BasicStmnt CovItemId="S44" CovItemPrefix="engine.TwitterEngine.java" Intrnl_Id="825">
<LocList>
<Loc EndOffset="7122" SrcFileId="5" StartOffset="7091"/>
</LocList>
</BasicStmnt>
</StmntSeq>
</HierarchyLvl>
</HierarchyLvl>
<HierarchyLvl HierarchyLvlId="1548" HierarchyLvlTypeId="13" Intrnl_Id="826" Name="ITweet">
<Header>
<Loc EndOffset="127" SrcFileId="6" StartOffset="104"/>
</Header>
<LocList>
<Loc EndOffset="313" SrcFileId="6" StartOffset="104"/>
</LocList>
<HierarchyLvl HierarchyLvlId="1541" HierarchyLvlTypeId="11" Intrnl_Id="827" Name="getCreatedAt">
<Header>
<Loc EndOffset="161" SrcFileId="6" StartOffset="132"/>
</Header>
<LocList>
<Loc EndOffset="162" SrcFileId="6" StartOffset="132"/>
</LocList>
</HierarchyLvl>
<HierarchyLvl HierarchyLvlId="1542" HierarchyLvlTypeId="11" Intrnl_Id="828" Name="getLoginName">
<Header>
<Loc EndOffset="186" SrcFileId="6" StartOffset="165"/>
</Header>
<LocList>
<Loc EndOffset="187" SrcFileId="6" StartOffset="165"/>
</LocList>
</HierarchyLvl>
<HierarchyLvl HierarchyLvlId="1543" HierarchyLvlTypeId="11" Intrnl_Id="829" Name="getDisplayName">
<Header>
<Loc EndOffset="213" SrcFileId="6" StartOffset="190"/>
</Header>
<LocList>
<Loc EndOffset="214" SrcFileId="6" StartOffset="190"/>
</LocList>
</HierarchyLvl>
<HierarchyLvl HierarchyLvlId="1544" HierarchyLvlTypeId="11" Intrnl_Id="830" Name="getText">
<Header>
<Loc EndOffset="233" SrcFileId="6" StartOffset="217"/>
</Header>
<LocList>
<Loc EndOffset="234" SrcFileId="6" StartOffset="217"/>
</LocList>
</HierarchyLvl>
<HierarchyLvl HierarchyLvlId="1545" HierarchyLvlTypeId="11" Intrnl_Id="831" Name="getFriendsCount">
<Header>
<Loc EndOffset="258" SrcFileId="6" StartOffset="237"/>
</Header>
<LocList>
<Loc EndOffset="259" SrcFileId="6" StartOffset="237"/>
</LocList>
</HierarchyLvl>
<HierarchyLvl HierarchyLvlId="1546" HierarchyLvlTypeId="11" Intrnl_Id="832" Name="getFollowersCount">
<Header>
<Loc EndOffset="285" SrcFileId="6" StartOffset="262"/>
</Header>
<LocList>
<Loc EndOffset="286" SrcFileId="6" StartOffset="262"/>
</LocList>
</HierarchyLvl>
<HierarchyLvl HierarchyLvlId="1547" HierarchyLvlTypeId="11" Intrnl_Id="833" Name="getFavorite">
<Header>
<Loc EndOffset="309" SrcFileId="6" StartOffset="289"/>
</Header>
<LocList>
<Loc EndOffset="310" SrcFileId="6" StartOffset="289"/>
</LocList>
</HierarchyLvl>
</HierarchyLvl>
</HierarchyLvl>
</HierarchyLvl>
</MASTRoot>
</TestSessionContainer>
